

adc.s

   1  000000  14d9              	adcb $-39,%al
   2  000002  80d1ad            	adcb $-83,%cl
   3  000005  14f7              	adcb $-9,%al
   4  000007  1430              	adcb $48,%al
   5  000009  80d230            	adcb $48,%dl
   6  00000c  81d1fcffffbf      	adcl $-1073741828,%ecx
   7  000012  15f4fffff7        	adcl $-134217740,%eax
   8  000017  81d1f4fffff7      	adcl $-134217740,%ecx
   9  00001d  83d1ef            	adcl $-17,%ecx
  10  000020  83d0e9            	adcl $-23,%eax
  11  000023  1580fffbff        	adcl $-262272,%eax
  12  000028  83d0e0            	adcl $-32,%eax
  13  00002b  81d2f7efffff      	adcl $-4105,%edx
  14  000031  15e7ffffdf        	adcl $-536870937,%eax
  15  000036  81d1e7ffffdf      	adcl $-536870937,%ecx
  16  00003c  81d1e2ffffdf      	adcl $-536870942,%ecx
  17  000042  83d2f7            	adcl $-9,%edx
  18  000045  83d664            	adcl $100,%esi
  19  000048  81d600001000      	adcl $1048576,%esi
  20  00004e  1539300000        	adcl $12345,%eax
  21  000053  15eeffff4b        	adcl $1275068398,%eax
  22  000058  81d3eeffff4b      	adcl $1275068398,%ebx
  23  00005e  81d1eeffff4b      	adcl $1275068398,%ecx
  24  000064  83d710            	adcl $16,%edi
  25  000067  15abffff5f        	adcl $1610612651,%eax
  26  00006c  81d36c070000      	adcl $1900,%ebx
  27  000072  83d002            	adcl $2,%eax
  28  000075  83d302            	adcl $2,%ebx
  29  000078  83d102            	adcl $2,%ecx
  30  00007b  83d602            	adcl $2,%esi
  31  00007e  4183d602          	adcl $2,%r14d
  32  000082  839520ffffff02    	adcl $2,-224(%rbp)
  33  000089  4181d5c8000000    	adcl $200,%r13d
  34  000090  15c3ffff7f        	adcl $2147483587,%eax
  35  000095  1518000098        	adcl $2550136856,%eax
  36  00009a  4181d518000098    	adcl $2550136856,%r13d
  37  0000a1  81d600010000      	adcl $256,%esi
  38  0000a7  83d103            	adcl $3,%ecx
  39  0000aa  81d62c010000      	adcl $300,%esi
  40  0000b0  83d01f            	adcl $31,%eax
  41  0000b3  83d620            	adcl $32,%esi
  42  0000b6  81d78f010000      	adcl $399,%edi
  43  0000bc  83d6fe            	adcl $4294967294,%esi
  44  0000bf  83d730            	adcl $48,%edi
  45  0000c2  4183d405          	adcl $5,%r12d
  46  0000c6  83d23f            	adcl $63,%edx
  47  0000c9  83d007            	adcl $7,%eax
  48  0000cc  83d008            	adcl $8,%eax
  49  0000cf  4183d508          	adcl $8,%r13d
  50  0000d3  4183d608          	adcl $8,%r14d
  51  0000d7  11c0              	adcl %eax,%eax
  52  0000d9  11c3              	adcl %eax,%ebx
  53  0000db  11c1              	adcl %eax,%ecx
  54  0000dd  11c2              	adcl %eax,%edx
  55  0000df  4111c4            	adcl %eax,%r12d
  56  0000e2  4111c5            	adcl %eax,%r13d
  57  0000e5  4111c6            	adcl %eax,%r14d
  58  0000e8  4111c1            	adcl %eax,%r9d
  59  0000eb  11d8              	adcl %ebx,%eax
  60  0000ed  11d9              	adcl %ebx,%ecx
  61  0000ef  11de              	adcl %ebx,%esi
  62  0000f1  11c8              	adcl %ecx,%eax
  63  0000f3  11c9              	adcl %ecx,%ecx
  64  0000f5  11ca              	adcl %ecx,%edx
  65  0000f7  4111cd            	adcl %ecx,%r13d
  66  0000fa  4111ce            	adcl %ecx,%r14d
  67  0000fd  114de8            	adcl %ecx,-24(%rbp)
  68  000100  11f8              	adcl %edi,%eax
  69  000102  4111fc            	adcl %edi,%r12d
  70  000105  11d0              	adcl %edx,%eax
  71  000107  11d1              	adcl %edx,%ecx
  72  000109  4111d4            	adcl %edx,%r12d
  73  00010c  11f1              	adcl %esi,%ecx
  74  00010e  4411e3            	adcl %r12d,%ebx
  75  000111  4411e1            	adcl %r12d,%ecx
  76  000114  4511e4            	adcl %r12d,%r12d
  77  000117  4411e8            	adcl %r13d,%eax
  78  00011a  4511ec            	adcl %r13d,%r12d
  79  00011d  4411f0            	adcl %r14d,%eax
  80  000120  4511f5            	adcl %r14d,%r13d
  81  000123  4511f6            	adcl %r14d,%r14d
  82  000126  4511fe            	adcl %r15d,%r14d
  83  000129  4511c4            	adcl %r8d,%r12d
  84  00012c  44114710          	adcl %r8d,16(%rdi)
  85  000130  1355f4            	adcl -12(%rbp),%edx
  86  000133  1345e8            	adcl -24(%rbp),%eax
  87  000136  1355fc            	adcl -4(%rbp),%edx
  88  000139  135dd4            	adcl -44(%rbp),%ebx
  89  00013c  134dd4            	adcl -44(%rbp),%ecx
  90  00013f  138de0fdffff      	adcl -544(%rbp),%ecx
  91  000145  135df8            	adcl -8(%rbp),%ebx
  92  000148  13420c            	adcl 12(%rdx),%eax
  93  00014b  44134714          	adcl 20(%rdi),%r8d
  94  00014f  13919c010000      	adcl 412(%rcx),%edx
  95  000155  41134c2408        	adcl 8(%r12),%ecx
  96  00015a  135808            	adcl 8(%rax),%ebx
  97  00015d  135008            	adcl 8(%rax),%edx
  98  000160  134a08            	adcl 8(%rdx),%ecx
  99  000163  4983d6fe          	adcq $-2,%r14
 100  000167  4883d6fe          	adcq $-2,%rsi
 101  00016b  4883d5e9          	adcq $-23,%rbp
 102  00016f  498317e8          	adcq $-24,(%r15)
 103  000173  4883d60b          	adcq $11,%rsi
 104  000177  4983d00c          	adcq $12,%r8
 105  00017b  4881d780000000    	adcq $128,%rdi
 106  000182  4881d680000000    	adcq $128,%rsi
 107  000189  4983d40d          	adcq $13,%r12
 108  00018d  4983d510          	adcq $16,%r13
 109  000191  4883d310          	adcq $16,%rbx
 110  000195  4883d710          	adcq $16,%rdi
 111  000199  4883d210          	adcq $16,%rdx
 112  00019d  4883d610          	adcq $16,%rsi
 113  0001a1  4883d410          	adcq $16,%rsp
 114  0001a5  4983d302          	adcq $2,%r11
 115  0001a9  4983d402          	adcq $2,%r12
 116  0001ad  4983d502          	adcq $2,%r13
 117  0001b1  4983d602          	adcq $2,%r14
 118  0001b5  4983d702          	adcq $2,%r15
 119  0001b9  4983d002          	adcq $2,%r8
 120  0001bd  4883d002          	adcq $2,%rax
 121  0001c1  4883d302          	adcq $2,%rbx
 122  0001c5  4883d102          	adcq $2,%rcx
 123  0001c9  4883d702          	adcq $2,%rdi
 124  0001cd  4883d202          	adcq $2,%rdx
 125  0001d1  4883d602          	adcq $2,%rsi
 126  0001d5  4883d014          	adcq $20,%rax
 127  0001d9  4883d614          	adcq $20,%rsi
 128  0001dd  4883d716          	adcq $22,%rdi
 129  0001e1  4983d418          	adcq $24,%r12
 130  0001e5  4983d618          	adcq $24,%r14
 131  0001e9  4983d018          	adcq $24,%r8
 132  0001ed  4883d018          	adcq $24,%rax
 133  0001f1  4883d318          	adcq $24,%rbx
 134  0001f5  4883d118          	adcq $24,%rcx
 135  0001f9  4883d718          	adcq $24,%rdi
 136  0001fd  4883d218          	adcq $24,%rdx
 137  000201  4883d418          	adcq $24,%rsp
 138  000205  49831718          	adcq $24,(%r15)
 139  000209  498354241018      	adcq $24,16(%r12)
 140  00020f  481500700000      	adcq $28672,%rax
 141  000215  4883d003          	adcq $3,%rax
 142  000219  4883d303          	adcq $3,%rbx
 143  00021d  4883d203          	adcq $3,%rdx
 144  000221  4883d01f          	adcq $31,%rax
 145  000225  4883d020          	adcq $32,%rax
 146  000229  4883d720          	adcq $32,%rdi
 147  00022d  4883d420          	adcq $32,%rsp
 148  000231  481500800000      	adcq $32768,%rax
 149  000237  4983d204          	adcq $4,%r10
 150  00023b  4983d304          	adcq $4,%r11
 151  00023f  4983d604          	adcq $4,%r14
 152  000243  4983d004          	adcq $4,%r8
 153  000247  4883d304          	adcq $4,%rbx
 154  00024b  4883d104          	adcq $4,%rcx
 155  00024f  4883d704          	adcq $4,%rdi
 156  000253  4883d204          	adcq $4,%rdx
 157  000257  4883d604          	adcq $4,%rsi
 158  00025b  4883d128          	adcq $40,%rcx
 159  00025f  4883d728          	adcq $40,%rdi
 160  000263  4883d428          	adcq $40,%rsp
 161  000267  4881d100100000    	adcq $4096,%rcx
 162  00026e  4883d030          	adcq $48,%rax
 163  000272  4883d330          	adcq $48,%rbx
 164  000276  4883d230          	adcq $48,%rdx
 165  00027a  4883d430          	adcq $48,%rsp
 166  00027e  4881d610020000    	adcq $528,%rsi
 167  000285  4883d738          	adcq $56,%rdi
 168  000289  4883d438          	adcq $56,%rsp
 169  00028d  4881d260020000    	adcq $608,%rdx
 170  000294  4881d7a8020000    	adcq $680,%rdi
 171  00029b  481500030000      	adcq $768,%rax
 172  0002a1  4983d508          	adcq $8,%r13
 173  0002a5  4983d608          	adcq $8,%r14
 174  0002a9  4983d008          	adcq $8,%r8
 175  0002ad  4883d008          	adcq $8,%rax
 176  0002b1  4883d308          	adcq $8,%rbx
 177  0002b5  4883d108          	adcq $8,%rcx
 178  0002b9  4883d708          	adcq $8,%rdi
 179  0002bd  4883d208          	adcq $8,%rdx
 180  0002c1  4883d608          	adcq $8,%rsi
 181  0002c5  4883d408          	adcq $8,%rsp
 182  0002c9  4983d609          	adcq $9,%r14
 183  0002cd  4883d009          	adcq $9,%rax
 184  0002d1  4883d109          	adcq $9,%rcx
 185  0002d5  4883d709          	adcq $9,%rdi
 186  0002d9  4c11d7            	adcq %r10,%rdi
 187  0002dc  4d11e5            	adcq %r12,%r13
 188  0002df  4d11e6            	adcq %r12,%r14
 189  0002e2  4c11e0            	adcq %r12,%rax
 190  0002e5  4c11e7            	adcq %r12,%rdi
 191  0002e8  4c11e2            	adcq %r12,%rdx
 192  0002eb  4c11e6            	adcq %r12,%rsi
 193  0002ee  4c1165e0          	adcq %r12,-32(%rbp)
 194  0002f2  4d11ed            	adcq %r13,%r13
 195  0002f5  4c11e8            	adcq %r13,%rax
 196  0002f8  4c11e9            	adcq %r13,%rcx
 197  0002fb  4c11ef            	adcq %r13,%rdi
 198  0002fe  4c11ee            	adcq %r13,%rsi
 199  000301  4c11f0            	adcq %r14,%rax
 200  000304  4c11f7            	adcq %r14,%rdi
 201  000307  4c11f6            	adcq %r14,%rsi
 202  00030a  4d11fd            	adcq %r15,%r13
 203  00030d  4d11fe            	adcq %r15,%r14
 204  000310  4c11f8            	adcq %r15,%rax
 205  000313  4c11fb            	adcq %r15,%rbx
 206  000316  4c11fe            	adcq %r15,%rsi
 207  000319  4c11c0            	adcq %r8,%rax
 208  00031c  4c11c7            	adcq %r8,%rdi
 209  00031f  4911c4            	adcq %rax,%r12
 210  000322  4911c0            	adcq %rax,%r8
 211  000325  4911c1            	adcq %rax,%r9
 212  000328  4811c0            	adcq %rax,%rax
 213  00032b  4811c3            	adcq %rax,%rbx
 214  00032e  4811c1            	adcq %rax,%rcx
 215  000331  4811c7            	adcq %rax,%rdi
 216  000334  4811c2            	adcq %rax,%rdx
 217  000337  4811c6            	adcq %rax,%rsi
 218  00033a  481145e8          	adcq %rax,-24(%rbp)
 219  00033e  481145d0          	adcq %rax,-48(%rbp)
 220  000342  4911dc            	adcq %rbx,%r12
 221  000345  4911de            	adcq %rbx,%r14
 222  000348  4811d9            	adcq %rbx,%rcx
 223  00034b  4811df            	adcq %rbx,%rdi
 224  00034e  4811da            	adcq %rbx,%rdx
 225  000351  4811de            	adcq %rbx,%rsi
 226  000354  49115d00          	adcq %rbx,(%r13)
 227  000358  4911c8            	adcq %rcx,%r8
 228  00035b  4811c8            	adcq %rcx,%rax
 229  00035e  4811ca            	adcq %rcx,%rdx
 230  000361  4811ce            	adcq %rcx,%rsi
 231  000364  4911f9            	adcq %rdi,%r9
 232  000367  4811fe            	adcq %rdi,%rsi
 233  00036a  4911d3            	adcq %rdx,%r11
 234  00036d  4911d0            	adcq %rdx,%r8
 235  000370  4811d0            	adcq %rdx,%rax
 236  000373  4811d1            	adcq %rdx,%rcx
 237  000376  4811d7            	adcq %rdx,%rdi
 238  000379  4811d6            	adcq %rdx,%rsi
 239  00037c  4811f7            	adcq %rsi,%rdi
 240  00037f  49134d00          	adcq (%r13),%rcx
 241  000383  49134cd500        	adcq (%r13,%rdx,8),%rcx
 242  000388  481345f0          	adcq -16(%rbp),%rax
 243  00038c  48137df0          	adcq -16(%rbp),%rdi
 244  000390  481355f0          	adcq -16(%rbp),%rdx
 245  000394  48137de0          	adcq -32(%rbp),%rdi
 246  000398  481375d8          	adcq -40(%rbp),%rsi
 247  00039c  48137dd0          	adcq -48(%rbp),%rdi
 248  0003a0  49135510          	adcq 16(%r13),%rdx
 249  0003a4  48134b10          	adcq 16(%rbx),%rcx
 250  0003a8  48135710          	adcq 16(%rdi),%rdx
 251  0003ac  48134e10          	adcq 16(%rsi),%rcx
 252  0003b0  491385c8020000    	adcq 712(%r13),%rax
 253  0003b7  49134608          	adcq 8(%r14),%rax
 254  0003bb  49137f08          	adcq 8(%r15),%rdi
 255  0003bf  48134a08          	adcq 8(%rdx),%rcx
 256  0003c3                    
