

add.s

   1  000000  04d9              	addb $-39,%al
   2  000002  80c1ad            	addb $-83,%cl
   3  000005  04f7              	addb $-9,%al
   4  000007  0430              	addb $48,%al
   5  000009  80c230            	addb $48,%dl
   6  00000c  81c1fcffffbf      	addl $-1073741828,%ecx
   7  000012  05f4fffff7        	addl $-134217740,%eax
   8  000017  81c1f4fffff7      	addl $-134217740,%ecx
   9  00001d  83c1ef            	addl $-17,%ecx
  10  000020  83c0e9            	addl $-23,%eax
  11  000023  0580fffbff        	addl $-262272,%eax
  12  000028  83c0e0            	addl $-32,%eax
  13  00002b  81c2f7efffff      	addl $-4105,%edx
  14  000031  05e7ffffdf        	addl $-536870937,%eax
  15  000036  81c1e7ffffdf      	addl $-536870937,%ecx
  16  00003c  81c1e2ffffdf      	addl $-536870942,%ecx
  17  000042  83c2f7            	addl $-9,%edx
  18  000045  83c664            	addl $100,%esi
  19  000048  81c600001000      	addl $1048576,%esi
  20  00004e  0539300000        	addl $12345,%eax
  21  000053  05eeffff4b        	addl $1275068398,%eax
  22  000058  81c3eeffff4b      	addl $1275068398,%ebx
  23  00005e  81c1eeffff4b      	addl $1275068398,%ecx
  24  000064  83c710            	addl $16,%edi
  25  000067  05abffff5f        	addl $1610612651,%eax
  26  00006c  81c36c070000      	addl $1900,%ebx
  27  000072  83c002            	addl $2,%eax
  28  000075  83c302            	addl $2,%ebx
  29  000078  83c102            	addl $2,%ecx
  30  00007b  83c602            	addl $2,%esi
  31  00007e  4183c602          	addl $2,%r14d
  32  000082  838520ffffff02    	addl $2,-224(%rbp)
  33  000089  4181c5c8000000    	addl $200,%r13d
  34  000090  05c3ffff7f        	addl $2147483587,%eax
  35  000095  0518000098        	addl $2550136856,%eax
  36  00009a  4181c518000098    	addl $2550136856,%r13d
  37  0000a1  81c600010000      	addl $256,%esi
  38  0000a7  83c103            	addl $3,%ecx
  39  0000aa  81c62c010000      	addl $300,%esi
  40  0000b0  83c01f            	addl $31,%eax
  41  0000b3  83c620            	addl $32,%esi
  42  0000b6  81c78f010000      	addl $399,%edi
  43  0000bc  83c6fe            	addl $4294967294,%esi
  44  0000bf  83c730            	addl $48,%edi
  45  0000c2  4183c405          	addl $5,%r12d
  46  0000c6  83c23f            	addl $63,%edx
  47  0000c9  83c007            	addl $7,%eax
  48  0000cc  83c008            	addl $8,%eax
  49  0000cf  4183c508          	addl $8,%r13d
  50  0000d3  4183c608          	addl $8,%r14d
  51  0000d7  01c0              	addl %eax,%eax
  52  0000d9  01c3              	addl %eax,%ebx
  53  0000db  01c1              	addl %eax,%ecx
  54  0000dd  01c2              	addl %eax,%edx
  55  0000df  4101c4            	addl %eax,%r12d
  56  0000e2  4101c5            	addl %eax,%r13d
  57  0000e5  4101c6            	addl %eax,%r14d
  58  0000e8  4101c1            	addl %eax,%r9d
  59  0000eb  01d8              	addl %ebx,%eax
  60  0000ed  01d9              	addl %ebx,%ecx
  61  0000ef  01de              	addl %ebx,%esi
  62  0000f1  01c8              	addl %ecx,%eax
  63  0000f3  01c9              	addl %ecx,%ecx
  64  0000f5  01ca              	addl %ecx,%edx
  65  0000f7  4101cd            	addl %ecx,%r13d
  66  0000fa  4101ce            	addl %ecx,%r14d
  67  0000fd  014de8            	addl %ecx,-24(%rbp)
  68  000100  01f8              	addl %edi,%eax
  69  000102  4101fc            	addl %edi,%r12d
  70  000105  01d0              	addl %edx,%eax
  71  000107  01d1              	addl %edx,%ecx
  72  000109  4101d4            	addl %edx,%r12d
  73  00010c  01f1              	addl %esi,%ecx
  74  00010e  4401e3            	addl %r12d,%ebx
  75  000111  4401e1            	addl %r12d,%ecx
  76  000114  4501e4            	addl %r12d,%r12d
  77  000117  4401e8            	addl %r13d,%eax
  78  00011a  4501ec            	addl %r13d,%r12d
  79  00011d  4401f0            	addl %r14d,%eax
  80  000120  4501f5            	addl %r14d,%r13d
  81  000123  4501f6            	addl %r14d,%r14d
  82  000126  4501fe            	addl %r15d,%r14d
  83  000129  4501c4            	addl %r8d,%r12d
  84  00012c  44014710          	addl %r8d,16(%rdi)
  85  000130  0355f4            	addl -12(%rbp),%edx
  86  000133  0345e8            	addl -24(%rbp),%eax
  87  000136  0355fc            	addl -4(%rbp),%edx
  88  000139  035dd4            	addl -44(%rbp),%ebx
  89  00013c  034dd4            	addl -44(%rbp),%ecx
  90  00013f  038de0fdffff      	addl -544(%rbp),%ecx
  91  000145  035df8            	addl -8(%rbp),%ebx
  92  000148  03420c            	addl 12(%rdx),%eax
  93  00014b  44034714          	addl 20(%rdi),%r8d
  94  00014f  03919c010000      	addl 412(%rcx),%edx
  95  000155  41034c2408        	addl 8(%r12),%ecx
  96  00015a  035808            	addl 8(%rax),%ebx
  97  00015d  035008            	addl 8(%rax),%edx
  98  000160  034a08            	addl 8(%rdx),%ecx
  99  000163  4983c6fe          	addq $-2,%r14
 100  000167  4883c6fe          	addq $-2,%rsi
 101  00016b  4883c5e9          	addq $-23,%rbp
 102  00016f  498307e8          	addq $-24,(%r15)
 103  000173  4883c60b          	addq $11,%rsi
 104  000177  4983c00c          	addq $12,%r8
 105  00017b  4881c780000000    	addq $128,%rdi
 106  000182  4881c680000000    	addq $128,%rsi
 107  000189  4983c40d          	addq $13,%r12
 108  00018d  4983c510          	addq $16,%r13
 109  000191  4883c310          	addq $16,%rbx
 110  000195  4883c710          	addq $16,%rdi
 111  000199  4883c210          	addq $16,%rdx
 112  00019d  4883c610          	addq $16,%rsi
 113  0001a1  4883c410          	addq $16,%rsp
 114  0001a5  4983c302          	addq $2,%r11
 115  0001a9  4983c402          	addq $2,%r12
 116  0001ad  4983c502          	addq $2,%r13
 117  0001b1  4983c602          	addq $2,%r14
 118  0001b5  4983c702          	addq $2,%r15
 119  0001b9  4983c002          	addq $2,%r8
 120  0001bd  4883c002          	addq $2,%rax
 121  0001c1  4883c302          	addq $2,%rbx
 122  0001c5  4883c102          	addq $2,%rcx
 123  0001c9  4883c702          	addq $2,%rdi
 124  0001cd  4883c202          	addq $2,%rdx
 125  0001d1  4883c602          	addq $2,%rsi
 126  0001d5  4883c014          	addq $20,%rax
 127  0001d9  4883c614          	addq $20,%rsi
 128  0001dd  4883c716          	addq $22,%rdi
 129  0001e1  4983c418          	addq $24,%r12
 130  0001e5  4983c618          	addq $24,%r14
 131  0001e9  4983c018          	addq $24,%r8
 132  0001ed  4883c018          	addq $24,%rax
 133  0001f1  4883c318          	addq $24,%rbx
 134  0001f5  4883c118          	addq $24,%rcx
 135  0001f9  4883c718          	addq $24,%rdi
 136  0001fd  4883c218          	addq $24,%rdx
 137  000201  4883c418          	addq $24,%rsp
 138  000205  49830718          	addq $24,(%r15)
 139  000209  498344241018      	addq $24,16(%r12)
 140  00020f  480500700000      	addq $28672,%rax
 141  000215  4883c003          	addq $3,%rax
 142  000219  4883c303          	addq $3,%rbx
 143  00021d  4883c203          	addq $3,%rdx
 144  000221  4883c01f          	addq $31,%rax
 145  000225  4883c020          	addq $32,%rax
 146  000229  4883c720          	addq $32,%rdi
 147  00022d  4883c420          	addq $32,%rsp
 148  000231  480500800000      	addq $32768,%rax
 149  000237  4983c204          	addq $4,%r10
 150  00023b  4983c304          	addq $4,%r11
 151  00023f  4983c604          	addq $4,%r14
 152  000243  4983c004          	addq $4,%r8
 153  000247  4883c304          	addq $4,%rbx
 154  00024b  4883c104          	addq $4,%rcx
 155  00024f  4883c704          	addq $4,%rdi
 156  000253  4883c204          	addq $4,%rdx
 157  000257  4883c604          	addq $4,%rsi
 158  00025b  4883c128          	addq $40,%rcx
 159  00025f  4883c728          	addq $40,%rdi
 160  000263  4883c428          	addq $40,%rsp
 161  000267  4881c100100000    	addq $4096,%rcx
 162  00026e  4883c030          	addq $48,%rax
 163  000272  4883c330          	addq $48,%rbx
 164  000276  4883c230          	addq $48,%rdx
 165  00027a  4883c430          	addq $48,%rsp
 166  00027e  4881c610020000    	addq $528,%rsi
 167  000285  4883c738          	addq $56,%rdi
 168  000289  4883c438          	addq $56,%rsp
 169  00028d  4881c260020000    	addq $608,%rdx
 170  000294  4881c7a8020000    	addq $680,%rdi
 171  00029b  480500030000      	addq $768,%rax
 172  0002a1  4983c508          	addq $8,%r13
 173  0002a5  4983c608          	addq $8,%r14
 174  0002a9  4983c008          	addq $8,%r8
 175  0002ad  4883c008          	addq $8,%rax
 176  0002b1  4883c308          	addq $8,%rbx
 177  0002b5  4883c108          	addq $8,%rcx
 178  0002b9  4883c708          	addq $8,%rdi
 179  0002bd  4883c208          	addq $8,%rdx
 180  0002c1  4883c608          	addq $8,%rsi
 181  0002c5  4883c408          	addq $8,%rsp
 182  0002c9  4983c609          	addq $9,%r14
 183  0002cd  4883c009          	addq $9,%rax
 184  0002d1  4883c109          	addq $9,%rcx
 185  0002d5  4883c709          	addq $9,%rdi
 186  0002d9  4c01d7            	addq %r10,%rdi
 187  0002dc  4d01e5            	addq %r12,%r13
 188  0002df  4d01e6            	addq %r12,%r14
 189  0002e2  4c01e0            	addq %r12,%rax
 190  0002e5  4c01e7            	addq %r12,%rdi
 191  0002e8  4c01e2            	addq %r12,%rdx
 192  0002eb  4c01e6            	addq %r12,%rsi
 193  0002ee  4c0165e0          	addq %r12,-32(%rbp)
 194  0002f2  4d01ed            	addq %r13,%r13
 195  0002f5  4c01e8            	addq %r13,%rax
 196  0002f8  4c01e9            	addq %r13,%rcx
 197  0002fb  4c01ef            	addq %r13,%rdi
 198  0002fe  4c01ee            	addq %r13,%rsi
 199  000301  4c01f0            	addq %r14,%rax
 200  000304  4c01f7            	addq %r14,%rdi
 201  000307  4c01f6            	addq %r14,%rsi
 202  00030a  4d01fd            	addq %r15,%r13
 203  00030d  4d01fe            	addq %r15,%r14
 204  000310  4c01f8            	addq %r15,%rax
 205  000313  4c01fb            	addq %r15,%rbx
 206  000316  4c01fe            	addq %r15,%rsi
 207  000319  4c01c0            	addq %r8,%rax
 208  00031c  4c01c7            	addq %r8,%rdi
 209  00031f  4901c4            	addq %rax,%r12
 210  000322  4901c0            	addq %rax,%r8
 211  000325  4901c1            	addq %rax,%r9
 212  000328  4801c0            	addq %rax,%rax
 213  00032b  4801c3            	addq %rax,%rbx
 214  00032e  4801c1            	addq %rax,%rcx
 215  000331  4801c7            	addq %rax,%rdi
 216  000334  4801c2            	addq %rax,%rdx
 217  000337  4801c6            	addq %rax,%rsi
 218  00033a  480145e8          	addq %rax,-24(%rbp)
 219  00033e  480145d0          	addq %rax,-48(%rbp)
 220  000342  4901dc            	addq %rbx,%r12
 221  000345  4901de            	addq %rbx,%r14
 222  000348  4801d9            	addq %rbx,%rcx
 223  00034b  4801df            	addq %rbx,%rdi
 224  00034e  4801da            	addq %rbx,%rdx
 225  000351  4801de            	addq %rbx,%rsi
 226  000354  49015d00          	addq %rbx,(%r13)
 227  000358  4901c8            	addq %rcx,%r8
 228  00035b  4801c8            	addq %rcx,%rax
 229  00035e  4801ca            	addq %rcx,%rdx
 230  000361  4801ce            	addq %rcx,%rsi
 231  000364  4901f9            	addq %rdi,%r9
 232  000367  4801fe            	addq %rdi,%rsi
 233  00036a  4901d3            	addq %rdx,%r11
 234  00036d  4901d0            	addq %rdx,%r8
 235  000370  4801d0            	addq %rdx,%rax
 236  000373  4801d1            	addq %rdx,%rcx
 237  000376  4801d7            	addq %rdx,%rdi
 238  000379  4801d6            	addq %rdx,%rsi
 239  00037c  4801f7            	addq %rsi,%rdi
 240  00037f  49034d00          	addq (%r13),%rcx
 241  000383  49034cd500        	addq (%r13,%rdx,8),%rcx
 242  000388  480345f0          	addq -16(%rbp),%rax
 243  00038c  48037df0          	addq -16(%rbp),%rdi
 244  000390  480355f0          	addq -16(%rbp),%rdx
 245  000394  48037de0          	addq -32(%rbp),%rdi
 246  000398  480375d8          	addq -40(%rbp),%rsi
 247  00039c  48037dd0          	addq -48(%rbp),%rdi
 248  0003a0  49035510          	addq 16(%r13),%rdx
 249  0003a4  48034b10          	addq 16(%rbx),%rcx
 250  0003a8  48035710          	addq 16(%rdi),%rdx
 251  0003ac  48034e10          	addq 16(%rsi),%rcx
 252  0003b0  490385c8020000    	addq 712(%r13),%rax
 253  0003b7  49034608          	addq 8(%r14),%rax
 254  0003bb  49037f08          	addq 8(%r15),%rdi
 255  0003bf  48034a08          	addq 8(%rdx),%rcx
 256  0003c3                    
 257  0003c3  f3440f58c1        	addss %xmm1, %xmm8
 258  0003c8  f30f58e8          	addss %xmm0, %xmm5
 259  0003cc  f2440f58f9        	addsd %xmm1, %xmm15
 260  0003d1  f20f58540d10      	addsd 16(%rbp, %rcx), %xmm2
 261  0003d7                    
