

and.s

   1  000000  806029fe          	andb $-2,41(%rax)
   2  000004  247f              	andb $127,%al
   3  000006  2410              	andb $16,%al
   4  000008  2402              	andb $2,%al
   5  00000a  2417              	andb $23,%al
   6  00000c  2403              	andb $3,%al
   7  00000e  241f              	andb $31,%al
   8  000010  80e11f            	andb $31,%cl
   9  000013  2420              	andb $32,%al
  10  000015  243f              	andb $63,%al
  11  000017  80e13f            	andb $63,%cl
  12  00001a  2444              	andb $68,%al
  13  00001c  2407              	andb $7,%al
  14  00001e  2408              	andb $8,%al
  15  000020  81e1ff3f00c0      	andl $-1073725441,%ecx
  16  000026  257fffffff        	andl $-129,%eax
  17  00002b  250000feff        	andl $-131072,%eax
  18  000030  2500c0ffff        	andl $-16384,%eax
  19  000035  81e100c0ffff      	andl $-16384,%ecx
  20  00003b  81e200c0ffff      	andl $-16384,%edx
  21  000041  8124c800c0ffff    	andl $-16384,(%rax,%rcx,8)
  22  000048  8164031000c0ffff  	andl $-16384,16(%rbx,%rax)
  23  000050  8164181400c0ffff  	andl $-16384,20(%rax,%rbx)
  24  000058  8164c80400c0ffff  	andl $-16384,4(%rax,%rcx,8)
  25  000060  4181655800c0ffff  	andl $-16384,88(%r13)
  26  000068  4181655c00c0ffff  	andl $-16384,92(%r13)
  27  000070  83e0ef            	andl $-17,%eax
  28  000073  83e0fe            	andl $-2,%eax
  29  000076  83e1fe            	andl $-2,%ecx
  30  000079  4183642404fe      	andl $-2,4(%r12)
  31  00007f  251ff8ffff        	andl $-2017,%eax
  32  000084  25fff7ffff        	andl $-2049,%eax
  33  000089  25ffff0f80        	andl $-2146435073,%eax
  34  00008e  83e0e7            	andl $-25,%eax
  35  000091  83e1e7            	andl $-25,%ecx
  36  000094  83e2e7            	andl $-25,%edx
  37  000097  2501ffffff        	andl $-255,%eax
  38  00009c  81e101ffffff      	andl $-255,%ecx
  39  0000a2  25fffeffff        	andl $-257,%eax
  40  0000a7  81e1000000f0      	andl $-268435456,%ecx
  41  0000ad  81e1ff8fffff      	andl $-28673,%ecx
  42  0000b3  83e3fd            	andl $-3,%ebx
  43  0000b6  83e1fd            	andl $-3,%ecx
  44  0000b9  836004fd          	andl $-3,4(%rax)
  45  0000bd  81e37ffeffff      	andl $-385,%ebx
  46  0000c3  81e17ffeffff      	andl $-385,%ecx
  47  0000c9                    #	andl $-4026531841,%ecx
  48  0000c9  251f00c0ff        	andl $-4194273,%eax
  49  0000ce  81e11f00c0ff      	andl $-4194273,%ecx
  50  0000d4  81e21f00c0ff      	andl $-4194273,%edx
  51  0000da  83e0cf            	andl $-49,%eax
  52  0000dd  8365f8cf          	andl $-49,-8(%rbp)
  53  0000e1  836308cf          	andl $-49,8(%rbx)
  54  0000e5  836708cf          	andl $-49,8(%rdi)
  55  0000e9  81e1ff7ff8ff      	andl $-491521,%ecx
  56  0000ef  83e0fb            	andl $-5,%eax
  57  0000f2  836304fb          	andl $-5,4(%rbx)
  58  0000f6  83e3bf            	andl $-65,%ebx
  59  0000f9  41836708b3        	andl $-77,8(%r15)
  60  0000fe  83e0f8            	andl $-8,%eax
  61  000101  83e1f8            	andl $-8,%ecx
  62  000104  83e7f8            	andl $-8,%edi
  63  000107  83e2f8            	andl $-8,%edx
  64  00010a  4183641f08f8      	andl $-8,8(%r15,%rbx)
  65  000110  83e0f7            	andl $-9,%eax
  66  000113  8365ecf7          	andl $-9,-20(%rbp)
  67  000117  83e001            	andl $1,%eax
  68  00011a  83e101            	andl $1,%ecx
  69  00011d  83e201            	andl $1,%edx
  70  000120  83e601            	andl $1,%esi
  71  000123  4183e001          	andl $1,%r8d
  72  000127  25ff030000        	andl $1023,%eax
  73  00012c  81e1ffff0f00      	andl $1048575,%ecx
  74  000132  2500c0ff3f        	andl $1073725440,%eax
  75  000137  81e300c0ff3f      	andl $1073725440,%ebx
  76  00013d  81e100c0ff3f      	andl $1073725440,%ecx
  77  000143  81e200c0ff3f      	andl $1073725440,%edx
  78  000149  4181e400c0ff3f    	andl $1073725440,%r12d
  79  000150  4181e600c0ff3f    	andl $1073725440,%r14d
  80  000157  81e100000040      	andl $1073741824,%ecx
  81  00015d  83e07f            	andl $127,%eax
  82  000160  83e37f            	andl $127,%ebx
  83  000163  83e27f            	andl $127,%edx
  84  000166  4183e57f          	andl $127,%r13d
  85  00016a  81e180000000      	andl $128,%ecx
  86  000170  2500ff0100        	andl $130816,%eax
  87  000175  25ffff0100        	andl $131071,%eax
  88  00017a  81e1ffff0100      	andl $131071,%ecx
  89  000180  81e7ffff0100      	andl $131071,%edi
  90  000186  81e2ffff0100      	andl $131071,%edx
  91  00018c  81e6ffff0100      	andl $131071,%esi
  92  000192  4181e4ffff0100    	andl $131071,%r12d
  93  000199  4181e5ffff0100    	andl $131071,%r13d
  94  0001a0  4181e7ffff0100    	andl $131071,%r15d
  95  0001a7  81e300080008      	andl $134219776,%ebx
  96  0001ad  83e00f            	andl $15,%eax
  97  0001b0  83e10f            	andl $15,%ecx
  98  0001b3  83e20f            	andl $15,%edx
  99  0001b6  250000f000        	andl $15728640,%eax
 100  0001bb  81e10000f000      	andl $15728640,%ecx
 101  0001c1  81e60000f000      	andl $15728640,%esi
 102  0001c7  83e010            	andl $16,%eax
 103  0001ca  83e110            	andl $16,%ecx
 104  0001cd  4181e4ff3f0000    	andl $16383,%r12d
 105  0001d4  81e100400000      	andl $16384,%ecx
 106  0001da  81e2e0070000      	andl $2016,%edx
 107  0001e0  81e6e0070000      	andl $2016,%esi
 108  0001e6  81e1ff070000      	andl $2047,%ecx
 109  0001ec  2500080000        	andl $2048,%eax
 110  0001f1  81e100080000      	andl $2048,%ecx
 111  0001f7  2500000080        	andl $2147483648,%eax
 112  0001fc  81e600000080      	andl $2147483648,%esi
 113  000202  83e018            	andl $24,%eax
 114  000205  4183e218          	andl $24,%r10d
 115  000209  81e3ff000000      	andl $255,%ebx
 116  00020f  81e100000400      	andl $262144,%ecx
 117  000215  25ffffff0f        	andl $268435455,%eax
 118  00021a  81e1ffffff0f      	andl $268435455,%ecx
 119  000220  4181e4ffffff0f    	andl $268435455,%r12d
 120  000227  4181e0ffffff0f    	andl $268435455,%r8d
 121  00022e  4181e1ffffff0f    	andl $268435455,%r9d
 122  000235  81e100700000      	andl $28672,%ecx
 123  00023b  81e200700000      	andl $28672,%edx
 124  000241  81e600700000      	andl $28672,%esi
 125  000247  83e003            	andl $3,%eax
 126  00024a  83e103            	andl $3,%ecx
 127  00024d  25000000c0        	andl $3221225472,%eax
 128  000252  81e1000000c0      	andl $3221225472,%ecx
 129  000258  4181e4000000c0    	andl $3221225472,%r12d
 130  00025f  4181e5000000c0    	andl $3221225472,%r13d
 131  000266  81e100800000      	andl $32768,%ecx
 132  00026c  4181e100800000    	andl $32768,%r9d
 133  000273  25000f0000        	andl $3840,%eax
 134  000278  2500000600        	andl $393216,%eax
 135  00027d  81e300000600      	andl $393216,%ebx
 136  000283  81e100000600      	andl $393216,%ecx
 137  000289  81e700000600      	andl $393216,%edi
 138  00028f  81e200000600      	andl $393216,%edx
 139  000295  4181e500000600    	andl $393216,%r13d
 140  00029c  83e004            	andl $4,%eax
 141  00029f  83e204            	andl $4,%edx
 142  0002a2  83e604            	andl $4,%esi
 143  0002a5  81e1000000f0      	andl $4026531840,%ecx
 144  0002ab  81e2000000f0      	andl $4026531840,%edx
 145  0002b1  25e0ff3f00        	andl $4194272,%eax
 146  0002b6  81e1e0ff3f00      	andl $4194272,%ecx
 147  0002bc  81e2e0ff3f00      	andl $4194272,%edx
 148  0002c2  2500800700        	andl $491520,%eax
 149  0002c7  81e100800700      	andl $491520,%ecx
 150  0002cd  81e6ff010000      	andl $511,%esi
 151  0002d3  81e30000001f      	andl $520093696,%ebx
 152  0002d9  83e03f            	andl $63,%eax
 153  0002dc  83e33f            	andl $63,%ebx
 154  0002df  83e63f            	andl $63,%esi
 155  0002e2  81e1fe030100      	andl $66558,%ecx
 156  0002e8  81e3a8020000      	andl $680,%ebx
 157  0002ee  83e007            	andl $7,%eax
 158  0002f1  83e307            	andl $7,%ebx
 159  0002f4  83e107            	andl $7,%ecx
 160  0002f7  83e707            	andl $7,%edi
 161  0002fa  83e207            	andl $7,%edx
 162  0002fd  83e607            	andl $7,%esi
 163  000300  4183e307          	andl $7,%r11d
 164  000304  4183e407          	andl $7,%r12d
 165  000308  4183e007          	andl $7,%r8d
 166  00030c  25001c0000        	andl $7168,%eax
 167  000311  4181e1001c0000    	andl $7168,%r9d
 168  000318  4183e44c          	andl $76,%r12d
 169  00031c  83e208            	andl $8,%edx
 170  00031f  83e608            	andl $8,%esi
 171  000322  2500000030        	andl $805306368,%eax
 172  000327  81e300000030      	andl $805306368,%ebx
 173  00032d  81e100000030      	andl $805306368,%ecx
 174  000333  81e200000030      	andl $805306368,%edx
 175  000339  4181e400000030    	andl $805306368,%r12d
 176  000340  4181e500000030    	andl $805306368,%r13d
 177  000347  4181e100000030    	andl $805306368,%r9d
 178  00034e  25ff1f0000        	andl $8191,%eax
 179  000353  21c1              	andl %eax,%ecx
 180  000355  21d0              	andl %edx,%eax
 181  000357  21f0              	andl %esi,%eax
 182  000359  4881e7fffff9ff    	andq $-393217,%rdi
 183  000360  49816500fffff7ff  	andq $-524289,(%r13)
 184  000368  4c21e0            	andq %r12,%rax
 185  00036b  4921c5            	andq %rax,%r13
 186  00036e  4921c6            	andq %rax,%r14
 187  000371  4821c3            	andq %rax,%rbx
 188  000374  4821c6            	andq %rax,%rsi
 189  000377  4821d8            	andq %rbx,%rax
 190  00037a  4821c8            	andq %rcx,%rax
 191  00037d  4821ca            	andq %rcx,%rdx
 192  000380  4821ce            	andq %rcx,%rsi
 193  000383  48210cd0          	andq %rcx,(%rax,%rdx,8)
 194  000387  4921f8            	andq %rdi,%r8
 195  00038a  4821f9            	andq %rdi,%rcx
 196  00038d  4821d1            	andq %rdx,%rcx
 197  000390  4a2114e0          	andq %rdx,(%rax,%r12,8)
 198  000394  4a2114f0          	andq %rdx,(%rax,%r14,8)
 199  000398  482114d8          	andq %rdx,(%rax,%rbx,8)
 200  00039c  482114c1          	andq %rdx,(%rcx,%rax,8)
 201  0003a0  4821f0            	andq %rsi,%rax
 202  0003a3  49233424          	andq (%r12),%rsi
 203  0003a7  482301            	andq (%rcx),%rax
 204  0003aa  482334c7          	andq (%rdi,%rax,8),%rsi
 205  0003ae  4923541d10        	andq 16(%r13,%rbx),%rdx
 206  0003b3                    
