

cmp.s

   1  000000  3c00              	cmpb $0,%al
   2  000002  80f900            	cmpb $0,%cl
   3  000005  41807d0000        	cmpb $0,(%r13)
   4  00000a  803800            	cmpb $0,(%rax)
   5  00000d  803c0800          	cmpb $0,(%rax,%rcx)
   6  000011  803c3800          	cmpb $0,(%rax,%rdi)
   7  000015  803b00            	cmpb $0,(%rbx)
   8  000018  803900            	cmpb $0,(%rcx)
   9  00001b  803c0100          	cmpb $0,(%rcx,%rax)
  10  00001f  803f00            	cmpb $0,(%rdi)
  11  000022  803e00            	cmpb $0,(%rsi)
  12  000025  807dff00          	cmpb $0,-1(%rbp)
  13  000029  807eff00          	cmpb $0,-1(%rsi)
  14  00002d  8079e800          	cmpb $0,-24(%rcx)
  15  000031  80780100          	cmpb $0,1(%rax)
  16  000035  80790100          	cmpb $0,1(%rcx)
  17  000039  807f0100          	cmpb $0,1(%rdi)
  18  00003d  807b1000          	cmpb $0,16(%rbx)
  19  000041  80791000          	cmpb $0,16(%rcx)
  20  000045  807a1000          	cmpb $0,16(%rdx)
  21  000049  80780200          	cmpb $0,2(%rax)
  22  00004d  80790200          	cmpb $0,2(%rcx)
  23  000051  80782600          	cmpb $0,38(%rax)
  24  000055  807b2600          	cmpb $0,38(%rbx)
  25  000059  3c01              	cmpb $1,%al
  26  00005b  80f901            	cmpb $1,%cl
  27  00005e  4080fe01          	cmpb $1,%sil
  28  000062  803e01            	cmpb $1,(%rsi)
  29  000065  41807c240e01      	cmpb $1,14(%r12)
  30  00006b  41807e0e01        	cmpb $1,14(%r14)
  31  000070  80780e01          	cmpb $1,14(%rax)
  32  000074  807b0e01          	cmpb $1,14(%rbx)
  33  000078  41807d2601        	cmpb $1,38(%r13)
  34  00007d  80782601          	cmpb $1,38(%rax)
  35  000081  807b2601          	cmpb $1,38(%rbx)
  36  000085  80792601          	cmpb $1,38(%rcx)
  37  000089  807e2601          	cmpb $1,38(%rsi)
  38  00008d  3c0a              	cmpb $10,%al
  39  00008f  80f90a            	cmpb $10,%cl
  40  000092  80380a            	cmpb $10,(%rax)
  41  000095  80390a            	cmpb $10,(%rcx)
  42  000098  807f010a          	cmpb $10,1(%rdi)
  43  00009c  3c64              	cmpb $100,%al
  44  00009e  4080ff64          	cmpb $100,%dil
  45  0000a2  4180fc66          	cmpb $102,%r12b
  46  0000a6  80f96a            	cmpb $106,%cl
  47  0000a9  3c6b              	cmpb $107,%al
  48  0000ab  3c6c              	cmpb $108,%al
  49  0000ad  4180fc6e          	cmpb $110,%r12b
  50  0000b1  3c70              	cmpb $112,%al
  51  0000b3  3c71              	cmpb $113,%al
  52  0000b5  3c72              	cmpb $114,%al
  53  0000b7  4080ff72          	cmpb $114,%dil
  54  0000bb  4180fc72          	cmpb $114,%r12b
  55  0000bf  3c73              	cmpb $115,%al
  56  0000c1  4080ff73          	cmpb $115,%dil
  57  0000c5  3c74              	cmpb $116,%al
  58  0000c7  4080ff74          	cmpb $116,%dil
  59  0000cb  4180fc74          	cmpb $116,%r12b
  60  0000cf  3c75              	cmpb $117,%al
  61  0000d1  3c76              	cmpb $118,%al
  62  0000d3  4180fc76          	cmpb $118,%r12b
  63  0000d7  3c77              	cmpb $119,%al
  64  0000d9  80f90c            	cmpb $12,%cl
  65  0000dc  4080fe0c          	cmpb $12,%sil
  66  0000e0  3c78              	cmpb $120,%al
  67  0000e2  80f978            	cmpb $120,%cl
  68  0000e5  4080ff78          	cmpb $120,%dil
  69  0000e9  41807d0178        	cmpb $120,1(%r13)
  70  0000ee  3c7b              	cmpb $123,%al
  71  0000f0  4180fe7b          	cmpb $123,%r14b
  72  0000f4  8079017d          	cmpb $125,1(%rcx)
  73  0000f8  80f97e            	cmpb $126,%cl
  74  0000fb  3c0d              	cmpb $13,%al
  75  0000fd  80fa0e            	cmpb $14,%dl
  76  000100  4080ff10          	cmpb $16,%dil
  77  000104  80fa10            	cmpb $16,%dl
  78  000107  3c12              	cmpb $18,%al
  79  000109  80fa12            	cmpb $18,%dl
  80  00010c  3c02              	cmpb $2,%al
  81  00010e  80f902            	cmpb $2,%cl
  82  000111  80fa02            	cmpb $2,%dl
  83  000114  41803c2402        	cmpb $2,(%r12)
  84  000119  41803e02          	cmpb $2,(%r14)
  85  00011d  803f02            	cmpb $2,(%rdi)
  86  000120  41807c240e02      	cmpb $2,14(%r12)
  87  000126  80780e02          	cmpb $2,14(%rax)
  88  00012a  807b0e02          	cmpb $2,14(%rbx)
  89  00012e  80790e02          	cmpb $2,14(%rcx)
  90  000132  80781002          	cmpb $2,16(%rax)
  91  000136  41807c241802      	cmpb $2,24(%r12)
  92  00013c  807b1802          	cmpb $2,24(%rbx)
  93  000140  807f1802          	cmpb $2,24(%rdi)
  94  000144  41807c243002      	cmpb $2,48(%r12)
  95  00014a  3c16              	cmpb $22,%al
  96  00014c  80f916            	cmpb $22,%cl
  97  00014f  807be816          	cmpb $22,-24(%rbx)
  98  000153  41807c241816      	cmpb $22,24(%r12)
  99  000159  807b3016          	cmpb $22,48(%rbx)
 100  00015d  3c17              	cmpb $23,%al
 101  00015f  80f917            	cmpb $23,%cl
 102  000162  41807c244817      	cmpb $23,72(%r12)
 103  000168  807b4817          	cmpb $23,72(%rbx)
 104  00016c  80fb18            	cmpb $24,%bl
 105  00016f  80fa18            	cmpb $24,%dl
 106  000172  3c19              	cmpb $25,%al
 107  000174  8039fe            	cmpb $254,(%rcx)
 108  000177  3c1a              	cmpb $26,%al
 109  000179  80fa1a            	cmpb $26,%dl
 110  00017c  80fa1b            	cmpb $27,%dl
 111  00017f  80f91c            	cmpb $28,%cl
 112  000182  3c03              	cmpb $3,%al
 113  000184  80fa03            	cmpb $3,%dl
 114  000187  803b03            	cmpb $3,(%rbx)
 115  00018a  3c20              	cmpb $32,%al
 116  00018c  4080ff20          	cmpb $32,%dil
 117  000190  80fa20            	cmpb $32,%dl
 118  000193  803f20            	cmpb $32,(%rdi)
 119  000196  3c21              	cmpb $33,%al
 120  000198  80f921            	cmpb $33,%cl
 121  00019b  3c22              	cmpb $34,%al
 122  00019d  80f922            	cmpb $34,%cl
 123  0001a0  4180fc22          	cmpb $34,%r12b
 124  0001a4  4180fe22          	cmpb $34,%r14b
 125  0001a8  803922            	cmpb $34,(%rcx)
 126  0001ab  80790122          	cmpb $34,1(%rcx)
 127  0001af  80fb23            	cmpb $35,%bl
 128  0001b2  4080ff23          	cmpb $35,%dil
 129  0001b6  80fa23            	cmpb $35,%dl
 130  0001b9  3c24              	cmpb $36,%al
 131  0001bb  803b24            	cmpb $36,(%rbx)
 132  0001be  807b0124          	cmpb $36,1(%rbx)
 133  0001c2  3c25              	cmpb $37,%al
 134  0001c4  4080ff25          	cmpb $37,%dil
 135  0001c8  80fa25            	cmpb $37,%dl
 136  0001cb  4180fc25          	cmpb $37,%r12b
 137  0001cf  4180ff25          	cmpb $37,%r15b
 138  0001d3  3c27              	cmpb $39,%al
 139  0001d5  80f927            	cmpb $39,%cl
 140  0001d8  80fa27            	cmpb $39,%dl
 141  0001db  4180fc27          	cmpb $39,%r12b
 142  0001df  4180fe27          	cmpb $39,%r14b
 143  0001e3  41803c2427        	cmpb $39,(%r12)
 144  0001e8  803827            	cmpb $39,(%rax)
 145  0001eb  803f27            	cmpb $39,(%rdi)
 146  0001ee  3c04              	cmpb $4,%al
 147  0001f0  80f904            	cmpb $4,%cl
 148  0001f3  4080ff04          	cmpb $4,%dil
 149  0001f7  80fa04            	cmpb $4,%dl
 150  0001fa  803b04            	cmpb $4,(%rbx)
 151  0001fd  807b1804          	cmpb $4,24(%rbx)
 152  000201  3c28              	cmpb $40,%al
 153  000203  803b28            	cmpb $40,(%rbx)
 154  000206  3c29              	cmpb $41,%al
 155  000208  3c2a              	cmpb $42,%al
 156  00020a  80f92a            	cmpb $42,%cl
 157  00020d  807f012a          	cmpb $42,1(%rdi)
 158  000211  41807f022a        	cmpb $42,2(%r15)
 159  000216  3c2b              	cmpb $43,%al
 160  000218  4080ff2b          	cmpb $43,%dil
 161  00021c  3c2c              	cmpb $44,%al
 162  00021e  3c2d              	cmpb $45,%al
 163  000220  4080ff2d          	cmpb $45,%dil
 164  000224  80392d            	cmpb $45,(%rcx)
 165  000227  803f2d            	cmpb $45,(%rdi)
 166  00022a  3c2e              	cmpb $46,%al
 167  00022c  80f92e            	cmpb $46,%cl
 168  00022f  803c382e          	cmpb $46,(%rax,%rdi)
 169  000233  41807f022e        	cmpb $46,2(%r15)
 170  000238  8078022e          	cmpb $46,2(%rax)
 171  00023c  3c2f              	cmpb $47,%al
 172  00023e  80f92f            	cmpb $47,%cl
 173  000241  4180fc2f          	cmpb $47,%r12b
 174  000245  4180fe2f          	cmpb $47,%r14b
 175  000249  80382f            	cmpb $47,(%rax)
 176  00024c  803c182f          	cmpb $47,(%rax,%rbx)
 177  000250  80bd00ffffff2f    	cmpb $47,-256(%rbp)
 178  000257  8079012f          	cmpb $47,1(%rcx)
 179  00025b  807f012f          	cmpb $47,1(%rdi)
 180  00025f  8079022f          	cmpb $47,2(%rcx)
 181  000263  3c30              	cmpb $48,%al
 182  000265  41807d0030        	cmpb $48,(%r13)
 183  00026a  41803e30          	cmpb $48,(%r14)
 184  00026e  803830            	cmpb $48,(%rax)
 185  000271  803f30            	cmpb $48,(%rdi)
 186  000274  3c05              	cmpb $5,%al
 187  000276  80f905            	cmpb $5,%cl
 188  000279  80fa05            	cmpb $5,%dl
 189  00027c  3c38              	cmpb $56,%al
 190  00027e  4080ff38          	cmpb $56,%dil
 191  000282  3c39              	cmpb $57,%al
 192  000284  4080ff39          	cmpb $57,%dil
 193  000288  3c3a              	cmpb $58,%al
 194  00028a  80f93a            	cmpb $58,%cl
 195  00028d  4080ff3a          	cmpb $58,%dil
 196  000291  41807f013a        	cmpb $58,1(%r15)
 197  000296  3c3b              	cmpb $59,%al
 198  000298  3c06              	cmpb $6,%al
 199  00029a  80f906            	cmpb $6,%cl
 200  00029d  41803c2406        	cmpb $6,(%r12)
 201  0002a2  41803e06          	cmpb $6,(%r14)
 202  0002a6  41807ee806        	cmpb $6,-24(%r14)
 203  0002ab  8079e806          	cmpb $6,-24(%rcx)
 204  0002af  3c3c              	cmpb $60,%al
 205  0002b1  3c3d              	cmpb $61,%al
 206  0002b3  80fa3d            	cmpb $61,%dl
 207  0002b6  80383d            	cmpb $61,(%rax)
 208  0002b9  8078013d          	cmpb $61,1(%rax)
 209  0002bd  8078023d          	cmpb $61,2(%rax)
 210  0002c1  3c3e              	cmpb $62,%al
 211  0002c3  80fa3e            	cmpb $62,%dl
 212  0002c6  41807f013e        	cmpb $62,1(%r15)
 213  0002cb  8079013f          	cmpb $63,1(%rcx)
 214  0002cf  80f940            	cmpb $64,%cl
 215  0002d2  4080ff40          	cmpb $64,%dil
 216  0002d6  80fa40            	cmpb $64,%dl
 217  0002d9  4180fd44          	cmpb $68,%r13b
 218  0002dd  4180ff45          	cmpb $69,%r15b
 219  0002e1  4180ff47          	cmpb $71,%r15b
 220  0002e5  4180fd49          	cmpb $73,%r13b
 221  0002e9  3c4b              	cmpb $75,%al
 222  0002eb  3c4c              	cmpb $76,%al
 223  0002ed  41807d004c        	cmpb $76,(%r13)
 224  0002f2  80384c            	cmpb $76,(%rax)
 225  0002f5  4180fd4d          	cmpb $77,%r13b
 226  0002f9  4180fd4e          	cmpb $78,%r13b
 227  0002fd  3c08              	cmpb $8,%al
 228  0002ff  4080ff08          	cmpb $8,%dil
 229  000303  80fa08            	cmpb $8,%dl
 230  000306  807ae808          	cmpb $8,-24(%rdx)
 231  00030a  807a1808          	cmpb $8,24(%rdx)
 232  00030e  3c53              	cmpb $83,%al
 233  000310  80f953            	cmpb $83,%cl
 234  000313  3c54              	cmpb $84,%al
 235  000315  3c55              	cmpb $85,%al
 236  000317  4180fd55          	cmpb $85,%r13b
 237  00031b  4180fd56          	cmpb $86,%r13b
 238  00031f  3c58              	cmpb $88,%al
 239  000321  80f958            	cmpb $88,%cl
 240  000324  4180ff58          	cmpb $88,%r15b
 241  000328  80f959            	cmpb $89,%cl
 242  00032b  3c09              	cmpb $9,%al
 243  00032d  80f909            	cmpb $9,%cl
 244  000330  803b09            	cmpb $9,(%rbx)
 245  000333  3c5c              	cmpb $92,%al
 246  000335  80f95c            	cmpb $92,%cl
 247  000338  4180fe5c          	cmpb $92,%r14b
 248  00033c  8079ff5c          	cmpb $92,-1(%rcx)
 249  000340  807a015c          	cmpb $92,1(%rdx)
 250  000344  3c5d              	cmpb $93,%al
 251  000346  3c5f              	cmpb $95,%al
 252  000348  3c61              	cmpb $97,%al
 253  00034a  80f961            	cmpb $97,%cl
 254  00034d  4180fc61          	cmpb $97,%r12b
 255  000351  3c62              	cmpb $98,%al
 256  000353  80f962            	cmpb $98,%cl
 257  000356  4180fc62          	cmpb $98,%r12b
 258  00035a  38c8              	cmpb %cl,%al
 259  00035c  38ca              	cmpb %cl,%dl
 260  00035e  38d1              	cmpb %dl,%cl
 261  000360  413a07            	cmpb (%r15),%al
 262  000363  413a17            	cmpb (%r15),%dl
 263  000366  3a03              	cmpb (%rbx),%al
 264  000368  3a06              	cmpb (%rsi),%al
 265  00036a  3a4801            	cmpb 1(%rax),%cl
 266  00036d  83f8ff            	cmpl $-1,%eax
 267  000370  83fbff            	cmpl $-1,%ebx
 268  000373  83ffff            	cmpl $-1,%edi
 269  000376  83faff            	cmpl $-1,%edx
 270  000379  83feff            	cmpl $-1,%esi
 271  00037c  4183fcff          	cmpl $-1,%r12d
 272  000380  4183fdff          	cmpl $-1,%r13d
 273  000384  4183feff          	cmpl $-1,%r14d
 274  000388  3d170000b4        	cmpl $-1275068393,%eax
 275  00038d  81fb170000b4      	cmpl $-1275068393,%ebx
 276  000393  81f9170000b4      	cmpl $-1275068393,%ecx
 277  000399  4181fd170000b4    	cmpl $-1275068393,%r13d
 278  0003a0  3d160000b4        	cmpl $-1275068394,%eax
 279  0003a5  4181fd160000b4    	cmpl $-1275068394,%r13d
 280  0003ac  3d150000b4        	cmpl $-1275068395,%eax
 281  0003b1  4181fd150000b4    	cmpl $-1275068395,%r13d
 282  0003b8  3d140000b4        	cmpl $-1275068396,%eax
 283  0003bd  3d130000b4        	cmpl $-1275068397,%eax
 284  0003c2  4181fd130000b4    	cmpl $-1275068397,%r13d
 285  0003c9  3d120000b4        	cmpl $-1275068398,%eax
 286  0003ce  81fb120000b4      	cmpl $-1275068398,%ebx
 287  0003d4  81f9120000b4      	cmpl $-1275068398,%ecx
 288  0003da  3d110000b0        	cmpl $-1342177263,%eax
 289  0003df  81fb110000b0      	cmpl $-1342177263,%ebx
 290  0003e5  3d100000b0        	cmpl $-1342177264,%eax
 291  0003ea  81fb100000b0      	cmpl $-1342177264,%ebx
 292  0003f0  4181fd100000b0    	cmpl $-1342177264,%r13d
 293  0003f7  3d0f0000b0        	cmpl $-1342177265,%eax
 294  0003fc  81fb0f0000b0      	cmpl $-1342177265,%ebx
 295  000402  4181fd0f0000b0    	cmpl $-1342177265,%r13d
 296  000409  3d0e0000b0        	cmpl $-1342177266,%eax
 297  00040e  81fb0e0000b0      	cmpl $-1342177266,%ebx
 298  000414  4181fd0e0000b0    	cmpl $-1342177266,%r13d
 299  00041b  81fb060000a7      	cmpl $-1493172218,%ebx
 300  000421  81ff060000a7      	cmpl $-1493172218,%edi
 301  000427  81fb250000a4      	cmpl $-1543503835,%ebx
 302  00042d  81fb240000a4      	cmpl $-1543503836,%ebx
 303  000433  81fb0d0000a4      	cmpl $-1543503859,%ebx
 304  000439  81fb040000a2      	cmpl $-1577058300,%ebx
 305  00043f  3d496b01a0        	cmpl $-1610519735,%eax
 306  000444  3d484a01a0        	cmpl $-1610528184,%eax
 307  000449  3d470801a0        	cmpl $-1610545081,%eax
 308  00044e  3d46c600a0        	cmpl $-1610561978,%eax
 309  000453  3d458400a0        	cmpl $-1610578875,%eax
 310  000458  3d442100a0        	cmpl $-1610604220,%eax
 311  00045d  3d5c0000a0        	cmpl $-1610612644,%eax
 312  000462  3d590000a0        	cmpl $-1610612647,%eax
 313  000467  3d560000a0        	cmpl $-1610612650,%eax
 314  00046c  3d550000a0        	cmpl $-1610612651,%eax
 315  000471  3d480000a0        	cmpl $-1610612664,%eax
 316  000476  3d420000a0        	cmpl $-1610612670,%eax
 317  00047b  3d0c0000a0        	cmpl $-1610612724,%eax
 318  000480  81fb0c0000a0      	cmpl $-1610612724,%ebx
 319  000486  3d0a0000a0        	cmpl $-1610612726,%eax
 320  00048b  81fb0a0000a0      	cmpl $-1610612726,%ebx
 321  000491  3d090000a0        	cmpl $-1610612727,%eax
 322  000496  81fb090000a0      	cmpl $-1610612727,%ebx
 323  00049c  3d030000a0        	cmpl $-1610612733,%eax
 324  0004a1  81fb030000a0      	cmpl $-1610612733,%ebx
 325  0004a7  3d19000098        	cmpl $-1744830439,%eax
 326  0004ac  3d18000098        	cmpl $-1744830440,%eax
 327  0004b1  81fb07008090      	cmpl $-1870659577,%ebx
 328  0004b7  3d01000090        	cmpl $-1879048191,%eax
 329  0004bc  81f901000090      	cmpl $-1879048191,%ecx
 330  0004c2  83f9fe            	cmpl $-2,%ecx
 331  0004c5  833c01fe          	cmpl $-2,(%rcx,%rax)
 332  0004c9  837b04fe          	cmpl $-2,4(%rbx)
 333  0004cd  3d5d000080        	cmpl $-2147483555,%eax
 334  0004d2  3d57000080        	cmpl $-2147483561,%eax
 335  0004d7  4181fd54000080    	cmpl $-2147483564,%r13d
 336  0004de  3d51000080        	cmpl $-2147483567,%eax
 337  0004e3  3d4d000080        	cmpl $-2147483571,%eax
 338  0004e8  3d4c000080        	cmpl $-2147483572,%eax
 339  0004ed  3d4b000080        	cmpl $-2147483573,%eax
 340  0004f2  3d45000080        	cmpl $-2147483579,%eax
 341  0004f7  3d3d000080        	cmpl $-2147483587,%eax
 342  0004fc  3d3c000080        	cmpl $-2147483588,%eax
 343  000501  3d3b000080        	cmpl $-2147483589,%eax
 344  000506  3d02000080        	cmpl $-2147483646,%eax
 345  00050b  81f902000080      	cmpl $-2147483646,%ecx
 346  000511  81f900000080      	cmpl $-2147483648,%ecx
 347  000517  83f8fd            	cmpl $-3,%eax
 348  00051a  83f9fd            	cmpl $-3,%ecx
 349  00051d  83fefd            	cmpl $-3,%esi
 350  000520  4183fcfd          	cmpl $-3,%r12d
 351  000524  837b04fd          	cmpl $-3,4(%rbx)
 352  000528  817de8cdfeffff    	cmpl $-307,-24(%rbp)
 353  00052f  83f8fc            	cmpl $-4,%eax
 354  000532  83f800            	cmpl $0,%eax
 355  000535  83fb00            	cmpl $0,%ebx
 356  000538  83f900            	cmpl $0,%ecx
 357  00053b  83ff00            	cmpl $0,%edi
 358  00053e  83fa00            	cmpl $0,%edx
 359  000541  83fe00            	cmpl $0,%esi
 360  000544  4183fc00          	cmpl $0,%r12d
 361  000548  4183fd00          	cmpl $0,%r13d
 362  00054c  4183fe00          	cmpl $0,%r14d
 363  000550  4183ff00          	cmpl $0,%r15d
 364  000554  4183f800          	cmpl $0,%r8d
 365  000558  41833c2400        	cmpl $0,(%r12)
 366  00055d  41833e00          	cmpl $0,(%r14)
 367  000561  41833f00          	cmpl $0,(%r15)
 368  000565  41833800          	cmpl $0,(%r8)
 369  000569  833b00            	cmpl $0,(%rbx)
 370  00056c  833f00            	cmpl $0,(%rdi)
 371  00056f  833e00            	cmpl $0,(%rsi)
 372  000572  837d8c00          	cmpl $0,-116(%rbp)
 373  000576  837d8800          	cmpl $0,-120(%rbp)
 374  00057a  83bd6cffffff00    	cmpl $0,-148(%rbp)
 375  000581  83bd68ffffff00    	cmpl $0,-152(%rbp)
 376  000588  83bd40ffffff00    	cmpl $0,-192(%rbp)
 377  00058f  837dec00          	cmpl $0,-20(%rbp)
 378  000593  837de800          	cmpl $0,-24(%rbp)
 379  000597  837de400          	cmpl $0,-28(%rbp)
 380  00059b  837ddc00          	cmpl $0,-36(%rbp)
 381  00059f  837dfc00          	cmpl $0,-4(%rbp)
 382  0005a3  837dd400          	cmpl $0,-44(%rbp)
 383  0005a7  83bdfcfdffff00    	cmpl $0,-516(%rbp)
 384  0005ae  83bdf0fdffff00    	cmpl $0,-528(%rbp)
 385  0005b5  83bdecfdffff00    	cmpl $0,-532(%rbp)
 386  0005bc  83bde8fdffff00    	cmpl $0,-536(%rbp)
 387  0005c3  83bddcfdffff00    	cmpl $0,-548(%rbp)
 388  0005ca  83bdc8fdffff00    	cmpl $0,-568(%rbp)
 389  0005d1  837dbc00          	cmpl $0,-68(%rbp)
 390  0005d5  41837d0c00        	cmpl $0,12(%r13)
 391  0005da  41837e0c00        	cmpl $0,12(%r14)
 392  0005df  837b0c00          	cmpl $0,12(%rbx)
 393  0005e3  837f0c00          	cmpl $0,12(%rdi)
 394  0005e7  4183bc2480000000  	cmpl $0,128(%r12)
              00            
 395  0005f0  41837d1000        	cmpl $0,16(%r13)
 396  0005f5  41837e1000        	cmpl $0,16(%r14)
 397  0005fa  41837f1000        	cmpl $0,16(%r15)
 398  0005ff  83781000          	cmpl $0,16(%rax)
 399  000603  837b1000          	cmpl $0,16(%rbx)
 400  000607  4183bc24a0000000  	cmpl $0,160(%r12)
              00            
 401  000610  4183bc24a4000000  	cmpl $0,164(%r12)
              00            
 402  000619  4183bc24b8000000  	cmpl $0,184(%r12)
              00            
 403  000622  4183bdc000000000  	cmpl $0,192(%r13)
 404  00062a  4183bdd800000000  	cmpl $0,216(%r13)
 405  000632  837b1800          	cmpl $0,24(%rbx)
 406  000636  4183bdf000000000  	cmpl $0,240(%r13)
 407  00063e  4183bd0801000000  	cmpl $0,264(%r13)
 408  000646  41837e1c00        	cmpl $0,28(%r14)
 409  00064b  4183bd2001000000  	cmpl $0,288(%r13)
 410  000653  837b2000          	cmpl $0,32(%rbx)
 411  000657  41837c240400      	cmpl $0,4(%r12)
 412  00065d  41837e0400        	cmpl $0,4(%r14)
 413  000662  4183780400        	cmpl $0,4(%r8)
 414  000667  837b0400          	cmpl $0,4(%rbx)
 415  00066b  4183bc2498010000  	cmpl $0,408(%r12)
              00            
 416  000674  83783000          	cmpl $0,48(%rax)
 417  000678  837b3000          	cmpl $0,48(%rbx)
 418  00067c  83793000          	cmpl $0,48(%rcx)
 419  000680  837e3000          	cmpl $0,48(%rsi)
 420  000684  837b3400          	cmpl $0,52(%rbx)
 421  000688  41837c243800      	cmpl $0,56(%r12)
 422  00068e  4183bc2448020000  	cmpl $0,584(%r12)
              00            
 423  000697  837f3c00          	cmpl $0,60(%rdi)
 424  00069b  4183bc2460020000  	cmpl $0,608(%r12)
              00            
 425  0006a4  4183bc2478020000  	cmpl $0,632(%r12)
              00            
 426  0006ad  83bbc002000000    	cmpl $0,704(%rbx)
 427  0006b4  4183bff002000000  	cmpl $0,752(%r15)
 428  0006bc  41837d0800        	cmpl $0,8(%r13)
 429  0006c1  41837e0800        	cmpl $0,8(%r14)
 430  0006c6  837b0800          	cmpl $0,8(%rbx)
 431  0006ca  837f0800          	cmpl $0,8(%rdi)
 432  0006ce  83f801            	cmpl $1,%eax
 433  0006d1  83fb01            	cmpl $1,%ebx
 434  0006d4  83f901            	cmpl $1,%ecx
 435  0006d7  83ff01            	cmpl $1,%edi
 436  0006da  83fe01            	cmpl $1,%esi
 437  0006dd  4183fb01          	cmpl $1,%r11d
 438  0006e1  4183fc01          	cmpl $1,%r12d
 439  0006e5  4183fd01          	cmpl $1,%r13d
 440  0006e9  4183fe01          	cmpl $1,%r14d
 441  0006ed  43837c250001      	cmpl $1,(%r13,%r12)
 442  0006f3  41837c1d0001      	cmpl $1,(%r13,%rbx)
 443  0006f9  43833c3701        	cmpl $1,(%r15,%r14)
 444  0006fe  833c0101          	cmpl $1,(%rcx,%rax)
 445  000702  83bd54ffffff01    	cmpl $1,-172(%rbp)
 446  000709  837df801          	cmpl $1,-8(%rbp)
 447  00070d  83780c01          	cmpl $1,12(%rax)
 448  000711  837b0c01          	cmpl $1,12(%rbx)
 449  000715  41837f2001        	cmpl $1,32(%r15)
 450  00071a  41837c242401      	cmpl $1,36(%r12)
 451  000720  83782401          	cmpl $1,36(%rax)
 452  000724  41837f3c01        	cmpl $1,60(%r15)
 453  000729  41837c240801      	cmpl $1,8(%r12)
 454  00072f  837e0801          	cmpl $1,8(%rsi)
 455  000733  83f80a            	cmpl $10,%eax
 456  000736  83fb0a            	cmpl $10,%ebx
 457  000739  83f90a            	cmpl $10,%ecx
 458  00073c  83ff0a            	cmpl $10,%edi
 459  00073f  83fa0a            	cmpl $10,%edx
 460  000742  83fe0a            	cmpl $10,%esi
 461  000745  4183fc0a          	cmpl $10,%r12d
 462  000749  4183fd0a          	cmpl $10,%r13d
 463  00074d  4183fe0a          	cmpl $10,%r14d
 464  000751  83f865            	cmpl $101,%eax
 465  000754  4183fe65          	cmpl $101,%r14d
 466  000758  4183ff65          	cmpl $101,%r15d
 467  00075c  83f866            	cmpl $102,%eax
 468  00075f  4183ff66          	cmpl $102,%r15d
 469  000763  3d00040000        	cmpl $1024,%eax
 470  000768  81f900040000      	cmpl $1024,%ecx
 471  00076e  83f867            	cmpl $103,%eax
 472  000771  4183fe67          	cmpl $103,%r14d
 473  000775  4183f867          	cmpl $103,%r8d
 474  000779  83ff68            	cmpl $104,%edi
 475  00077c  4183ff68          	cmpl $104,%r15d
 476  000780  83bd54ffffff68    	cmpl $104,-172(%rbp)
 477  000787  83bde4fdffff68    	cmpl $104,-540(%rbp)
 478  00078e  81f900001000      	cmpl $1048576,%ecx
 479  000794  81f903000040      	cmpl $1073741827,%ecx
 480  00079a  3d04000040        	cmpl $1073741828,%eax
 481  00079f  81f904000040      	cmpl $1073741828,%ecx
 482  0007a5  813b05000040      	cmpl $1073741829,(%rbx)
 483  0007ab  3d06000040        	cmpl $1073741830,%eax
 484  0007b0  41817d0006000040  	cmpl $1073741830,(%r13)
 485  0007b8  41813e06000040    	cmpl $1073741830,(%r14)
 486  0007bf  813806000040      	cmpl $1073741830,(%rax)
 487  0007c5  813b06000040      	cmpl $1073741830,(%rbx)
 488  0007cb  813906000040      	cmpl $1073741830,(%rcx)
 489  0007d1  3d07000040        	cmpl $1073741831,%eax
 490  0007d6  81f907000040      	cmpl $1073741831,%ecx
 491  0007dc  813807000040      	cmpl $1073741831,(%rax)
 492  0007e2  813907000040      	cmpl $1073741831,(%rcx)
 493  0007e8  3d08000040        	cmpl $1073741832,%eax
 494  0007ed  3d09000040        	cmpl $1073741833,%eax
 495  0007f2  81f909000040      	cmpl $1073741833,%ecx
 496  0007f8  3d0a000040        	cmpl $1073741834,%eax
 497  0007fd  81f90a000040      	cmpl $1073741834,%ecx
 498  000803  81f92f000040      	cmpl $1073741871,%ecx
 499  000809  81f930000040      	cmpl $1073741872,%ecx
 500  00080f  3d3e000040        	cmpl $1073741886,%eax
 501  000814  817c010400000840  	cmpl $1074266112,4(%rcx,%rax)
 502  00081c  83ff6c            	cmpl $108,%edi
 503  00081f  4183ff6c          	cmpl $108,%r15d
 504  000823  83bd54ffffff6c    	cmpl $108,-172(%rbp)
 505  00082a  83bde4fdffff6c    	cmpl $108,-540(%rbp)
 506  000831  83f80b            	cmpl $11,%eax
 507  000834  83f90b            	cmpl $11,%ecx
 508  000837  83fa0b            	cmpl $11,%edx
 509  00083a  41837d000b        	cmpl $11,(%r13)
 510  00083f  41833e0b          	cmpl $11,(%r14)
 511  000843  83380b            	cmpl $11,(%rax)
 512  000846  4183ff6e          	cmpl $110,%r15d
 513  00084a  83bdc8fdffff6f    	cmpl $111,-568(%rbp)
 514  000851  83f870            	cmpl $112,%eax
 515  000854  83bd54ffffff70    	cmpl $112,-172(%rbp)
 516  00085b  83f872            	cmpl $114,%eax
 517  00085e  4183ff73          	cmpl $115,%r15d
 518  000862  4183fd76          	cmpl $118,%r13d
 519  000866  83f877            	cmpl $119,%eax
 520  000869  83f80c            	cmpl $12,%eax
 521  00086c  83fb0c            	cmpl $12,%ebx
 522  00086f  83f90c            	cmpl $12,%ecx
 523  000872  83fa0c            	cmpl $12,%edx
 524  000875  83fe0c            	cmpl $12,%esi
 525  000878  4183fc0c          	cmpl $12,%r12d
 526  00087c  83380c            	cmpl $12,(%rax)
 527  00087f  41837f080c        	cmpl $12,8(%r15)
 528  000884  83f878            	cmpl $120,%eax
 529  000887  83f978            	cmpl $120,%ecx
 530  00088a  83ff78            	cmpl $120,%edi
 531  00088d  4183fc78          	cmpl $120,%r12d
 532  000891  4183ff78          	cmpl $120,%r15d
 533  000895  83ff7a            	cmpl $122,%edi
 534  000898  83fe7a            	cmpl $122,%esi
 535  00089b  83f87b            	cmpl $123,%eax
 536  00089e  83ff7b            	cmpl $123,%edi
 537  0008a1  83f87c            	cmpl $124,%eax
 538  0008a4  4183fe7d          	cmpl $125,%r14d
 539  0008a8  83f87e            	cmpl $126,%eax
 540  0008ab  817ff8676e694b    	cmpl $1265200743,-8(%rdi)
 541  0008b2  83f87f            	cmpl $127,%eax
 542  0008b5  4183fc7f          	cmpl $127,%r12d
 543  0008b9  81ff80000000      	cmpl $128,%edi
 544  0008bf  4181fc80000000    	cmpl $128,%r12d
 545  0008c6  4181fe80000000    	cmpl $128,%r14d
 546  0008cd  83f80d            	cmpl $13,%eax
 547  0008d0  83fb0d            	cmpl $13,%ebx
 548  0008d3  83fe0d            	cmpl $13,%esi
 549  0008d6  4183fc0d          	cmpl $13,%r12d
 550  0008da  4183fd0d          	cmpl $13,%r13d
 551  0008de  83380d            	cmpl $13,(%rax)
 552  0008e1  81fb00000008      	cmpl $134217728,%ebx
 553  0008e7  41817d1000000008  	cmpl $134217728,16(%r13)
 554  0008ef  3d03000050        	cmpl $1342177283,%eax
 555  0008f4  81f903000050      	cmpl $1342177283,%ecx
 556  0008fa  3d0c000008        	cmpl $134217740,%eax
 557  0008ff  81f90c000008      	cmpl $134217740,%ecx
 558  000905  3d10000008        	cmpl $134217744,%eax
 559  00090a  81f910000008      	cmpl $134217744,%ecx
 560  000910  83f80e            	cmpl $14,%eax
 561  000913  83fe0e            	cmpl $14,%esi
 562  000916  83f80f            	cmpl $15,%eax
 563  000919  83fb0f            	cmpl $15,%ebx
 564  00091c  83f90f            	cmpl $15,%ecx
 565  00091f  83fe0f            	cmpl $15,%esi
 566  000922  83f810            	cmpl $16,%eax
 567  000925  83fb10            	cmpl $16,%ebx
 568  000928  83ff10            	cmpl $16,%edi
 569  00092b  83fa10            	cmpl $16,%edx
 570  00092e  83fe10            	cmpl $16,%esi
 571  000931  4183fc10          	cmpl $16,%r12d
 572  000935  4183fe10          	cmpl $16,%r14d
 573  000939  81380c000060      	cmpl $1610612748,(%rax)
 574  00093f  81382a000060      	cmpl $1610612778,(%rax)
 575  000945  41813e39000060    	cmpl $1610612793,(%r14)
 576  00094c  41813e3a000060    	cmpl $1610612794,(%r14)
 577  000953  83f911            	cmpl $17,%ecx
 578  000956  83f812            	cmpl $18,%eax
 579  000959  4183fe13          	cmpl $19,%r14d
 580  00095d  83f802            	cmpl $2,%eax
 581  000960  83fb02            	cmpl $2,%ebx
 582  000963  83f902            	cmpl $2,%ecx
 583  000966  83ff02            	cmpl $2,%edi
 584  000969  83fa02            	cmpl $2,%edx
 585  00096c  83fe02            	cmpl $2,%esi
 586  00096f  4183fb02          	cmpl $2,%r11d
 587  000973  4183fc02          	cmpl $2,%r12d
 588  000977  4183fd02          	cmpl $2,%r13d
 589  00097b  4183fe02          	cmpl $2,%r14d
 590  00097f  837de802          	cmpl $2,-24(%rbp)
 591  000983  837df802          	cmpl $2,-8(%rbp)
 592  000987  83f814            	cmpl $20,%eax
 593  00098a  83fb14            	cmpl $20,%ebx
 594  00098d  83f914            	cmpl $20,%ecx
 595  000990  4183fc14          	cmpl $20,%r12d
 596  000994  3dff070000        	cmpl $2047,%eax
 597  000999  3d00080000        	cmpl $2048,%eax
 598  00099e  81fb00080000      	cmpl $2048,%ebx
 599  0009a4  4181fe00080000    	cmpl $2048,%r14d
 600  0009ab  83f815            	cmpl $21,%eax
 601  0009ae  83f915            	cmpl $21,%ecx
 602  0009b1  81fbfdffff7f      	cmpl $2147483645,%ebx
 603  0009b7  3dfeffff7f        	cmpl $2147483646,%eax
 604  0009bc  81f9feffff7f      	cmpl $2147483646,%ecx
 605  0009c2  81f9ffffff7f      	cmpl $2147483647,%ecx
 606  0009c8  3d00000080        	cmpl $2147483648,%eax
 607  0009cd  4181fc00000080    	cmpl $2147483648,%r12d
 608  0009d4  4181fd00000080    	cmpl $2147483648,%r13d
 609  0009db  81f902000080      	cmpl $2147483650,%ecx
 610  0009e1  81fa02000080      	cmpl $2147483650,%edx
 611  0009e7  41817d0002000080  	cmpl $2147483650,(%r13)
 612  0009ef  41813e02000080    	cmpl $2147483650,(%r14)
 613  0009f6  813802000080      	cmpl $2147483650,(%rax)
 614  0009fc  813b02000080      	cmpl $2147483650,(%rbx)
 615  000a02  813902000080      	cmpl $2147483650,(%rcx)
 616  000a08  813f02000080      	cmpl $2147483650,(%rdi)
 617  000a0e  813a02000080      	cmpl $2147483650,(%rdx)
 618  000a14  81383b000080      	cmpl $2147483707,(%rax)
 619  000a1a  81fa3c000080      	cmpl $2147483708,%edx
 620  000a20  81383c000080      	cmpl $2147483708,(%rax)
 621  000a26  41817d003d000080  	cmpl $2147483709,(%r13)
 622  000a2e  41813e3d000080    	cmpl $2147483709,(%r14)
 623  000a35  3d00800280        	cmpl $2147647488,%eax
 624  000a3a  81fa00800280      	cmpl $2147647488,%edx
 625  000a40  4181fd00800280    	cmpl $2147647488,%r13d
 626  000a47  3d00c00280        	cmpl $2147663872,%eax
 627  000a4c  81fa00c00280      	cmpl $2147663872,%edx
 628  000a52  4181fd00c00280    	cmpl $2147663872,%r13d
 629  000a59  41833f16          	cmpl $22,(%r15)
 630  000a5d  8379fc16          	cmpl $22,-4(%rcx)
 631  000a61  4181fd1f00b00d    	cmpl $229638175,%r13d
 632  000a68  83f817            	cmpl $23,%eax
 633  000a6b  83f917            	cmpl $23,%ecx
 634  000a6e  83f918            	cmpl $24,%ecx
 635  000a71  4183fc18          	cmpl $24,%r12d
 636  000a75  4183fd18          	cmpl $24,%r13d
 637  000a79  3d01000090        	cmpl $2415919105,%eax
 638  000a7e  81f901000090      	cmpl $2415919105,%ecx
 639  000a84  41817d0001000090  	cmpl $2415919105,(%r13)
 640  000a8c  813801000090      	cmpl $2415919105,(%rax)
 641  000a92  813b01000090      	cmpl $2415919105,(%rbx)
 642  000a98  813901000090      	cmpl $2415919105,(%rcx)
 643  000a9e  813f01000090      	cmpl $2415919105,(%rdi)
 644  000aa4  4181fd2000a00e    	cmpl $245366816,%r13d
 645  000aab  81f900600000      	cmpl $24576,%ecx
 646  000ab1  4183fd19          	cmpl $25,%r13d
 647  000ab5  81fbff000000      	cmpl $255,%ebx
 648  000abb  81f9ff000000      	cmpl $255,%ecx
 649  000ac1  81feff000000      	cmpl $255,%esi
 650  000ac7  4181fcff000000    	cmpl $255,%r12d
 651  000ace  4181feff000000    	cmpl $255,%r14d
 652  000ad5  3d00010000        	cmpl $256,%eax
 653  000ada  81ff00010000      	cmpl $256,%edi
 654  000ae0  81fe00010000      	cmpl $256,%esi
 655  000ae6  4181fc00010000    	cmpl $256,%r12d
 656  000aed  83fb1a            	cmpl $26,%ebx
 657  000af0  83f91a            	cmpl $26,%ecx
 658  000af3  83ff1a            	cmpl $26,%edi
 659  000af6  83fa1a            	cmpl $26,%edx
 660  000af9  81f900000400      	cmpl $262144,%ecx
 661  000aff  4181fd2100a00f    	cmpl $262144033,%r13d
 662  000b06  3d80000400        	cmpl $262272,%eax
 663  000b0b  81fb80000400      	cmpl $262272,%ebx
 664  000b11  81fb82000400      	cmpl $262274,%ebx
 665  000b17  3d85000400        	cmpl $262277,%eax
 666  000b1c  81fb85000400      	cmpl $262277,%ebx
 667  000b22  41813e090000a0    	cmpl $2684354569,(%r14)
 668  000b29  81f90a0000a0      	cmpl $2684354570,%ecx
 669  000b2f  41813e0c0000a0    	cmpl $2684354572,(%r14)
 670  000b36  83f91b            	cmpl $27,%ecx
 671  000b39  83fa1b            	cmpl $27,%edx
 672  000b3c  4183fc1b          	cmpl $27,%r12d
 673  000b40  4183fd1b          	cmpl $27,%r13d
 674  000b44  813b040000a2      	cmpl $2717908996,(%rbx)
 675  000b4a  83f91c            	cmpl $28,%ecx
 676  000b4d  83fa1c            	cmpl $28,%edx
 677  000b50  4183fd1c          	cmpl $28,%r13d
 678  000b54  83f81d            	cmpl $29,%eax
 679  000b57  83f91d            	cmpl $29,%ecx
 680  000b5a  4183fd1d          	cmpl $29,%r13d
 681  000b5e  833b1d            	cmpl $29,(%rbx)
 682  000b61  41813c240f0000b0  	cmpl $2952790031,(%r12)
 683  000b69  83f803            	cmpl $3,%eax
 684  000b6c  83f903            	cmpl $3,%ecx
 685  000b6f  83ff03            	cmpl $3,%edi
 686  000b72  83fa03            	cmpl $3,%edx
 687  000b75  83fe03            	cmpl $3,%esi
 688  000b78  4183fb03          	cmpl $3,%r11d
 689  000b7c  4183fc03          	cmpl $3,%r12d
 690  000b80  4183fd03          	cmpl $3,%r13d
 691  000b84  4183f81e          	cmpl $30,%r8d
 692  000b88  813f130000b4      	cmpl $3019898899,(%rdi)
 693  000b8e  81ff33010000      	cmpl $307,%edi
 694  000b94  3d34010000        	cmpl $308,%eax
 695  000b99  81ff34010000      	cmpl $308,%edi
 696  000b9f  83381f            	cmpl $31,(%rax)
 697  000ba2  83f820            	cmpl $32,%eax
 698  000ba5  83fb20            	cmpl $32,%ebx
 699  000ba8  83f920            	cmpl $32,%ecx
 700  000bab  83ff20            	cmpl $32,%edi
 701  000bae  83fe20            	cmpl $32,%esi
 702  000bb1  4183fa20          	cmpl $32,%r10d
 703  000bb5  4183fc20          	cmpl $32,%r12d
 704  000bb9  4183f920          	cmpl $32,%r9d
 705  000bbd  3d000000c0        	cmpl $3221225472,%eax
 706  000bc2  81fbf47e0000      	cmpl $32500,%ebx
 707  000bc8  3d00800000        	cmpl $32768,%eax
 708  000bcd  83f822            	cmpl $34,%eax
 709  000bd0  83fb22            	cmpl $34,%ebx
 710  000bd3  83f922            	cmpl $34,%ecx
 711  000bd6  83fa22            	cmpl $34,%edx
 712  000bd9  4183fc22          	cmpl $34,%r12d
 713  000bdd  4183fe22          	cmpl $34,%r14d
 714  000be1  83f823            	cmpl $35,%eax
 715  000be4  83f923            	cmpl $35,%ecx
 716  000be7  83ff23            	cmpl $35,%edi
 717  000bea  83f824            	cmpl $36,%eax
 718  000bed  83fb24            	cmpl $36,%ebx
 719  000bf0  83f924            	cmpl $36,%ecx
 720  000bf3  83ff24            	cmpl $36,%edi
 721  000bf6  4183fe24          	cmpl $36,%r14d
 722  000bfa  83f825            	cmpl $37,%eax
 723  000bfd  83fb25            	cmpl $37,%ebx
 724  000c00  83f925            	cmpl $37,%ecx
 725  000c03  83ff25            	cmpl $37,%edi
 726  000c06  8379fc25          	cmpl $37,-4(%rcx)
 727  000c0a  4181fd2a006016    	cmpl $375390250,%r13d
 728  000c11  83f826            	cmpl $38,%eax
 729  000c14  83f926            	cmpl $38,%ecx
 730  000c17  83fa26            	cmpl $38,%edx
 731  000c1a  81ff40080017      	cmpl $385878080,%edi
 732  000c20  41813c2440080017  	cmpl $385878080,(%r12)
 733  000c28  83f827            	cmpl $39,%eax
 734  000c2b  4183fe27          	cmpl $39,%r14d
 735  000c2f  41833f27          	cmpl $39,(%r15)
 736  000c33  83f804            	cmpl $4,%eax
 737  000c36  83fb04            	cmpl $4,%ebx
 738  000c39  83f904            	cmpl $4,%ecx
 739  000c3c  83ff04            	cmpl $4,%edi
 740  000c3f  83fe04            	cmpl $4,%esi
 741  000c42  4183fb04          	cmpl $4,%r11d
 742  000c46  4183fc04          	cmpl $4,%r12d
 743  000c4a  4183fd04          	cmpl $4,%r13d
 744  000c4e  83f828            	cmpl $40,%eax
 745  000c51  4181fc34007018    	cmpl $409993268,%r12d
 746  000c58  83f829            	cmpl $41,%eax
 747  000c5b  81fa09100000      	cmpl $4105,%edx
 748  000c61  81fa0e100000      	cmpl $4110,%edx
 749  000c67  81fa21100000      	cmpl $4129,%edx
 750  000c6d  81fa22100000      	cmpl $4130,%edx
 751  000c73  81fb08008002      	cmpl $41943048,%ebx
 752  000c79  83f82a            	cmpl $42,%eax
 753  000c7c  83fb2a            	cmpl $42,%ebx
 754  000c7f  83ff2a            	cmpl $42,%edi
 755  000c82  83fa2a            	cmpl $42,%edx
 756  000c85  4183fc2a          	cmpl $42,%r12d
 757  000c89  4183ff2a          	cmpl $42,%r15d
 758  000c8d  41833e2a          	cmpl $42,(%r14)
 759  000c91  83f82b            	cmpl $43,%eax
 760  000c94  83f92b            	cmpl $43,%ecx
 761  000c97  83fa2b            	cmpl $43,%edx
 762  000c9a  83fe2b            	cmpl $43,%esi
 763  000c9d  4183fd2b          	cmpl $43,%r13d
 764  000ca1  4183fe2b          	cmpl $43,%r14d
 765  000ca5  83f82d            	cmpl $45,%eax
 766  000ca8  83f92d            	cmpl $45,%ecx
 767  000cab  83fa2d            	cmpl $45,%edx
 768  000cae  83fe2d            	cmpl $45,%esi
 769  000cb1  4183fe2d          	cmpl $45,%r14d
 770  000cb5  83f82e            	cmpl $46,%eax
 771  000cb8  83fb2e            	cmpl $46,%ebx
 772  000cbb  83f92e            	cmpl $46,%ecx
 773  000cbe  83ff2e            	cmpl $46,%edi
 774  000cc1  4183fe2e          	cmpl $46,%r14d
 775  000cc5  83f82f            	cmpl $47,%eax
 776  000cc8  83f830            	cmpl $48,%eax
 777  000ccb  83ff30            	cmpl $48,%edi
 778  000cce  83fe30            	cmpl $48,%esi
 779  000cd1  4183fb30          	cmpl $48,%r11d
 780  000cd5  4183fc30          	cmpl $48,%r12d
 781  000cd9  4183fe30          	cmpl $48,%r14d
 782  000cdd  83bdc4fdffff30    	cmpl $48,-572(%rbp)
 783  000ce4  817de01600001d    	cmpl $486539286,-32(%rbp)
 784  000ceb  83f805            	cmpl $5,%eax
 785  000cee  83f905            	cmpl $5,%ecx
 786  000cf1  4183fc05          	cmpl $5,%r12d
 787  000cf5  4183fd05          	cmpl $5,%r13d
 788  000cf9  83ff32            	cmpl $50,%edi
 789  000cfc  83f833            	cmpl $51,%eax
 790  000cff  83f933            	cmpl $51,%ecx
 791  000d02  4183fc33          	cmpl $51,%r12d
 792  000d06  41833c2433        	cmpl $51,(%r12)
 793  000d0b  41833e33          	cmpl $51,(%r14)
 794  000d0f  833833            	cmpl $51,(%rax)
 795  000d12  833b33            	cmpl $51,(%rbx)
 796  000d15  833f33            	cmpl $51,(%rdi)
 797  000d18  833e33            	cmpl $51,(%rsi)
 798  000d1b  81ff00020000      	cmpl $512,%edi
 799  000d21  4181fc00020000    	cmpl $512,%r12d
 800  000d28  83ff34            	cmpl $52,%edi
 801  000d2b  83fe34            	cmpl $52,%esi
 802  000d2e  41833c2434        	cmpl $52,(%r12)
 803  000d33  833834            	cmpl $52,(%rax)
 804  000d36  833b34            	cmpl $52,(%rbx)
 805  000d39  81fe0d000020      	cmpl $536870925,%esi
 806  000d3f  813e0d000020      	cmpl $536870925,(%rsi)
 807  000d45  3d0e000020        	cmpl $536870926,%eax
 808  000d4a  3d0f000020        	cmpl $536870927,%eax
 809  000d4f  81f90f000020      	cmpl $536870927,%ecx
 810  000d55  81380f000020      	cmpl $536870927,(%rax)
 811  000d5b  813e0f000020      	cmpl $536870927,(%rsi)
 812  000d61  3d10000020        	cmpl $536870928,%eax
 813  000d66  81f910000020      	cmpl $536870928,%ecx
 814  000d6c  41813c2410000020  	cmpl $536870928,(%r12)
 815  000d74  813810000020      	cmpl $536870928,(%rax)
 816  000d7a  813b10000020      	cmpl $536870928,(%rbx)
 817  000d80  3d19000020        	cmpl $536870937,%eax
 818  000d85  81f919000020      	cmpl $536870937,%ecx
 819  000d8b  81f91a000020      	cmpl $536870938,%ecx
 820  000d91  41813e1a000020    	cmpl $536870938,(%r14)
 821  000d98  813b1a000020      	cmpl $536870938,(%rbx)
 822  000d9e  81f91e000020      	cmpl $536870942,%ecx
 823  000da4  3d20000020        	cmpl $536870944,%eax
 824  000da9  3d21000020        	cmpl $536870945,%eax
 825  000dae  3d22000020        	cmpl $536870946,%eax
 826  000db3  81f922000020      	cmpl $536870946,%ecx
 827  000db9  81fe24000020      	cmpl $536870948,%esi
 828  000dbf  81ff27000020      	cmpl $536870951,%edi
 829  000dc5  81ff28000020      	cmpl $536870952,%edi
 830  000dcb  81fe28000020      	cmpl $536870952,%esi
 831  000dd1  4181fc28000020    	cmpl $536870952,%r12d
 832  000dd8  81fe29000020      	cmpl $536870953,%esi
 833  000dde  81ff2c000020      	cmpl $536870956,%edi
 834  000de4  81fe2c000020      	cmpl $536870956,%esi
 835  000dea  4181fc2c000020    	cmpl $536870956,%r12d
 836  000df1  81382c000020      	cmpl $536870956,(%rax)
 837  000df7  3d2e000020        	cmpl $536870958,%eax
 838  000dfc  3d2f000020        	cmpl $536870959,%eax
 839  000e01  81382f000020      	cmpl $536870959,(%rax)
 840  000e07  81ff30000020      	cmpl $536870960,%edi
 841  000e0d  81fe30000020      	cmpl $536870960,%esi
 842  000e13  81fe02010020      	cmpl $536871170,%esi
 843  000e19  3d00020020        	cmpl $536871424,%eax
 844  000e1e  3d01020020        	cmpl $536871425,%eax
 845  000e23  81ff01020020      	cmpl $536871425,%edi
 846  000e29  4181fc01020020    	cmpl $536871425,%r12d
 847  000e30  81fe09030020      	cmpl $536871689,%esi
 848  000e36  81fe08040020      	cmpl $536871944,%esi
 849  000e3c  813808040020      	cmpl $536871944,(%rax)
 850  000e42  81380a040020      	cmpl $536871946,(%rax)
 851  000e48  81fe23040020      	cmpl $536871971,%esi
 852  000e4e  81fe15050020      	cmpl $536872213,%esi
 853  000e54  83f836            	cmpl $54,%eax
 854  000e57  83ff36            	cmpl $54,%edi
 855  000e5a  83fe36            	cmpl $54,%esi
 856  000e5d  83f837            	cmpl $55,%eax
 857  000e60  4183fc37          	cmpl $55,%r12d
 858  000e64  41833e37          	cmpl $55,(%r14)
 859  000e68  833837            	cmpl $55,(%rax)
 860  000e6b  81fb05000021      	cmpl $553648133,%ebx
 861  000e71  4181ff05000021    	cmpl $553648133,%r15d
 862  000e78  83f838            	cmpl $56,%eax
 863  000e7b  4183fc38          	cmpl $56,%r12d
 864  000e7f  83f839            	cmpl $57,%eax
 865  000e82  83ff39            	cmpl $57,%edi
 866  000e85  83fe39            	cmpl $57,%esi
 867  000e88  83f83a            	cmpl $58,%eax
 868  000e8b  83fb3a            	cmpl $58,%ebx
 869  000e8e  83fa3a            	cmpl $58,%edx
 870  000e91  81fb02008003      	cmpl $58720258,%ebx
 871  000e97  81f902008003      	cmpl $58720258,%ecx
 872  000e9d  4181f902008003    	cmpl $58720258,%r9d
 873  000ea4  83fa3b            	cmpl $59,%edx
 874  000ea7  83fb06            	cmpl $6,%ebx
 875  000eaa  4183fc06          	cmpl $6,%r12d
 876  000eae  4183fd06          	cmpl $6,%r13d
 877  000eb2  83fb3c            	cmpl $60,%ebx
 878  000eb5  83ff3c            	cmpl $60,%edi
 879  000eb8  4183fe3c          	cmpl $60,%r14d
 880  000ebc  81fb0b000024      	cmpl $603979787,%ebx
 881  000ec2  41813c240b000024  	cmpl $603979787,(%r12)
 882  000eca  813b0b000024      	cmpl $603979787,(%rbx)
 883  000ed0  813f0b000024      	cmpl $603979787,(%rdi)
 884  000ed6  83f83d            	cmpl $61,%eax
 885  000ed9  83fb3e            	cmpl $62,%ebx
 886  000edc  83ff3e            	cmpl $62,%edi
 887  000edf  83f83f            	cmpl $63,%eax
 888  000ee2  83fe3f            	cmpl $63,%esi
 889  000ee5  4183fc3f          	cmpl $63,%r12d
 890  000ee9  41837c24043f      	cmpl $63,4(%r12)
 891  000eef  83f840            	cmpl $64,%eax
 892  000ef2  83fb40            	cmpl $64,%ebx
 893  000ef5  83ff40            	cmpl $64,%edi
 894  000ef8  4183fc40          	cmpl $64,%r12d
 895  000efc  83f841            	cmpl $65,%eax
 896  000eff  83fe41            	cmpl $65,%esi
 897  000f02  83f843            	cmpl $67,%eax
 898  000f05  83f844            	cmpl $68,%eax
 899  000f08  83f845            	cmpl $69,%eax
 900  000f0b  83ff45            	cmpl $69,%edi
 901  000f0e  4183fe45          	cmpl $69,%r14d
 902  000f12  4183ff45          	cmpl $69,%r15d
 903  000f16  83f807            	cmpl $7,%eax
 904  000f19  83fb07            	cmpl $7,%ebx
 905  000f1c  83f907            	cmpl $7,%ecx
 906  000f1f  4183fc07          	cmpl $7,%r12d
 907  000f23  83f846            	cmpl $70,%eax
 908  000f26  83ff47            	cmpl $71,%edi
 909  000f29  4183fe47          	cmpl $71,%r14d
 910  000f2d  4183f847          	cmpl $71,%r8d
 911  000f31  83f849            	cmpl $73,%eax
 912  000f34  83f949            	cmpl $73,%ecx
 913  000f37  4183fd49          	cmpl $73,%r13d
 914  000f3b  83f84c            	cmpl $76,%eax
 915  000f3e  83ff4c            	cmpl $76,%edi
 916  000f41  4183ff4c          	cmpl $76,%r15d
 917  000f45  83bd54ffffff4c    	cmpl $76,-172(%rbp)
 918  000f4c  83f808            	cmpl $8,%eax
 919  000f4f  83fb08            	cmpl $8,%ebx
 920  000f52  83ff08            	cmpl $8,%edi
 921  000f55  83fa08            	cmpl $8,%edx
 922  000f58  4183fc08          	cmpl $8,%r12d
 923  000f5c  4183fd08          	cmpl $8,%r13d
 924  000f60  83f850            	cmpl $80,%eax
 925  000f63  83f852            	cmpl $82,%eax
 926  000f66  81fb27000031      	cmpl $822083623,%ebx
 927  000f6c  3d01008000        	cmpl $8388609,%eax
 928  000f71  81fb01008000      	cmpl $8388609,%ebx
 929  000f77  81f901008000      	cmpl $8388609,%ecx
 930  000f7d  81ff01008000      	cmpl $8388609,%edi
 931  000f83  81fa01008000      	cmpl $8388609,%edx
 932  000f89  4181f901008000    	cmpl $8388609,%r9d
 933  000f90  813b01008000      	cmpl $8388609,(%rbx)
 934  000f96  83f855            	cmpl $85,%eax
 935  000f99  83fe55            	cmpl $85,%esi
 936  000f9c  81fb26000033      	cmpl $855638054,%ebx
 937  000fa2  83ff58            	cmpl $88,%edi
 938  000fa5  83f809            	cmpl $9,%eax
 939  000fa8  83fb09            	cmpl $9,%ebx
 940  000fab  83fa09            	cmpl $9,%edx
 941  000fae  4183fc09          	cmpl $9,%r12d
 942  000fb2  83fe5a            	cmpl $90,%esi
 943  000fb5  4183ff5b          	cmpl $91,%r15d
 944  000fb9  83f85c            	cmpl $92,%eax
 945  000fbc  83fb5c            	cmpl $92,%ebx
 946  000fbf  83ff5c            	cmpl $92,%edi
 947  000fc2  83fe5c            	cmpl $92,%esi
 948  000fc5  4183fc5c          	cmpl $92,%r12d
 949  000fc9  83f95d            	cmpl $93,%ecx
 950  000fcc  83f95e            	cmpl $94,%ecx
 951  000fcf  83f85f            	cmpl $95,%eax
 952  000fd2  83fb5f            	cmpl $95,%ebx
 953  000fd5  83ff5f            	cmpl $95,%edi
 954  000fd8  83fe5f            	cmpl $95,%esi
 955  000fdb  4183fe5f          	cmpl $95,%r14d
 956  000fdf  83f861            	cmpl $97,%eax
 957  000fe2  83fe61            	cmpl $97,%esi
 958  000fe5  83f863            	cmpl $99,%eax
 959  000fe8  83ff63            	cmpl $99,%edi
 960  000feb  4183ff63          	cmpl $99,%r15d
 961  000fef  39c3              	cmpl %eax,%ebx
 962  000ff1  39c1              	cmpl %eax,%ecx
 963  000ff3  39c7              	cmpl %eax,%edi
 964  000ff5  39c2              	cmpl %eax,%edx
 965  000ff7  39c6              	cmpl %eax,%esi
 966  000ff9  4139c2            	cmpl %eax,%r10d
 967  000ffc  4139c3            	cmpl %eax,%r11d
 968  000fff  4139c4            	cmpl %eax,%r12d
 969  001002  4139c5            	cmpl %eax,%r13d
 970  001005  4139c6            	cmpl %eax,%r14d
 971  001008  4139c7            	cmpl %eax,%r15d
 972  00100b  4139c0            	cmpl %eax,%r8d
 973  00100e  4139c1            	cmpl %eax,%r9d
 974  001011  398564ffffff      	cmpl %eax,-156(%rbp)
 975  001017  398520ffffff      	cmpl %eax,-224(%rbp)
 976  00101d  39851cffffff      	cmpl %eax,-228(%rbp)
 977  001023  3945e4            	cmpl %eax,-28(%rbp)
 978  001026  3945fc            	cmpl %eax,-4(%rbp)
 979  001029  3945d8            	cmpl %eax,-40(%rbp)
 980  00102c  3945d4            	cmpl %eax,-44(%rbp)
 981  00102f  3945f8            	cmpl %eax,-8(%rbp)
 982  001032  3945a0            	cmpl %eax,-96(%rbp)
 983  001035  39d8              	cmpl %ebx,%eax
 984  001037  39de              	cmpl %ebx,%esi
 985  001039  4139dc            	cmpl %ebx,%r12d
 986  00103c  4139dd            	cmpl %ebx,%r13d
 987  00103f  4139de            	cmpl %ebx,%r14d
 988  001042  395df0            	cmpl %ebx,-16(%rbp)
 989  001045  395dec            	cmpl %ebx,-20(%rbp)
 990  001048  395de8            	cmpl %ebx,-24(%rbp)
 991  00104b  395de0            	cmpl %ebx,-32(%rbp)
 992  00104e  39c8              	cmpl %ecx,%eax
 993  001050  39cb              	cmpl %ecx,%ebx
 994  001052  39cf              	cmpl %ecx,%edi
 995  001054  39ca              	cmpl %ecx,%edx
 996  001056  39ce              	cmpl %ecx,%esi
 997  001058  4139cb            	cmpl %ecx,%r11d
 998  00105b  4139cd            	cmpl %ecx,%r13d
 999  00105e  4139ce            	cmpl %ecx,%r14d
1000  001061  394dfc            	cmpl %ecx,-4(%rbp)
1001  001064  394df8            	cmpl %ecx,-8(%rbp)
1002  001067  39f8              	cmpl %edi,%eax
1003  001069  39fa              	cmpl %edi,%edx
1004  00106b  39fe              	cmpl %edi,%esi
1005  00106d  4139ff            	cmpl %edi,%r15d
1006  001070  4139f8            	cmpl %edi,%r8d
1007  001073  39d0              	cmpl %edx,%eax
1008  001075  39d3              	cmpl %edx,%ebx
1009  001077  39d1              	cmpl %edx,%ecx
1010  001079  39d7              	cmpl %edx,%edi
1011  00107b  39d6              	cmpl %edx,%esi
1012  00107d  4139d2            	cmpl %edx,%r10d
1013  001080  4139d4            	cmpl %edx,%r12d
1014  001083  4139d6            	cmpl %edx,%r14d
1015  001086  4139d7            	cmpl %edx,%r15d
1016  001089  3955ec            	cmpl %edx,-20(%rbp)
1017  00108c  3955dc            	cmpl %edx,-36(%rbp)
1018  00108f  39f0              	cmpl %esi,%eax
1019  001091  39f3              	cmpl %esi,%ebx
1020  001093  39f1              	cmpl %esi,%ecx
1021  001095  39f7              	cmpl %esi,%edi
1022  001097  4139f4            	cmpl %esi,%r12d
1023  00109a  4139f5            	cmpl %esi,%r13d
1024  00109d  4139f7            	cmpl %esi,%r15d
1025  0010a0  4139f0            	cmpl %esi,%r8d
1026  0010a3  4439d3            	cmpl %r10d,%ebx
1027  0010a6  4539d3            	cmpl %r10d,%r11d
1028  0010a9  4439db            	cmpl %r11d,%ebx
1029  0010ac  4439da            	cmpl %r11d,%edx
1030  0010af  4539dc            	cmpl %r11d,%r12d
1031  0010b2  4439e6            	cmpl %r12d,%esi
1032  0010b5  4539e5            	cmpl %r12d,%r13d
1033  0010b8  4539e6            	cmpl %r12d,%r14d
1034  0010bb  4539e7            	cmpl %r12d,%r15d
1035  0010be  443965ec          	cmpl %r12d,-20(%rbp)
1036  0010c2  443965e0          	cmpl %r12d,-32(%rbp)
1037  0010c6  443965fc          	cmpl %r12d,-4(%rbp)
1038  0010ca  443965f8          	cmpl %r12d,-8(%rbp)
1039  0010ce  4439eb            	cmpl %r13d,%ebx
1040  0010d1  4439e9            	cmpl %r13d,%ecx
1041  0010d4  4539ee            	cmpl %r13d,%r14d
1042  0010d7  44396df4          	cmpl %r13d,-12(%rbp)
1043  0010db  44396de4          	cmpl %r13d,-28(%rbp)
1044  0010df  44396dfc          	cmpl %r13d,-4(%rbp)
1045  0010e3  4439f3            	cmpl %r14d,%ebx
1046  0010e6  4539f7            	cmpl %r14d,%r15d
1047  0010e9  443975ec          	cmpl %r14d,-20(%rbp)
1048  0010ed  4439b5d4feffff    	cmpl %r14d,-300(%rbp)
1049  0010f4  4539fd            	cmpl %r15d,%r13d
1050  0010f7  44397dfc          	cmpl %r15d,-4(%rbp)
1051  0010fb  4539c4            	cmpl %r8d,%r12d
1052  0010fe  4539c1            	cmpl %r8d,%r9d
1053  001101  4539cb            	cmpl %r9d,%r11d
1054  001104  453b0412          	cmpl (%r10,%rdx),%r8d
1055  001108  413b3c24          	cmpl (%r12),%edi
1056  00110c  413b4500          	cmpl (%r13),%eax
1057  001110  433b442500        	cmpl (%r13,%r12),%eax
1058  001115  413b06            	cmpl (%r14),%eax
1059  001118  453b3e            	cmpl (%r14),%r15d
1060  00111b  413b07            	cmpl (%r15),%eax
1061  00111e  413b1408          	cmpl (%r8,%rcx),%edx
1062  001122  413b0409          	cmpl (%r9,%rcx),%eax
1063  001126  413b1409          	cmpl (%r9,%rcx),%edx
1064  00112a  3b08              	cmpl (%rax),%ecx
1065  00112c  3b10              	cmpl (%rax),%edx
1066  00112e  3b0c98            	cmpl (%rax,%rbx,4),%ecx
1067  001131  3b34c8            	cmpl (%rax,%rcx,8),%esi
1068  001134  3b03              	cmpl (%rbx),%eax
1069  001136  3b13              	cmpl (%rbx),%edx
1070  001138  443b03            	cmpl (%rbx),%r8d
1071  00113b  3b043b            	cmpl (%rbx,%rdi),%eax
1072  00113e  443b2401          	cmpl (%rcx,%rax),%r12d
1073  001142  443b2c01          	cmpl (%rcx,%rax),%r13d
1074  001146  443b3401          	cmpl (%rcx,%rax),%r14d
1075  00114a  3b1481            	cmpl (%rcx,%rax,4),%edx
1076  00114d  3b04d1            	cmpl (%rcx,%rdx,8),%eax
1077  001150  3b040f            	cmpl (%rdi,%rcx),%eax
1078  001153  423b04e2          	cmpl (%rdx,%r12,8),%eax
1079  001157  3b0c02            	cmpl (%rdx,%rax),%ecx
1080  00115a  3b0cc2            	cmpl (%rdx,%rax,8),%ecx
1081  00115d  3b06              	cmpl (%rsi),%eax
1082  00115f  3b040e            	cmpl (%rsi,%rcx),%eax
1083  001162  3b5dec            	cmpl -20(%rbp),%ebx
1084  001165  443b6dec          	cmpl -20(%rbp),%r13d
1085  001169  3b4de8            	cmpl -24(%rbp),%ecx
1086  00116c  3b45fc            	cmpl -4(%rbp),%eax
1087  00116f  443b65fc          	cmpl -4(%rbp),%r12d
1088  001173  3b75bc            	cmpl -68(%rbp),%esi
1089  001176  443b6dbc          	cmpl -68(%rbp),%r13d
1090  00117a  443b75bc          	cmpl -68(%rbp),%r14d
1091  00117e  3b45f8            	cmpl -8(%rbp),%eax
1092  001181  3b5df8            	cmpl -8(%rbp),%ebx
1093  001184  443b65f8          	cmpl -8(%rbp),%r12d
1094  001188  443b75f8          	cmpl -8(%rbp),%r14d
1095  00118c  413b5c240c        	cmpl 12(%r12),%ebx
1096  001191  453b6c240c        	cmpl 12(%r12),%r13d
1097  001196  453b74240c        	cmpl 12(%r12),%r14d
1098  00119b  413b5d0c          	cmpl 12(%r13),%ebx
1099  00119f  453b650c          	cmpl 12(%r13),%r12d
1100  0011a3  453b6e0c          	cmpl 12(%r14),%r13d
1101  0011a7  453b7e0c          	cmpl 12(%r14),%r15d
1102  0011ab  413b5f0c          	cmpl 12(%r15),%ebx
1103  0011af  453b670c          	cmpl 12(%r15),%r12d
1104  0011b3  453b770c          	cmpl 12(%r15),%r14d
1105  0011b7  443b600c          	cmpl 12(%rax),%r12d
1106  0011bb  443b780c          	cmpl 12(%rax),%r15d
1107  0011bf  443b630c          	cmpl 12(%rbx),%r12d
1108  0011c3  443b730c          	cmpl 12(%rbx),%r14d
1109  0011c7  3b710c            	cmpl 12(%rcx),%esi
1110  0011ca  3b740a0c          	cmpl 12(%rdx,%rcx),%esi
1111  0011ce  3b4e0c            	cmpl 12(%rsi),%ecx
1112  0011d1  413b9c2484000000  	cmpl 132(%r12),%ebx
1113  0011d9  443ba384000000    	cmpl 132(%rbx),%r12d
1114  0011e0  443bb384000000    	cmpl 132(%rbx),%r14d
1115  0011e7  413b442410        	cmpl 16(%r12),%eax
1116  0011ec  413b5610          	cmpl 16(%r14),%edx
1117  0011f0  453b6710          	cmpl 16(%r15),%r12d
1118  0011f4  473b740710        	cmpl 16(%r15,%r8),%r14d
1119  0011f9  453b743f10        	cmpl 16(%r15,%rdi),%r14d
1120  0011fe  3b4310            	cmpl 16(%rbx),%eax
1121  001201  423b443b10        	cmpl 16(%rbx,%r15),%eax
1122  001206  443b6c0110        	cmpl 16(%rcx,%rax),%r13d
1123  00120b  413b9c24a4000000  	cmpl 164(%r12),%ebx
1124  001213  3b96a4000000      	cmpl 164(%rsi),%edx
1125  001219  453bac24b8000000  	cmpl 184(%r12),%r13d
1126  001221  413b5c2414        	cmpl 20(%r12),%ebx
1127  001226  413b5d14          	cmpl 20(%r13),%ebx
1128  00122a  473b740714        	cmpl 20(%r15,%r8),%r14d
1129  00122f  453b743f14        	cmpl 20(%r15,%rdi),%r14d
1130  001234  443b6014          	cmpl 20(%rax),%r12d
1131  001238  3b4314            	cmpl 20(%rbx),%eax
1132  00123b  3b7314            	cmpl 20(%rbx),%esi
1133  00123e  443b6314          	cmpl 20(%rbx),%r12d
1134  001242  3b4114            	cmpl 20(%rcx),%eax
1135  001245  443b6c0114        	cmpl 20(%rcx,%rax),%r13d
1136  00124a  3b4714            	cmpl 20(%rdi),%eax
1137  00124d  3b7714            	cmpl 20(%rdi),%esi
1138  001250  423b443214        	cmpl 20(%rdx,%r14),%eax
1139  001255  453b6518          	cmpl 24(%r13),%r12d
1140  001259  443b6b18          	cmpl 24(%rbx),%r13d
1141  00125d  413b9c240c010000  	cmpl 268(%r12),%ebx
1142  001265  413b44241c        	cmpl 28(%r12),%eax
1143  00126a  413b5d1c          	cmpl 28(%r13),%ebx
1144  00126e  453ba524010000    	cmpl 292(%r13),%r12d
1145  001275  413b9e24010000    	cmpl 292(%r14),%ebx
1146  00127c  453baf24010000    	cmpl 292(%r15),%r13d
1147  001283  3b8b24010000      	cmpl 292(%rbx),%ecx
1148  001289  3b9324010000      	cmpl 292(%rbx),%edx
1149  00128f  3b9724010000      	cmpl 292(%rdi),%edx
1150  001295  3bb724010000      	cmpl 292(%rdi),%esi
1151  00129b  443b8724010000    	cmpl 292(%rdi),%r8d
1152  0012a2  413b442420        	cmpl 32(%r12),%eax
1153  0012a7  413b8750010000    	cmpl 336(%r15),%eax
1154  0012ae  413bb42454010000  	cmpl 340(%r12),%esi
1155  0012b6  413b9d54010000    	cmpl 340(%r13),%ebx
1156  0012bd  413b9f54010000    	cmpl 340(%r15),%ebx
1157  0012c4  453bb754010000    	cmpl 340(%r15),%r14d
1158  0012cb  413b5c2424        	cmpl 36(%r12),%ebx
1159  0012d0  453b6524          	cmpl 36(%r13),%r12d
1160  0012d4  413b5e24          	cmpl 36(%r14),%ebx
1161  0012d8  413b4724          	cmpl 36(%r15),%eax
1162  0012dc  453b6724          	cmpl 36(%r15),%r12d
1163  0012e0  453b7724          	cmpl 36(%r15),%r14d
1164  0012e4  3b7724            	cmpl 36(%rdi),%esi
1165  0012e7  3b4624            	cmpl 36(%rsi),%eax
1166  0012ea  413b842484010000  	cmpl 388(%r12),%eax
1167  0012f2  3b8184010000      	cmpl 388(%rcx),%eax
1168  0012f8  413b4c1204        	cmpl 4(%r10,%rdx),%ecx
1169  0012fd  413b5c2404        	cmpl 4(%r12),%ebx
1170  001302  413b4c2404        	cmpl 4(%r12),%ecx
1171  001307  413b5d04          	cmpl 4(%r13),%ebx
1172  00130b  453b6504          	cmpl 4(%r13),%r12d
1173  00130f  413b5e04          	cmpl 4(%r14),%ebx
1174  001313  453b6604          	cmpl 4(%r14),%r12d
1175  001317  453b6704          	cmpl 4(%r15),%r12d
1176  00131b  413b440804        	cmpl 4(%r8,%rcx),%eax
1177  001320  413b440904        	cmpl 4(%r9,%rcx),%eax
1178  001325  413b740904        	cmpl 4(%r9,%rcx),%esi
1179  00132a  3b5804            	cmpl 4(%rax),%ebx
1180  00132d  3b4804            	cmpl 4(%rax),%ecx
1181  001330  443b6004          	cmpl 4(%rax),%r12d
1182  001334  3b74c804          	cmpl 4(%rax,%rcx,8),%esi
1183  001338  443b6304          	cmpl 4(%rbx),%r12d
1184  00133c  463b6c3104        	cmpl 4(%rcx,%r14),%r13d
1185  001341  443b6c0104        	cmpl 4(%rcx,%rax),%r13d
1186  001346  3b74c104          	cmpl 4(%rcx,%rax,8),%esi
1187  00134a  443b7c1904        	cmpl 4(%rcx,%rbx),%r15d
1188  00134f  3b44d904          	cmpl 4(%rcx,%rbx,8),%eax
1189  001353  3b44d104          	cmpl 4(%rcx,%rdx,8),%eax
1190  001357  3b4704            	cmpl 4(%rdi),%eax
1191  00135a  3b4f04            	cmpl 4(%rdi),%ecx
1192  00135d  3b5704            	cmpl 4(%rdi),%edx
1193  001360  3b440f04          	cmpl 4(%rdi,%rcx),%eax
1194  001364  3b4cc204          	cmpl 4(%rdx,%rax,8),%ecx
1195  001368  443b740a04        	cmpl 4(%rdx,%rcx),%r14d
1196  00136d  3b4604            	cmpl 4(%rsi),%eax
1197  001370  3b4e04            	cmpl 4(%rsi),%ecx
1198  001373  3b440e04          	cmpl 4(%rsi,%rcx),%eax
1199  001377  413b842498010000  	cmpl 408(%r12),%eax
1200  00137f  413b8798010000    	cmpl 408(%r15),%eax
1201  001386  413b9f9c010000    	cmpl 412(%r15),%ebx
1202  00138d  413bb79c010000    	cmpl 412(%r15),%esi
1203  001394  453ba79c010000    	cmpl 412(%r15),%r12d
1204  00139b  443b839c010000    	cmpl 412(%rbx),%r8d
1205  0013a2  3b93c8010000      	cmpl 456(%rbx),%edx
1206  0013a8  413b442430        	cmpl 48(%r12),%eax
1207  0013ad  3b5830            	cmpl 48(%rax),%ebx
1208  0013b0  3b5030            	cmpl 48(%rax),%edx
1209  0013b3  3b4330            	cmpl 48(%rbx),%eax
1210  0013b6  413b9424e0010000  	cmpl 480(%r12),%edx
1211  0013be  3b93f8010000      	cmpl 504(%rbx),%edx
1212  0013c4  3b9310020000      	cmpl 528(%rbx),%edx
1213  0013ca  413b8528020000    	cmpl 552(%r13),%eax
1214  0013d1  453baf2c020000    	cmpl 556(%r15),%r13d
1215  0013d8  3b812c020000      	cmpl 556(%rcx),%eax
1216  0013de  413b4538          	cmpl 56(%r13),%eax
1217  0013e2  413b4638          	cmpl 56(%r14),%eax
1218  0013e6  413b5c243c        	cmpl 60(%r12),%ebx
1219  0013eb  453b6c243c        	cmpl 60(%r12),%r13d
1220  0013f0  453b74243c        	cmpl 60(%r12),%r14d
1221  0013f5  413b5d3c          	cmpl 60(%r13),%ebx
1222  0013f9  413b553c          	cmpl 60(%r13),%edx
1223  0013fd  413b753c          	cmpl 60(%r13),%esi
1224  001401  453b653c          	cmpl 60(%r13),%r12d
1225  001405  453b753c          	cmpl 60(%r13),%r14d
1226  001409  413b5e3c          	cmpl 60(%r14),%ebx
1227  00140d  453b663c          	cmpl 60(%r14),%r12d
1228  001411  413b5f3c          	cmpl 60(%r15),%ebx
1229  001415  413b4f3c          	cmpl 60(%r15),%ecx
1230  001419  453b673c          	cmpl 60(%r15),%r12d
1231  00141d  3b4b3c            	cmpl 60(%rbx),%ecx
1232  001420  3b733c            	cmpl 60(%rbx),%esi
1233  001423  443b633c          	cmpl 60(%rbx),%r12d
1234  001427  443b433c          	cmpl 60(%rbx),%r8d
1235  00142b  3b573c            	cmpl 60(%rdi),%edx
1236  00142e  443b473c          	cmpl 60(%rdi),%r8d
1237  001432  413b8790020000    	cmpl 656(%r15),%eax
1238  001439  453ba790020000    	cmpl 656(%r15),%r12d
1239  001440  453baf94020000    	cmpl 660(%r15),%r13d
1240  001447  3b9894020000      	cmpl 660(%rax),%ebx
1241  00144d  453ba7a8020000    	cmpl 680(%r15),%r12d
1242  001454  413b9eac020000    	cmpl 684(%r14),%ebx
1243  00145b  3b98ac020000      	cmpl 684(%rax),%ebx
1244  001461  3b87ac020000      	cmpl 684(%rdi),%eax
1245  001467  3bb7ac020000      	cmpl 684(%rdi),%esi
1246  00146d  413b9fc0020000    	cmpl 704(%r15),%ebx
1247  001474  413b9dc4020000    	cmpl 708(%r13),%ebx
1248  00147b  453bb7c4020000    	cmpl 708(%r15),%r14d
1249  001482  3b93c4020000      	cmpl 708(%rbx),%edx
1250  001488  3b81c4020000      	cmpl 708(%rcx),%eax
1251  00148e  413b87f0020000    	cmpl 752(%r15),%eax
1252  001495  413b9df4020000    	cmpl 756(%r13),%ebx
1253  00149c  413b9ef4020000    	cmpl 756(%r14),%ebx
1254  0014a3  453bb7f4020000    	cmpl 756(%r15),%r14d
1255  0014aa  3b87f4020000      	cmpl 756(%rdi),%eax
1256  0014b0  3b8ff4020000      	cmpl 756(%rdi),%ecx
1257  0014b6  473b440a08        	cmpl 8(%r10,%r9),%r8d
1258  0014bb  413b542408        	cmpl 8(%r12),%edx
1259  0014c0  453b6c2408        	cmpl 8(%r12),%r13d
1260  0014c5  453b742408        	cmpl 8(%r12),%r14d
1261  0014ca  413b4608          	cmpl 8(%r14),%eax
1262  0014ce  413b5008          	cmpl 8(%r8),%edx
1263  0014d2  413b540908        	cmpl 8(%r9,%rcx),%edx
1264  0014d7  3b7008            	cmpl 8(%rax),%esi
1265  0014da  3b4308            	cmpl 8(%rbx),%eax
1266  0014dd  3b5308            	cmpl 8(%rbx),%edx
1267  0014e0  3b5c0108          	cmpl 8(%rcx,%rax),%ebx
1268  0014e4  3b540108          	cmpl 8(%rcx,%rax),%edx
1269  0014e8  443b6c0108        	cmpl 8(%rcx,%rax),%r13d
1270  0014ed  3b4708            	cmpl 8(%rdi),%eax
1271  0014f0  3b440a08          	cmpl 8(%rdx,%rcx),%eax
1272  0014f4  3b4608            	cmpl 8(%rsi),%eax
1273  0014f7  3b4e08            	cmpl 8(%rsi),%ecx
1274  0014fa  413b442450        	cmpl 80(%r12),%eax
1275  0014ff  413b4650          	cmpl 80(%r14),%eax
1276  001503  443ba824030000    	cmpl 804(%rax),%r13d
1277  00150a  3b4354            	cmpl 84(%rbx),%eax
1278  00150d  453b7d58          	cmpl 88(%r13),%r15d
1279  001511  443b6b58          	cmpl 88(%rbx),%r13d
1280  001515  4883f8ff          	cmpq $-1,%rax
1281  001519  4883fbff          	cmpq $-1,%rbx
1282  00151d  4883faff          	cmpq $-1,%rdx
1283  001521  4883f880          	cmpq $-128,%rax
1284  001525  4981fe00000080    	cmpq $-2147483648,%r14
1285  00152c  483d00000080      	cmpq $-2147483648,%rax
1286  001532  4881fa00000080    	cmpq $-2147483648,%rdx
1287  001539  483d0080ffff      	cmpq $-32768,%rax
1288  00153f  4983fd00          	cmpq $0,%r13
1289  001543  4883f800          	cmpq $0,%rax
1290  001547  4883fb00          	cmpq $0,%rbx
1291  00154b  4883f900          	cmpq $0,%rcx
1292  00154f  4883fa00          	cmpq $0,%rdx
1293  001553  4883fe00          	cmpq $0,%rsi
1294  001557  49833c2400        	cmpq $0,(%r12)
1295  00155c  48833800          	cmpq $0,(%rax)
1296  001560  48833cd800        	cmpq $0,(%rax,%rbx,8)
1297  001565  48833cc800        	cmpq $0,(%rax,%rcx,8)
1298  00156a  48833b00          	cmpq $0,(%rbx)
1299  00156e  48833cc100        	cmpq $0,(%rcx,%rax,8)
1300  001573  48833cd100        	cmpq $0,(%rcx,%rdx,8)
1301  001578  48833cdf00        	cmpq $0,(%rdi,%rbx,8)
1302  00157d  48833e00          	cmpq $0,(%rsi)
1303  001581  48837df000        	cmpq $0,-16(%rbp)
1304  001586  488379f000        	cmpq $0,-16(%rcx)
1305  00158b  48837de000        	cmpq $0,-32(%rbp)
1306  001590  48837dd800        	cmpq $0,-40(%rbp)
1307  001595  48837db800        	cmpq $0,-72(%rbp)
1308  00159a  48837df800        	cmpq $0,-8(%rbp)
1309  00159f  48837b6800        	cmpq $0,104(%rbx)
1310  0015a4  49837e1000        	cmpq $0,16(%r14)
1311  0015a9  49837f1000        	cmpq $0,16(%r15)
1312  0015ae  48837b1000        	cmpq $0,16(%rbx)
1313  0015b3  48837c011000      	cmpq $0,16(%rcx,%rax)
1314  0015b9  48837f1000        	cmpq $0,16(%rdi)
1315  0015be  48837a1000        	cmpq $0,16(%rdx)
1316  0015c3  49837d1800        	cmpq $0,24(%r13)
1317  0015c8  4b837c251800      	cmpq $0,24(%r13,%r12)
1318  0015ce  49837c1d1800      	cmpq $0,24(%r13,%rbx)
1319  0015d4  49837e1800        	cmpq $0,24(%r14)
1320  0015d9  4883781800        	cmpq $0,24(%rax)
1321  0015de  48837b1800        	cmpq $0,24(%rbx)
1322  0015e3  4883791800        	cmpq $0,24(%rcx)
1323  0015e8  48837f1800        	cmpq $0,24(%rdi)
1324  0015ed  48837a1800        	cmpq $0,24(%rdx)
1325  0015f2  48837e1800        	cmpq $0,24(%rsi)
1326  0015f7  49837c242000      	cmpq $0,32(%r12)
1327  0015fd  49837e2000        	cmpq $0,32(%r14)
1328  001602  4883792000        	cmpq $0,32(%rcx)
1329  001607  48837f2000        	cmpq $0,32(%rdi)
1330  00160c  49837c242800      	cmpq $0,40(%r12)
1331  001612  4883782800        	cmpq $0,40(%rax)
1332  001617  48837b2800        	cmpq $0,40(%rbx)
1333  00161c  48837a2800        	cmpq $0,40(%rdx)
1334  001621  49837c243000      	cmpq $0,48(%r12)
1335  001627  49837e3800        	cmpq $0,56(%r14)
1336  00162c  48837b3800        	cmpq $0,56(%rbx)
1337  001631  48837f3800        	cmpq $0,56(%rdi)
1338  001636  49837c244000      	cmpq $0,64(%r12)
1339  00163c  49837e4000        	cmpq $0,64(%r14)
1340  001641  4983794000        	cmpq $0,64(%r9)
1341  001646  48837b4000        	cmpq $0,64(%rbx)
1342  00164b  48837f4000        	cmpq $0,64(%rdi)
1343  001650  49837e0800        	cmpq $0,8(%r14)
1344  001655  4883780800        	cmpq $0,8(%rax)
1345  00165a  48837b0800        	cmpq $0,8(%rbx)
1346  00165f  4883790800        	cmpq $0,8(%rcx)
1347  001664  48837e0800        	cmpq $0,8(%rsi)
1348  001669  49837e5800        	cmpq $0,88(%r14)
1349  00166e  49837c246000      	cmpq $0,96(%r12)
1350  001674  49837d6000        	cmpq $0,96(%r13)
1351  001679  49837e6000        	cmpq $0,96(%r14)
1352  00167e  48837b6000        	cmpq $0,96(%rbx)
1353  001683  4883f801          	cmpq $1,%rax
1354  001687  49837e3801        	cmpq $1,56(%r14)
1355  00168c  49837e5801        	cmpq $1,88(%r14)
1356  001691  4981fd00040000    	cmpq $1024,%r13
1357  001698  4881ff00040000    	cmpq $1024,%rdi
1358  00169f  4981fe00000040    	cmpq $1073741824,%r14
1359  0016a6  4883f87f          	cmpq $127,%rax
1360  0016aa  4883fb7f          	cmpq $127,%rbx
1361  0016ae  483d80000000      	cmpq $128,%rax
1362  0016b4  4881ff80000000    	cmpq $128,%rdi
1363  0016bb  4881fa80000000    	cmpq $128,%rdx
1364  0016c2  4981fd00000008    	cmpq $134217728,%r13
1365  0016c9  483d00400000      	cmpq $16384,%rax
1366  0016cf  4881ff00400000    	cmpq $16384,%rdi
1367  0016d6  4881fa00400000    	cmpq $16384,%rdx
1368  0016dd  4983fc02          	cmpq $2,%r12
1369  0016e1  4883f802          	cmpq $2,%rax
1370  0016e5  4883ff02          	cmpq $2,%rdi
1371  0016e9  4883fa02          	cmpq $2,%rdx
1372  0016ed  4881ff00080000    	cmpq $2048,%rdi
1373  0016f4  48817dd8feffff7f  	cmpq $2147483646,-40(%rbp)
1374  0016fc  4981feffffff7f    	cmpq $2147483647,%r14
1375  001703  483dffffff7f      	cmpq $2147483647,%rax
1376  001709  4881faffffff7f    	cmpq $2147483647,%rdx
1377  001710  483dff000000      	cmpq $255,%rax
1378  001716  483d00010000      	cmpq $256,%rax
1379  00171c  4881fe00010000    	cmpq $256,%rsi
1380  001723  4883f803          	cmpq $3,%rax
1381  001727  483dff7f0000      	cmpq $32767,%rax
1382  00172d  483d00800000      	cmpq $32768,%rax
1383  001733  4881ff00800000    	cmpq $32768,%rdi
1384  00173a  4881fa00800000    	cmpq $32768,%rdx
1385  001741  4881f900000600    	cmpq $393216,%rcx
1386  001748  4883f804          	cmpq $4,%rax
1387  00174c  4981fc00100000    	cmpq $4096,%r12
1388  001753  4881ff00100000    	cmpq $4096,%rdi
1389  00175a  4881fa00100000    	cmpq $4096,%rdx
1390  001761  4883f838          	cmpq $56,%rax
1391  001765  483dffff0000      	cmpq $65535,%rax
1392  00176b  4981fc00000100    	cmpq $65536,%r12
1393  001772  4881ff00000100    	cmpq $65536,%rdi
1394  001779  4883f808          	cmpq $8,%rax
1395  00177d  483d00200000      	cmpq $8192,%rax
1396  001783  4881ff00200000    	cmpq $8192,%rdi
1397  00178a  4881fa00200000    	cmpq $8192,%rdx
1398  001791  4d39d8            	cmpq %r11,%r8
1399  001794  4d39e5            	cmpq %r12,%r13
1400  001797  4d39e6            	cmpq %r12,%r14
1401  00179a  4c39e0            	cmpq %r12,%rax
1402  00179d  4c3965f8          	cmpq %r12,-8(%rbp)
1403  0017a1  4d39ee            	cmpq %r13,%r14
1404  0017a4  4c39eb            	cmpq %r13,%rbx
1405  0017a7  4c39e9            	cmpq %r13,%rcx
1406  0017aa  4c39f3            	cmpq %r14,%rbx
1407  0017ad  4c3975f0          	cmpq %r14,-16(%rbp)
1408  0017b1  4c39ff            	cmpq %r15,%rdi
1409  0017b4  4d39c3            	cmpq %r8,%r11
1410  0017b7  4c39c7            	cmpq %r8,%rdi
1411  0017ba  4d39ca            	cmpq %r9,%r10
1412  0017bd  4c39cb            	cmpq %r9,%rbx
1413  0017c0  4c39c9            	cmpq %r9,%rcx
1414  0017c3  4939c4            	cmpq %rax,%r12
1415  0017c6  4939c5            	cmpq %rax,%r13
1416  0017c9  4939c6            	cmpq %rax,%r14
1417  0017cc  4839c3            	cmpq %rax,%rbx
1418  0017cf  4839c1            	cmpq %rax,%rcx
1419  0017d2  4839c7            	cmpq %rax,%rdi
1420  0017d5  4839c2            	cmpq %rax,%rdx
1421  0017d8  4839c6            	cmpq %rax,%rsi
1422  0017db  483945f0          	cmpq %rax,-16(%rbp)
1423  0017df  483945d8          	cmpq %rax,-40(%rbp)
1424  0017e3  483945f8          	cmpq %rax,-8(%rbp)
1425  0017e7  4939dc            	cmpq %rbx,%r12
1426  0017ea  4939dd            	cmpq %rbx,%r13
1427  0017ed  4939de            	cmpq %rbx,%r14
1428  0017f0  4839d9            	cmpq %rbx,%rcx
1429  0017f3  4839df            	cmpq %rbx,%rdi
1430  0017f6  4939ce            	cmpq %rcx,%r14
1431  0017f9  4839c8            	cmpq %rcx,%rax
1432  0017fc  4839cb            	cmpq %rcx,%rbx
1433  0017ff  4839ca            	cmpq %rcx,%rdx
1434  001802  4839ce            	cmpq %rcx,%rsi
1435  001805  48394dd8          	cmpq %rcx,-40(%rbp)
1436  001809  4939fc            	cmpq %rdi,%r12
1437  00180c  4939fd            	cmpq %rdi,%r13
1438  00180f  4939fe            	cmpq %rdi,%r14
1439  001812  4939f8            	cmpq %rdi,%r8
1440  001815  4839f8            	cmpq %rdi,%rax
1441  001818  4839fb            	cmpq %rdi,%rbx
1442  00181b  4939d3            	cmpq %rdx,%r11
1443  00181e  4939d5            	cmpq %rdx,%r13
1444  001821  4939d6            	cmpq %rdx,%r14
1445  001824  4839d0            	cmpq %rdx,%rax
1446  001827  4839d7            	cmpq %rdx,%rdi
1447  00182a  4839d6            	cmpq %rdx,%rsi
1448  00182d  4939f6            	cmpq %rsi,%r14
1449  001830  4839f0            	cmpq %rsi,%rax
1450  001833  4839f3            	cmpq %rsi,%rbx
1451  001836  4839f1            	cmpq %rsi,%rcx
1452  001839  4839f7            	cmpq %rsi,%rdi
1453  00183c  4839f2            	cmpq %rsi,%rdx
1454  00183f  4d3b7500          	cmpq (%r13),%r14
1455  001843  493b4500          	cmpq (%r13),%rax
1456  001847  4d3b26            	cmpq (%r14),%r12
1457  00184a  4d3b01            	cmpq (%r9),%r8
1458  00184d  483b38            	cmpq (%rax),%rdi
1459  001850  4c3b24d8          	cmpq (%rax,%rbx,8),%r12
1460  001854  483b0cd8          	cmpq (%rax,%rbx,8),%rcx
1461  001858  483b0cd0          	cmpq (%rax,%rdx,8),%rcx
1462  00185c  483b1cc1          	cmpq (%rcx,%rax,8),%rbx
1463  001860  483b3cc1          	cmpq (%rcx,%rax,8),%rdi
1464  001864  483b14c1          	cmpq (%rcx,%rax,8),%rdx
1465  001868  483b34c1          	cmpq (%rcx,%rax,8),%rsi
1466  00186c  483b0a            	cmpq (%rdx),%rcx
1467  00186f  4c3b65f0          	cmpq -16(%rbp),%r12
1468  001873  4c3b75e8          	cmpq -24(%rbp),%r14
1469  001877  483b45f8          	cmpq -8(%rbp),%rax
1470  00187b  493b542470        	cmpq 112(%r12),%rdx
1471  001880  4d3bac2498000000  	cmpq 152(%r12),%r13
1472  001888  493b442410        	cmpq 16(%r12),%rax
1473  00188d  4d3b6510          	cmpq 16(%r13),%r12
1474  001891  4d3b7510          	cmpq 16(%r13),%r14
1475  001895  493b4510          	cmpq 16(%r13),%rax
1476  001899  493b5d10          	cmpq 16(%r13),%rbx
1477  00189d  4d3b6610          	cmpq 16(%r14),%r12
1478  0018a1  493b4e10          	cmpq 16(%r14),%rcx
1479  0018a5  4d3b7710          	cmpq 16(%r15),%r14
1480  0018a9  493b4710          	cmpq 16(%r15),%rax
1481  0018ad  493b4f10          	cmpq 16(%r15),%rcx
1482  0018b1  483b5810          	cmpq 16(%rax),%rbx
1483  0018b5  483b7010          	cmpq 16(%rax),%rsi
1484  0018b9  483b4510          	cmpq 16(%rbp),%rax
1485  0018bd  483b4310          	cmpq 16(%rbx),%rax
1486  0018c1  483b4110          	cmpq 16(%rcx),%rax
1487  0018c5  4c3b640110        	cmpq 16(%rcx,%rax),%r12
1488  0018ca  483b5c0110        	cmpq 16(%rcx,%rax),%rbx
1489  0018cf  4c3b4710          	cmpq 16(%rdi),%r8
1490  0018d3  483b4710          	cmpq 16(%rdi),%rax
1491  0018d7  483b5f10          	cmpq 16(%rdi),%rbx
1492  0018db  4a3b442210        	cmpq 16(%rdx,%r12),%rax
1493  0018e0  4c3b640210        	cmpq 16(%rdx,%rax),%r12
1494  0018e5  483b440a10        	cmpq 16(%rdx,%rcx),%rax
1495  0018ea  483b4610          	cmpq 16(%rsi),%rax
1496  0018ee  483b4e10          	cmpq 16(%rsi),%rcx
1497  0018f2  4d3b7d18          	cmpq 24(%r13),%r15
1498  0018f6  483b4818          	cmpq 24(%rax),%rcx
1499  0018fa  483b5018          	cmpq 24(%rax),%rdx
1500  0018fe  483b4118          	cmpq 24(%rcx),%rax
1501  001902  483b4618          	cmpq 24(%rsi),%rax
1502  001906  4c3b6020          	cmpq 32(%rax),%r12
1503  00190a  483b4320          	cmpq 32(%rbx),%rax
1504  00190e  493b442408        	cmpq 8(%r12),%rax
1505  001913  493b5608          	cmpq 8(%r14),%rdx
1506  001917  4d3b6f08          	cmpq 8(%r15),%r13
1507  00191b  4c3b7008          	cmpq 8(%rax),%r14
1508  00191f  483b4808          	cmpq 8(%rax),%rcx
1509  001923  483b4108          	cmpq 8(%rcx),%rax
1510  001927  4c3b7c0108        	cmpq 8(%rcx,%rax),%r15
1511  00192c  483b5f08          	cmpq 8(%rdi),%rbx
1512  001930  4a3b442208        	cmpq 8(%rdx,%r12),%rax
1513  001935  483b440a08        	cmpq 8(%rdx,%rcx),%rax
1514  00193a  483b4608          	cmpq 8(%rsi),%rax
1515  00193e  6683f8ff          	cmpw $-1,%ax
1516  001942  66833c58ff        	cmpw $-1,(%rax,%rbx,2)
1517  001947  66833c41ff        	cmpw $-1,(%rcx,%rax,2)
1518  00194c  66837b20ff        	cmpw $-1,32(%rbx)
1519  001951  66837920ff        	cmpw $-1,32(%rcx)
1520  001956  6683f800          	cmpw $0,%ax
1521  00195a  6683fb00          	cmpw $0,%bx
1522  00195e  6683f900          	cmpw $0,%cx
1523  001962  6683ff00          	cmpw $0,%di
1524  001966  6683fa00          	cmpw $0,%dx
1525  00196a  664183f800        	cmpw $0,%r8w
1526  00196f  6643833c6c00      	cmpw $0,(%r12,%r13,2)
1527  001975  6641833c4c00      	cmpw $0,(%r12,%rcx,2)
1528  00197b  6641833c5400      	cmpw $0,(%r12,%rdx,2)
1529  001981  6641833f00        	cmpw $0,(%r15)
1530  001986  66833800          	cmpw $0,(%rax)
1531  00198a  6642833c6000      	cmpw $0,(%rax,%r12,2)
1532  001990  66833c5800        	cmpw $0,(%rax,%rbx,2)
1533  001995  66833c4100        	cmpw $0,(%rcx,%rax,2)
1534  00199a  66833c5f00        	cmpw $0,(%rdi,%rbx,2)
1535  00199f  6683f801          	cmpw $1,%ax
1536  0019a3  6683f901          	cmpw $1,%cx
1537  0019a7  66837a0801        	cmpw $1,8(%rdx)
1538  0019ac  6639c1            	cmpw %ax,%cx
1539  0019af  6639ca            	cmpw %cx,%dx
1540  0019b2  66453b0c58        	cmpw (%r8,%rbx,2),%r9w
1541  0019b7  663b0c58          	cmpw (%rax,%rbx,2),%cx
1542  0019bb  663b0c42          	cmpw (%rdx,%rax,2),%cx
1543  0019bf  663b4324          	cmpw 36(%rbx),%ax
1544  0019c3                    
