

lea.s

   1  000000  478d24a4          	leal (%r12,%r12,4),%r12d
   2  000004  418d441d00        	leal (%r13,%rbx),%eax
   3  000009  418d541d00        	leal (%r13,%rbx),%edx
   4  00000e  478d34b6          	leal (%r14,%r14,4),%r14d
   5  000012  418d041f          	leal (%r15,%rbx),%eax
   6  000016  468d2c20          	leal (%rax,%r12),%r13d
   7  00001a  468d34f0          	leal (%rax,%r14,8),%r14d
   8  00001e  8d0440            	leal (%rax,%rax,2),%eax
   9  000021  8d0480            	leal (%rax,%rax,4),%eax
  10  000024  8d3c48            	leal (%rax,%rcx,2),%edi
  11  000027  448d1c30          	leal (%rax,%rsi),%r11d
  12  00002b  428d0423          	leal (%rbx,%r12),%eax
  13  00002f  428d042b          	leal (%rbx,%r13),%eax
  14  000033  468d242b          	leal (%rbx,%r13),%r12d
  15  000037  428d3433          	leal (%rbx,%r14),%esi
  16  00003b  8d0493            	leal (%rbx,%rdx,4),%eax
  17  00003e  8d1c41            	leal (%rcx,%rax,2),%ebx
  18  000041  8d0c49            	leal (%rcx,%rcx,2),%ecx
  19  000044  8d0c89            	leal (%rcx,%rcx,4),%ecx
  20  000047  8d3c7f            	leal (%rdi,%rdi,2),%edi
  21  00004a  8d1c02            	leal (%rdx,%rax),%ebx
  22  00004d  448d2402          	leal (%rdx,%rax),%r12d
  23  000051  8d041a            	leal (%rdx,%rbx),%eax
  24  000054  8d0c32            	leal (%rdx,%rsi),%ecx
  25  000057  8d143e            	leal (%rsi,%rdi),%edx
  26  00005a  8d3cdd00000000    	leal (,%rbx,8),%edi
  27  000061  418d46ff          	leal -1(%r14),%eax
  28  000065  8d58ff            	leal -1(%rax),%ebx
  29  000068  8d48ff            	leal -1(%rax),%ecx
  30  00006b  8d53ff            	leal -1(%rbx),%edx
  31  00006e  428d5c33ff        	leal -1(%rbx,%r14),%ebx
  32  000073  8d44c2ff          	leal -1(%rdx,%rax,8),%eax
  33  000077  8d81fdffffbf      	leal -1073741827(%rcx),%eax
  34  00007d  8dbb18000098      	leal -1744830440(%rbx),%edi
  35  000083  8d41fe            	leal -2(%rcx),%eax
  36  000086  418dbd00ffffff    	leal -256(%r13),%edi
  37  00008d  8d8b80fffbff      	leal -262272(%rbx),%ecx
  38  000093  8d53df            	leal -33(%rbx),%edx
  39  000096  8d48d5            	leal -43(%rax),%ecx
  40  000099  418d4424d0        	leal -48(%r12),%eax
  41  00009e  468d64e0d0        	leal -48(%rax,%r12,8),%r12d
  42  0000a3  8d4408d0          	leal -48(%rax,%rcx),%eax
  43  0000a7  8d4cc8d0          	leal -48(%rax,%rcx,8),%ecx
  44  0000ab  418d4424cd        	leal -51(%r12),%eax
  45  0000b0  8d43f9            	leal -7(%rbx),%eax
  46  0000b3  8d419f            	leal -97(%rcx),%eax
  47  0000b6  418d479d          	leal -99(%r15),%eax
  48  0000ba  8d479d            	leal -99(%rdi),%eax
  49  0000bd  418d442401        	leal 1(%r12),%eax
  50  0000c2  418d542401        	leal 1(%r12),%edx
  51  0000c7  418d5c1c01        	leal 1(%r12,%rbx),%ebx
  52  0000cc  418d5d01          	leal 1(%r13),%ebx
  53  0000d0  418d5501          	leal 1(%r13),%edx
  54  0000d4  418d7501          	leal 1(%r13),%esi
  55  0000d8  458d7501          	leal 1(%r13),%r14d
  56  0000dc  418d4c1d01        	leal 1(%r13,%rbx),%ecx
  57  0000e1  418d541d01        	leal 1(%r13,%rbx),%edx
  58  0000e6  418d741d01        	leal 1(%r13,%rbx),%esi
  59  0000eb  458d6c1d01        	leal 1(%r13,%rbx),%r13d
  60  0000f0  418d4e01          	leal 1(%r14),%ecx
  61  0000f4  418d5601          	leal 1(%r14),%edx
  62  0000f8  458d6601          	leal 1(%r14),%r12d
  63  0000fc  418d4701          	leal 1(%r15),%eax
  64  000100  458d6701          	leal 1(%r15),%r12d
  65  000104  458d6f01          	leal 1(%r15),%r13d
  66  000108  8d4801            	leal 1(%rax),%ecx
  67  00010b  8d5001            	leal 1(%rax),%edx
  68  00010e  8d7001            	leal 1(%rax),%esi
  69  000111  448d6001          	leal 1(%rax),%r12d
  70  000115  448d6801          	leal 1(%rax),%r13d
  71  000119  8d4301            	leal 1(%rbx),%eax
  72  00011c  8d4b01            	leal 1(%rbx),%ecx
  73  00011f  8d7b01            	leal 1(%rbx),%edi
  74  000122  8d7301            	leal 1(%rbx),%esi
  75  000125  428d7c2b01        	leal 1(%rbx,%r13),%edi
  76  00012a  8d440301          	leal 1(%rbx,%rax),%eax
  77  00012e  8d4101            	leal 1(%rcx),%eax
  78  000131  8d440101          	leal 1(%rcx,%rax),%eax
  79  000135  8d4701            	leal 1(%rdi),%eax
  80  000138  8d5701            	leal 1(%rdi),%edx
  81  00013b  8d7201            	leal 1(%rdx),%esi
  82  00013e  8d4601            	leal 1(%rsi),%eax
  83  000141  8d5601            	leal 1(%rsi),%edx
  84  000144  448d6601          	leal 1(%rsi),%r12d
  85  000148  448d6e01          	leal 1(%rsi),%r13d
  86  00014c  448d7e01          	leal 1(%rsi),%r15d
  87  000150  448d244501000000  	leal 1(,%rax,2),%r12d
  88  000158  418d85edffff4b    	leal 1275068397(%r13),%eax
  89  00015f  458d6c240d        	leal 13(%r12),%r13d
  90  000164  458d6c240e        	leal 14(%r12),%r13d
  91  000169  8d4310            	leal 16(%rbx),%eax
  92  00016c  8d3c4510000000    	leal 16(,%rax,2),%edi
  93  000173  8d866c070000      	leal 1900(%rsi),%eax
  94  000179  458d6c2402        	leal 2(%r12),%r13d
  95  00017e  418d4502          	leal 2(%r13),%eax
  96  000182  418d5502          	leal 2(%r13),%edx
  97  000186  418d541d02        	leal 2(%r13,%rbx),%edx
  98  00018b  458d6c1d02        	leal 2(%r13,%rbx),%r13d
  99  000190  418d5602          	leal 2(%r14),%edx
 100  000194  8d4802            	leal 2(%rax),%ecx
 101  000197  448d6b02          	leal 2(%rbx),%r13d
 102  00019b  8d4102            	leal 2(%rcx),%eax
 103  00019e  8d441a02          	leal 2(%rdx,%rbx),%eax
 104  0001a2  428d3c6d18000000  	leal 24(,%r13,2),%edi
 105  0001aa  8d3c4518000000    	leal 24(,%rax,2),%edi
 106  0001b1  418d5603          	leal 3(%r14),%edx
 107  0001b5  8d5803            	leal 3(%rax),%ebx
 108  0001b8  428d442803        	leal 3(%rax,%r13),%eax
 109  0001bd  8d4303            	leal 3(%rbx),%eax
 110  0001c0  418d44241f        	leal 31(%r12),%eax
 111  0001c5  8d471f            	leal 31(%rdi),%eax
 112  0001c8  8d461f            	leal 31(%rsi),%eax
 113  0001cb  418d7c2404        	leal 4(%r12),%edi
 114  0001d0  418d5604          	leal 4(%r14),%edx
 115  0001d4  8d4304            	leal 4(%rbx),%eax
 116  0001d7  8d7b30            	leal 48(%rbx),%edi
 117  0001da  8d4130            	leal 48(%rcx),%eax
 118  0001dd  448d5630          	leal 48(%rsi),%r10d
 119  0001e1  418d4d05          	leal 5(%r13),%ecx
 120  0001e5  8d4b05            	leal 5(%rbx),%ecx
 121  0001e8  8d7b05            	leal 5(%rbx),%edi
 122  0001eb  448d4e37          	leal 55(%rsi),%r9d
 123  0001ef  418d441c07        	leal 7(%r12,%rbx),%eax
 124  0001f4  418d4507          	leal 7(%r13),%eax
 125  0001f8  458d6507          	leal 7(%r13),%r12d
 126  0001fc  428d442807        	leal 7(%rax,%r13),%eax
 127  000201  8d44f807          	leal 7(%rax,%rdi,8),%eax
 128  000205  418d7d08          	leal 8(%r13),%edi
 129  000209  8d4808            	leal 8(%rax),%ecx
 130  00020c  8d4e57            	leal 87(%rsi),%ecx
 131  00020f  4f8d145b          	leaq (%r11,%r11,2),%r10
 132  000213  4f8d0464          	leaq (%r12,%r12,2),%r8
 133  000217  4b8d0464          	leaq (%r12,%r12,2),%rax
 134  00021b  4b8d1c64          	leaq (%r12,%r12,2),%rbx
 135  00021f  4b8d0c64          	leaq (%r12,%r12,2),%rcx
 136  000223  4b8d142c          	leaq (%r12,%r13),%rdx
 137  000227  498d1404          	leaq (%r12,%rax),%rdx
 138  00022b  498d1434          	leaq (%r12,%rsi),%rdx
 139  00022f  4b8d442500        	leaq (%r13,%r12),%rax
 140  000234  4b8d7c2500        	leaq (%r13,%r12),%rdi
 141  000239  4b8d542500        	leaq (%r13,%r12),%rdx
 142  00023e  4b8d742500        	leaq (%r13,%r12),%rsi
 143  000243  4f8d646d00        	leaq (%r13,%r13,2),%r12
 144  000248  4b8d446d00        	leaq (%r13,%r13,2),%rax
 145  00024d  4b8d4c6d00        	leaq (%r13,%r13,2),%rcx
 146  000252  4f8d64ad00        	leaq (%r13,%r13,4),%r12
 147  000257  4f8d6cad00        	leaq (%r13,%r13,4),%r13
 148  00025c  4b8d543500        	leaq (%r13,%r14),%rdx
 149  000261  498d7c4500        	leaq (%r13,%rax,2),%rdi
 150  000266  4f8d3c26          	leaq (%r14,%r12),%r15
 151  00026a  4f8d2c76          	leaq (%r14,%r14,2),%r13
 152  00026e  4b8d0476          	leaq (%r14,%r14,2),%rax
 153  000272  4b8d0c76          	leaq (%r14,%r14,2),%rcx
 154  000276  4b8d04b6          	leaq (%r14,%r14,4),%rax
 155  00027a  4f8d247f          	leaq (%r15,%r15,2),%r12
 156  00027e  4b8d047f          	leaq (%r15,%r15,2),%rax
 157  000282  4b8d0c7f          	leaq (%r15,%r15,2),%rcx
 158  000286  4b8d0c40          	leaq (%r8,%r8,2),%rcx
 159  00028a  4b8d3c40          	leaq (%r8,%r8,2),%rdi
 160  00028e  4b8d1440          	leaq (%r8,%r8,2),%rdx
 161  000292  4d8d0480          	leaq (%r8,%rax,4),%r8
 162  000296  4f8d0449          	leaq (%r9,%r9,2),%r8
 163  00029a  4e8d2c20          	leaq (%rax,%r12),%r13
 164  00029e  4a8d14e0          	leaq (%rax,%r12,8),%rdx
 165  0002a2  4a8d3cf8          	leaq (%rax,%r15,8),%rdi
 166  0002a6  4c8d2440          	leaq (%rax,%rax,2),%r12
 167  0002aa  4c8d3440          	leaq (%rax,%rax,2),%r14
 168  0002ae  4c8d0440          	leaq (%rax,%rax,2),%r8
 169  0002b2  488d0440          	leaq (%rax,%rax,2),%rax
 170  0002b6  488d1c40          	leaq (%rax,%rax,2),%rbx
 171  0002ba  488d0c40          	leaq (%rax,%rax,2),%rcx
 172  0002be  488d3c40          	leaq (%rax,%rax,2),%rdi
 173  0002c2  488d1440          	leaq (%rax,%rax,2),%rdx
 174  0002c6  488d3440          	leaq (%rax,%rax,2),%rsi
 175  0002ca  488d0480          	leaq (%rax,%rax,4),%rax
 176  0002ce  488d0c80          	leaq (%rax,%rax,4),%rcx
 177  0002d2  488d1480          	leaq (%rax,%rax,4),%rdx
 178  0002d6  488d3c18          	leaq (%rax,%rbx),%rdi
 179  0002da  488d0498          	leaq (%rax,%rbx,4),%rax
 180  0002de  488d04d8          	leaq (%rax,%rbx,8),%rax
 181  0002e2  488d1cd8          	leaq (%rax,%rbx,8),%rbx
 182  0002e6  488d1408          	leaq (%rax,%rcx),%rdx
 183  0002ea  4c8d2448          	leaq (%rax,%rcx,2),%r12
 184  0002ee  4c8d3448          	leaq (%rax,%rcx,2),%r14
 185  0002f2  488d0c48          	leaq (%rax,%rcx,2),%rcx
 186  0002f6  488d3c48          	leaq (%rax,%rcx,2),%rdi
 187  0002fa  488d1448          	leaq (%rax,%rcx,2),%rdx
 188  0002fe  4c8d1c88          	leaq (%rax,%rcx,4),%r11
 189  000302  4c8d2488          	leaq (%rax,%rcx,4),%r12
 190  000306  4c8d3c88          	leaq (%rax,%rcx,4),%r15
 191  00030a  488d0488          	leaq (%rax,%rcx,4),%rax
 192  00030e  488d3c88          	leaq (%rax,%rcx,4),%rdi
 193  000312  4c8d24c8          	leaq (%rax,%rcx,8),%r12
 194  000316  4c8d0410          	leaq (%rax,%rdx),%r8
 195  00031a  488d0c10          	leaq (%rax,%rdx),%rcx
 196  00031e  488d0450          	leaq (%rax,%rdx,2),%rax
 197  000322  4a8d0413          	leaq (%rbx,%r10),%rax
 198  000326  4a8d3c23          	leaq (%rbx,%r12),%rdi
 199  00032a  4a8d1423          	leaq (%rbx,%r12),%rdx
 200  00032e  4a8d3ca3          	leaq (%rbx,%r12,4),%rdi
 201  000332  4a8d0c03          	leaq (%rbx,%r8),%rcx
 202  000336  488d1c83          	leaq (%rbx,%rax,4),%rbx
 203  00033a  488d045b          	leaq (%rbx,%rbx,2),%rax
 204  00033e  488d0c5b          	leaq (%rbx,%rbx,2),%rcx
 205  000342  488d049b          	leaq (%rbx,%rbx,4),%rax
 206  000346  488d149b          	leaq (%rbx,%rbx,4),%rdx
 207  00034a  4a8d0421          	leaq (%rcx,%r12),%rax
 208  00034e  488d1c41          	leaq (%rcx,%rax,2),%rbx
 209  000352  4c8d0c81          	leaq (%rcx,%rax,4),%r9
 210  000356  488d0c81          	leaq (%rcx,%rax,4),%rcx
 211  00035a  488d1481          	leaq (%rcx,%rax,4),%rdx
 212  00035e  488d3481          	leaq (%rcx,%rax,4),%rsi
 213  000362  488d04c1          	leaq (%rcx,%rax,8),%rax
 214  000366  488d0cc1          	leaq (%rcx,%rax,8),%rcx
 215  00036a  488d0419          	leaq (%rcx,%rbx),%rax
 216  00036e  4c8d0c49          	leaq (%rcx,%rcx,2),%r9
 217  000372  488d0449          	leaq (%rcx,%rcx,2),%rax
 218  000376  488d0c49          	leaq (%rcx,%rcx,2),%rcx
 219  00037a  488d1449          	leaq (%rcx,%rcx,2),%rdx
 220  00037e  488d3489          	leaq (%rcx,%rcx,4),%rsi
 221  000382  4c8d1491          	leaq (%rcx,%rdx,4),%r10
 222  000386  488d3c91          	leaq (%rcx,%rdx,4),%rdi
 223  00038a  4a8d0417          	leaq (%rdi,%r10),%rax
 224  00038e  488d3407          	leaq (%rdi,%rax),%rsi
 225  000392  488d145f          	leaq (%rdi,%rbx,2),%rdx
 226  000396  4c8d044f          	leaq (%rdi,%rcx,2),%r8
 227  00039a  488d144f          	leaq (%rdi,%rcx,2),%rdx
 228  00039e  4c8d1c8f          	leaq (%rdi,%rcx,4),%r11
 229  0003a2  488d0437          	leaq (%rdi,%rsi),%rax
 230  0003a6  488d3442          	leaq (%rdx,%rax,2),%rsi
 231  0003aa  488d0c82          	leaq (%rdx,%rax,4),%rcx
 232  0003ae  488d04c2          	leaq (%rdx,%rax,8),%rax
 233  0003b2  488d149a          	leaq (%rdx,%rbx,4),%rdx
 234  0003b6  488d0c52          	leaq (%rdx,%rdx,2),%rcx
 235  0003ba  4e8d243e          	leaq (%rsi,%r15),%r12
 236  0003be  488d3486          	leaq (%rsi,%rax,4),%rsi
 237  0003c2  488d3c16          	leaq (%rsi,%rdx),%rdi
 238  0003c6  488d0c76          	leaq (%rsi,%rsi,2),%rcx
 239  0003ca  488d1476          	leaq (%rsi,%rsi,2),%rdx
 240  0003ce  4b8d542cff        	leaq -1(%r12,%r13),%rdx
 241  0003d3  4b8d5435ff        	leaq -1(%r13,%r14),%rdx
 242  0003d8  498d46ff          	leaq -1(%r14),%rax
 243  0003dc  498d7eff          	leaq -1(%r14),%rdi
 244  0003e0  498d4406ff        	leaq -1(%r14,%rax),%rax
 245  0003e5  498d40ff          	leaq -1(%r8),%rax
 246  0003e9  498d48ff          	leaq -1(%r8),%rcx
 247  0003ed  498d41ff          	leaq -1(%r9),%rax
 248  0003f1  4c8d4dff          	leaq -1(%rbp),%r9
 249  0003f5  488d45ff          	leaq -1(%rbp),%rax
 250  0003f9  488d75ff          	leaq -1(%rbp),%rsi
 251  0003fd  488d47ff          	leaq -1(%rdi),%rax
 252  000401  488d4fff          	leaq -1(%rdi),%rcx
 253  000405  488d7c1fff        	leaq -1(%rdi,%rbx),%rdi
 254  00040a  488d4aff          	leaq -1(%rdx),%rcx
 255  00040e  488d46ff          	leaq -1(%rsi),%rax
 256  000412  488d56ff          	leaq -1(%rsi),%rdx
 257  000416  488d45f6          	leaq -10(%rbp),%rax
 258  00041a  488db500fcffff    	leaq -1024(%rbp),%rsi
 259  000421  488dbdf8fbffff    	leaq -1032(%rbp),%rdi
 260  000428  488d7598          	leaq -104(%rbp),%rsi
 261  00042c  488dbdd8fbffff    	leaq -1064(%rbp),%rdi
 262  000433  488db5d8fbffff    	leaq -1064(%rbp),%rsi
 263  00043a  488d5590          	leaq -112(%rbp),%rdx
 264  00043e  488d7590          	leaq -112(%rbp),%rsi
 265  000442  488d4df4          	leaq -12(%rbp),%rcx
 266  000446  488d75f4          	leaq -12(%rbp),%rsi
 267  00044a  4c8d6581          	leaq -127(%rbp),%r12
 268  00044e  4c8d6580          	leaq -128(%rbp),%r12
 269  000452  488d4580          	leaq -128(%rbp),%rax
 270  000456  488d7d80          	leaq -128(%rbp),%rdi
 271  00045a  488d5580          	leaq -128(%rbp),%rdx
 272  00045e  488d7580          	leaq -128(%rbp),%rsi
 273  000462  488d7c0580        	leaq -128(%rbp,%rax),%rdi
 274  000467  4c8d8d78ffffff    	leaq -136(%rbp),%r9
 275  00046e  488db578ffffff    	leaq -136(%rbp),%rsi
 276  000475  488d8d70ffffff    	leaq -144(%rbp),%rcx
 277  00047c  488d9570ffffff    	leaq -144(%rbp),%rdx
 278  000483  488db570ffffff    	leaq -144(%rbp),%rsi
 279  00048a  488d54c8f0        	leaq -16(%rax,%rcx,8),%rdx
 280  00048f  4c8d65f0          	leaq -16(%rbp),%r12
 281  000493  4c8d6df0          	leaq -16(%rbp),%r13
 282  000497  488d4df0          	leaq -16(%rbp),%rcx
 283  00049b  488d7df0          	leaq -16(%rbp),%rdi
 284  00049f  488d55f0          	leaq -16(%rbp),%rdx
 285  0004a3  488d75f0          	leaq -16(%rbp),%rsi
 286  0004a7  488d41f0          	leaq -16(%rcx),%rax
 287  0004ab  488d46f0          	leaq -16(%rsi),%rax
 288  0004af  4c8da560ffffff    	leaq -160(%rbp),%r12
 289  0004b6  488dbd60ffffff    	leaq -160(%rbp),%rdi
 290  0004bd  488d9560ffffff    	leaq -160(%rbp),%rdx
 291  0004c4  488db560ffffff    	leaq -160(%rbp),%rsi
 292  0004cb  4c8d8558ffffff    	leaq -168(%rbp),%r8
 293  0004d2  488db558ffffff    	leaq -168(%rbp),%rsi
 294  0004d9  488db540ffffff    	leaq -192(%rbp),%rsi
 295  0004e0  488d5430fe        	leaq -2(%rax,%rsi),%rdx
 296  0004e5  488d4dec          	leaq -20(%rbp),%rcx
 297  0004e9  488d55ec          	leaq -20(%rbp),%rdx
 298  0004ed  488d45eb          	leaq -21(%rbp),%rax
 299  0004f1  488d75eb          	leaq -21(%rbp),%rsi
 300  0004f5  488d7de9          	leaq -23(%rbp),%rdi
 301  0004f9  488d75e9          	leaq -23(%rbp),%rsi
 302  0004fd  4c8d75e8          	leaq -24(%rbp),%r14
 303  000501  488d7de8          	leaq -24(%rbp),%rdi
 304  000505  488d55e8          	leaq -24(%rbp),%rdx
 305  000509  488d75e8          	leaq -24(%rbp),%rsi
 306  00050d  488d8500ffffff    	leaq -256(%rbp),%rax
 307  000514  488dbd00ffffff    	leaq -256(%rbp),%rdi
 308  00051b  488d9500ffffff    	leaq -256(%rbp),%rdx
 309  000522  488db500ffffff    	leaq -256(%rbp),%rsi
 310  000529  488dbc1d00ffffff  	leaq -256(%rbp,%rbx),%rdi
 311  000531  4c8d45e4          	leaq -28(%rbp),%r8
 312  000535  488d75e4          	leaq -28(%rbp),%rsi
 313  000539  488dbde8feffff    	leaq -280(%rbp),%rdi
 314  000540  488db5e8feffff    	leaq -280(%rbp),%rsi
 315  000547  488d95d8feffff    	leaq -296(%rbp),%rdx
 316  00054e  488db5d8feffff    	leaq -296(%rbp),%rsi
 317  000555  488d95d4feffff    	leaq -300(%rbp),%rdx
 318  00055c  4c8d6de0          	leaq -32(%rbp),%r13
 319  000560  488d7de0          	leaq -32(%rbp),%rdi
 320  000564  488d55e0          	leaq -32(%rbp),%rdx
 321  000568  488d75e0          	leaq -32(%rbp),%rsi
 322  00056c  488d7ddc          	leaq -36(%rbp),%rdi
 323  000570  488d75dc          	leaq -36(%rbp),%rsi
 324  000574  488d7dfc          	leaq -4(%rbp),%rdi
 325  000578  488d55fc          	leaq -4(%rbp),%rdx
 326  00057c  488d75fc          	leaq -4(%rbp),%rsi
 327  000580  488d41fc          	leaq -4(%rcx),%rax
 328  000584  488d51fc          	leaq -4(%rcx),%rdx
 329  000588  488d55d8          	leaq -40(%rbp),%rdx
 330  00058c  488d75d8          	leaq -40(%rbp),%rsi
 331  000590  488d740dd8        	leaq -40(%rbp,%rcx),%rsi
 332  000595  488db500f0ffff    	leaq -4096(%rbp),%rsi
 333  00059c  4c8d7dd0          	leaq -48(%rbp),%r15
 334  0005a0  488d7dd0          	leaq -48(%rbp),%rdi
 335  0005a4  488d75d0          	leaq -48(%rbp),%rsi
 336  0005a8  488d8501feffff    	leaq -511(%rbp),%rax
 337  0005af  488d9d01feffff    	leaq -511(%rbp),%rbx
 338  0005b6  488d8500feffff    	leaq -512(%rbp),%rax
 339  0005bd  488dbd00feffff    	leaq -512(%rbp),%rdi
 340  0005c4  488db5f8fdffff    	leaq -520(%rbp),%rsi
 341  0005cb  4c8d8df4fdffff    	leaq -524(%rbp),%r9
 342  0005d2  488d75c8          	leaq -56(%rbp),%rsi
 343  0005d6  488d79fa          	leaq -6(%rcx),%rdi
 344  0005da  488d5401fa        	leaq -6(%rcx,%rax),%rdx
 345  0005df  488d7dc0          	leaq -64(%rbp),%rdi
 346  0005e3  488d55c0          	leaq -64(%rbp),%rdx
 347  0005e7  488d75c0          	leaq -64(%rbp),%rsi
 348  0005eb  4c8d45b8          	leaq -72(%rbp),%r8
 349  0005ef  488d7db8          	leaq -72(%rbp),%rdi
 350  0005f3  488d55b8          	leaq -72(%rbp),%rdx
 351  0005f7  488d75b8          	leaq -72(%rbp),%rsi
 352  0005fb  488d7df8          	leaq -8(%rbp),%rdi
 353  0005ff  488d55f8          	leaq -8(%rbp),%rdx
 354  000603  488d75f8          	leaq -8(%rbp),%rsi
 355  000607  488d4af8          	leaq -8(%rdx),%rcx
 356  00060b  4c8d45b0          	leaq -80(%rbp),%r8
 357  00060f  488d4da0          	leaq -96(%rbp),%rcx
 358  000613  488d7da0          	leaq -96(%rbp),%rdi
 359  000617  488d55a0          	leaq -96(%rbp),%rdx
 360  00061b  488d75a0          	leaq -96(%rbp),%rsi
 361  00061f  498d442401        	leaq 1(%r12),%rax
 362  000624  498d5c2401        	leaq 1(%r12),%rbx
 363  000629  498d4c2401        	leaq 1(%r12),%rcx
 364  00062e  498d7c2401        	leaq 1(%r12),%rdi
 365  000633  498d542401        	leaq 1(%r12),%rdx
 366  000638  498d440401        	leaq 1(%r12,%rax),%rax
 367  00063d  4d8d6501          	leaq 1(%r13),%r12
 368  000641  498d4501          	leaq 1(%r13),%rax
 369  000645  498d4d01          	leaq 1(%r13),%rcx
 370  000649  498d5501          	leaq 1(%r13),%rdx
 371  00064d  4d8d640501        	leaq 1(%r13,%rax),%r12
 372  000652  4d8d5e01          	leaq 1(%r14),%r11
 373  000656  498d4601          	leaq 1(%r14),%rax
 374  00065a  498d4e01          	leaq 1(%r14),%rcx
 375  00065e  498d5601          	leaq 1(%r14),%rdx
 376  000662  498d7601          	leaq 1(%r14),%rsi
 377  000666  4d8d6f01          	leaq 1(%r15),%r13
 378  00066a  498d4701          	leaq 1(%r15),%rax
 379  00066e  498d5701          	leaq 1(%r15),%rdx
 380  000672  498d7701          	leaq 1(%r15),%rsi
 381  000676  498d7c0701        	leaq 1(%r15,%rax),%rdi
 382  00067b  498d7901          	leaq 1(%r9),%rdi
 383  00067f  488d4801          	leaq 1(%rax),%rcx
 384  000683  488d5001          	leaq 1(%rax),%rdx
 385  000687  488d7001          	leaq 1(%rax),%rsi
 386  00068b  488d4301          	leaq 1(%rbx),%rax
 387  00068f  488d4b01          	leaq 1(%rbx),%rcx
 388  000693  488d5301          	leaq 1(%rbx),%rdx
 389  000697  488d4101          	leaq 1(%rcx),%rax
 390  00069b  488d5901          	leaq 1(%rcx),%rbx
 391  00069f  488d4901          	leaq 1(%rcx),%rcx
 392  0006a3  488d7101          	leaq 1(%rcx),%rsi
 393  0006a7  488d4701          	leaq 1(%rdi),%rax
 394  0006ab  488d4f01          	leaq 1(%rdi),%rcx
 395  0006af  488d5701          	leaq 1(%rdi),%rdx
 396  0006b3  4c8d6a01          	leaq 1(%rdx),%r13
 397  0006b7  488d4201          	leaq 1(%rdx),%rax
 398  0006bb  488d4a01          	leaq 1(%rdx),%rcx
 399  0006bf  488d7e01          	leaq 1(%rsi),%rdi
 400  0006c3  498d44240c        	leaq 12(%r12),%rax
 401  0006c8  498d5c240c        	leaq 12(%r12),%rbx
 402  0006cd  488d700c          	leaq 12(%rax),%rsi
 403  0006d1  498dbc2480000000  	leaq 128(%r12),%rdi
 404  0006d9  498db42480000000  	leaq 128(%r12),%rsi
 405  0006e1  498dbd80000000    	leaq 128(%r13),%rdi
 406  0006e8  488dbb80000000    	leaq 128(%rbx),%rdi
 407  0006ef  488d9680000000    	leaq 128(%rsi),%rdx
 408  0006f6  498d7c2410        	leaq 16(%r12),%rdi
 409  0006fb  498d542410        	leaq 16(%r12),%rdx
 410  000700  498d742410        	leaq 16(%r12),%rsi
 411  000705  498d7d10          	leaq 16(%r13),%rdi
 412  000709  498d7510          	leaq 16(%r13),%rsi
 413  00070d  4d8d6e10          	leaq 16(%r14),%r13
 414  000711  498d7610          	leaq 16(%r14),%rsi
 415  000715  498d7f10          	leaq 16(%r15),%rdi
 416  000719  488d5010          	leaq 16(%rax),%rdx
 417  00071d  488d7510          	leaq 16(%rbp),%rsi
 418  000721  488d7b10          	leaq 16(%rbx),%rdi
 419  000725  488d7310          	leaq 16(%rbx),%rsi
 420  000729  488d4110          	leaq 16(%rcx),%rax
 421  00072d  488d7110          	leaq 16(%rcx),%rsi
 422  000731  488d4710          	leaq 16(%rdi),%rax
 423  000735  498dbc24a0000000  	leaq 160(%r12),%rdi
 424  00073d  488dbba0000000    	leaq 160(%rbx),%rdi
 425  000744  498d9424c0000000  	leaq 192(%r12),%rdx
 426  00074c  498dbdc0000000    	leaq 192(%r13),%rdi
 427  000753  498dbec0000000    	leaq 192(%r14),%rdi
 428  00075a  498d4b02          	leaq 2(%r11),%rcx
 429  00075e  498d5c2402        	leaq 2(%r12),%rbx
 430  000763  498d4c2402        	leaq 2(%r12),%rcx
 431  000768  4d8d6502          	leaq 2(%r13),%r12
 432  00076c  4d8d7502          	leaq 2(%r13),%r14
 433  000770  498d5602          	leaq 2(%r14),%rdx
 434  000774  4d8d6f02          	leaq 2(%r15),%r13
 435  000778  488d4302          	leaq 2(%rbx),%rax
 436  00077c  488d7b02          	leaq 2(%rbx),%rdi
 437  000780  488d440302        	leaq 2(%rbx,%rax),%rax
 438  000785  488d4102          	leaq 2(%rcx),%rax
 439  000789  488d4702          	leaq 2(%rdi),%rax
 440  00078d  488d4f02          	leaq 2(%rdi),%rcx
 441  000791  488d7702          	leaq 2(%rdi),%rsi
 442  000795  488d4202          	leaq 2(%rdx),%rax
 443  000799  498db424d8000000  	leaq 216(%r12),%rsi
 444  0007a1  498dbdd8000000    	leaq 216(%r13),%rdi
 445  0007a8  498dbed8000000    	leaq 216(%r14),%rdi
 446  0007af  498dbfd8000000    	leaq 216(%r15),%rdi
 447  0007b6  498d542416        	leaq 22(%r12),%rdx
 448  0007bb  488d5016          	leaq 22(%rax),%rdx
 449  0007bf  4d8d6c2418        	leaq 24(%r12),%r13
 450  0007c4  498d442418        	leaq 24(%r12),%rax
 451  0007c9  498d5c2418        	leaq 24(%r12),%rbx
 452  0007ce  498d742418        	leaq 24(%r12),%rsi
 453  0007d3  4d8d6e18          	leaq 24(%r14),%r13
 454  0007d7  498d5e18          	leaq 24(%r14),%rbx
 455  0007db  498d4018          	leaq 24(%r8),%rax
 456  0007df  488d4818          	leaq 24(%rax),%rcx
 457  0007e3  488d7818          	leaq 24(%rax),%rdi
 458  0007e7  488d5d18          	leaq 24(%rbp),%rbx
 459  0007eb  488d5518          	leaq 24(%rbp),%rdx
 460  0007ef  4c8d6318          	leaq 24(%rbx),%r12
 461  0007f3  488d4318          	leaq 24(%rbx),%rax
 462  0007f7  488d7b18          	leaq 24(%rbx),%rdi
 463  0007fb  488d7318          	leaq 24(%rbx),%rsi
 464  0007ff  488d4118          	leaq 24(%rcx),%rax
 465  000803  488d4718          	leaq 24(%rdi),%rax
 466  000807  488d4f18          	leaq 24(%rdi),%rcx
 467  00080b  488d4218          	leaq 24(%rdx),%rax
 468  00080f  488d4a18          	leaq 24(%rdx),%rcx
 469  000813  498dbc24f0000000  	leaq 240(%r12),%rdi
 470  00081b  498db424f0000000  	leaq 240(%r12),%rsi
 471  000823  498dbdf0000000    	leaq 240(%r13),%rdi
 472  00082a  498d95f0000000    	leaq 240(%r13),%rdx
 473  000831  488d8700600000    	leaq 24576(%rdi),%rax
 474  000838  498dbc2408010000  	leaq 264(%r12),%rdi
 475  000840  498db42408010000  	leaq 264(%r12),%rsi
 476  000848  498dbd08010000    	leaq 264(%r13),%rdi
 477  00084f  498dbd20010000    	leaq 288(%r13),%rdi
 478  000856  498dbe20010000    	leaq 288(%r14),%rdi
 479  00085d  498dbf20010000    	leaq 288(%r15),%rdi
 480  000864  498d5c2403        	leaq 3(%r12),%rbx
 481  000869  4d8d6503          	leaq 3(%r13),%r12
 482  00086d  4d8d6f03          	leaq 3(%r15),%r13
 483  000871  488d4703          	leaq 3(%rdi),%rax
 484  000875  488d7703          	leaq 3(%rdi),%rsi
 485  000879  488d4203          	leaq 3(%rdx),%rax
 486  00087d  498dbc2438010000  	leaq 312(%r12),%rdi
 487  000885  498db42438010000  	leaq 312(%r12),%rsi
 488  00088d  498dbf38010000    	leaq 312(%r15),%rdi
 489  000894  488dbb38010000    	leaq 312(%rbx),%rdi
 490  00089b  498d442420        	leaq 32(%r12),%rax
 491  0008a0  498d7c2420        	leaq 32(%r12),%rdi
 492  0008a5  498d7820          	leaq 32(%r8),%rdi
 493  0008a9  4c8d4020          	leaq 32(%rax),%r8
 494  0008ad  488d4820          	leaq 32(%rax),%rcx
 495  0008b1  488d5020          	leaq 32(%rax),%rdx
 496  0008b5  488d5d20          	leaq 32(%rbp),%rbx
 497  0008b9  488d5520          	leaq 32(%rbp),%rdx
 498  0008bd  488d4b20          	leaq 32(%rbx),%rcx
 499  0008c1  488d7b20          	leaq 32(%rbx),%rdi
 500  0008c5  488d5320          	leaq 32(%rbx),%rdx
 501  0008c9  488d4120          	leaq 32(%rcx),%rax
 502  0008cd  488d4220          	leaq 32(%rdx),%rax
 503  0008d1  498dbd50010000    	leaq 336(%r13),%rdi
 504  0008d8  498dbf50010000    	leaq 336(%r15),%rdi
 505  0008df  488dbb50010000    	leaq 336(%rbx),%rdi
 506  0008e6  498dbc2468010000  	leaq 360(%r12),%rdi
 507  0008ee  498db42468010000  	leaq 360(%r12),%rsi
 508  0008f6  488dbb68010000    	leaq 360(%rbx),%rdi
 509  0008fd  498d5c2404        	leaq 4(%r12),%rbx
 510  000902  4d8d6504          	leaq 4(%r13),%r12
 511  000906  488d4804          	leaq 4(%rax),%rcx
 512  00090a  488d7004          	leaq 4(%rax),%rsi
 513  00090e  488d4c0304        	leaq 4(%rbx,%rax),%rcx
 514  000913  488d4104          	leaq 4(%rcx),%rax
 515  000917  488d4204          	leaq 4(%rdx),%rax
 516  00091b  498d442428        	leaq 40(%r12),%rax
 517  000920  498d4c2428        	leaq 40(%r12),%rcx
 518  000925  498d7c2428        	leaq 40(%r12),%rdi
 519  00092a  498d542428        	leaq 40(%r12),%rdx
 520  00092f  498d742428        	leaq 40(%r12),%rsi
 521  000934  498d5d28          	leaq 40(%r13),%rbx
 522  000938  498d7d28          	leaq 40(%r13),%rdi
 523  00093c  4d8d6e28          	leaq 40(%r14),%r13
 524  000940  498d7e28          	leaq 40(%r14),%rdi
 525  000944  498d7628          	leaq 40(%r14),%rsi
 526  000948  498d7f28          	leaq 40(%r15),%rdi
 527  00094c  498d7728          	leaq 40(%r15),%rsi
 528  000950  4d8d4128          	leaq 40(%r9),%r8
 529  000954  488d7828          	leaq 40(%rax),%rdi
 530  000958  488d5d28          	leaq 40(%rbp),%rbx
 531  00095c  4c8d7b28          	leaq 40(%rbx),%r15
 532  000960  488d7b28          	leaq 40(%rbx),%rdi
 533  000964  488d5328          	leaq 40(%rbx),%rdx
 534  000968  488d7328          	leaq 40(%rbx),%rsi
 535  00096c  488d5728          	leaq 40(%rdi),%rdx
 536  000970  488d4a28          	leaq 40(%rdx),%rcx
 537  000974  488d7a28          	leaq 40(%rdx),%rdi
 538  000978  488d7228          	leaq 40(%rdx),%rsi
 539  00097c  498dbc2498010000  	leaq 408(%r12),%rdi
 540  000984  498dbf98010000    	leaq 408(%r15),%rdi
 541  00098b  488d88ff0f0000    	leaq 4095(%rax),%rcx
 542  000992  498dbc24b0010000  	leaq 432(%r12),%rdi
 543  00099a  498d9fb0010000    	leaq 432(%r15),%rbx
 544  0009a1  498db7b0010000    	leaq 432(%r15),%rsi
 545  0009a8  488dbbc8010000    	leaq 456(%rbx),%rdi
 546  0009af  498d442430        	leaq 48(%r12),%rax
 547  0009b4  498d742430        	leaq 48(%r12),%rsi
 548  0009b9  488d4830          	leaq 48(%rax),%rcx
 549  0009bd  4c8d7330          	leaq 48(%rbx),%r14
 550  0009c1  488d4330          	leaq 48(%rbx),%rax
 551  0009c5  488d7b30          	leaq 48(%rbx),%rdi
 552  0009c9  488d4630          	leaq 48(%rsi),%rax
 553  0009cd  498dbc24e0010000  	leaq 480(%r12),%rdi
 554  0009d5  488d4a05          	leaq 5(%rdx),%rcx
 555  0009d9  498dbc24f8010000  	leaq 504(%r12),%rdi
 556  0009e1  488dbbf8010000    	leaq 504(%rbx),%rdi
 557  0009e8  498dbc2410020000  	leaq 528(%r12),%rdi
 558  0009f0  488dbb10020000    	leaq 528(%rbx),%rdi
 559  0009f7  498dbd28020000    	leaq 552(%r13),%rdi
 560  0009fe  498d7c2438        	leaq 56(%r12),%rdi
 561  000a03  498d742438        	leaq 56(%r12),%rsi
 562  000a08  498d7d38          	leaq 56(%r13),%rdi
 563  000a0c  498d7e38          	leaq 56(%r14),%rdi
 564  000a10  488d7b38          	leaq 56(%rbx),%rdi
 565  000a14  488d7338          	leaq 56(%rbx),%rsi
 566  000a18  488d4738          	leaq 56(%rdi),%rax
 567  000a1c  498dbc2448020000  	leaq 584(%r12),%rdi
 568  000a24  498d9d48020000    	leaq 584(%r13),%rbx
 569  000a2b  498db548020000    	leaq 584(%r13),%rsi
 570  000a32  498db648020000    	leaq 584(%r14),%rsi
 571  000a39  498db748020000    	leaq 584(%r15),%rsi
 572  000a40  488d7b06          	leaq 6(%rbx),%rdi
 573  000a44  498dbc2460020000  	leaq 608(%r12),%rdi
 574  000a4c  498d9d60020000    	leaq 608(%r13),%rbx
 575  000a53  498db560020000    	leaq 608(%r13),%rsi
 576  000a5a  498dbc2478020000  	leaq 632(%r12),%rdi
 577  000a62  498db42478020000  	leaq 632(%r12),%rsi
 578  000a6a  498db578020000    	leaq 632(%r13),%rsi
 579  000a71  498d4c2440        	leaq 64(%r12),%rcx
 580  000a76  498d542440        	leaq 64(%r12),%rdx
 581  000a7b  498d4040          	leaq 64(%r8),%rax
 582  000a7f  498dbd90020000    	leaq 656(%r13),%rdi
 583  000a86  498dbf90020000    	leaq 656(%r15),%rdi
 584  000a8d  488db390020000    	leaq 656(%rbx),%rsi
 585  000a94  498dbda8020000    	leaq 680(%r13),%rdi
 586  000a9b  498dbea8020000    	leaq 680(%r14),%rdi
 587  000aa2  498dbfa8020000    	leaq 680(%r15),%rdi
 588  000aa9  488db3a8020000    	leaq 680(%rbx),%rsi
 589  000ab0  498dbdc0020000    	leaq 704(%r13),%rdi
 590  000ab7  498dbfc0020000    	leaq 704(%r15),%rdi
 591  000abe  488dbbc0020000    	leaq 704(%rbx),%rdi
 592  000ac5  488db3c0020000    	leaq 704(%rbx),%rsi
 593  000acc  498d442448        	leaq 72(%r12),%rax
 594  000ad1  498d542448        	leaq 72(%r12),%rdx
 595  000ad6  498d742448        	leaq 72(%r12),%rsi
 596  000adb  498d5d48          	leaq 72(%r13),%rbx
 597  000adf  498d4848          	leaq 72(%r8),%rcx
 598  000ae3  498d7148          	leaq 72(%r9),%rsi
 599  000ae7  488d7848          	leaq 72(%rax),%rdi
 600  000aeb  488d5048          	leaq 72(%rax),%rdx
 601  000aef  4c8d7348          	leaq 72(%rbx),%r14
 602  000af3  4c8d7b48          	leaq 72(%rbx),%r15
 603  000af7  488d4348          	leaq 72(%rbx),%rax
 604  000afb  488d7b48          	leaq 72(%rbx),%rdi
 605  000aff  488d5348          	leaq 72(%rbx),%rdx
 606  000b03  488d7348          	leaq 72(%rbx),%rsi
 607  000b07  488d4f48          	leaq 72(%rdi),%rcx
 608  000b0b  4c8d4248          	leaq 72(%rdx),%r8
 609  000b0f  488d4a48          	leaq 72(%rdx),%rcx
 610  000b13  488d7a48          	leaq 72(%rdx),%rdi
 611  000b17  488d7248          	leaq 72(%rdx),%rsi
 612  000b1b  498dbc24d8020000  	leaq 728(%r12),%rdi
 613  000b23  498db424d8020000  	leaq 728(%r12),%rsi
 614  000b2b  488dbbd8020000    	leaq 728(%rbx),%rdi
 615  000b32  498dbdf0020000    	leaq 752(%r13),%rdi
 616  000b39  498dbef0020000    	leaq 752(%r14),%rdi
 617  000b40  498dbff0020000    	leaq 752(%r15),%rdi
 618  000b47  498dbc2408030000  	leaq 776(%r12),%rdi
 619  000b4f  498db42408030000  	leaq 776(%r12),%rsi
 620  000b57  488dbb08030000    	leaq 776(%rbx),%rdi
 621  000b5e  498d5c2408        	leaq 8(%r12),%rbx
 622  000b63  498d7c2408        	leaq 8(%r12),%rdi
 623  000b68  498d742408        	leaq 8(%r12),%rsi
 624  000b6d  4b8d7c2c08        	leaq 8(%r12,%r13),%rdi
 625  000b72  498d7c0c08        	leaq 8(%r12,%rcx),%rdi
 626  000b77  498d4508          	leaq 8(%r13),%rax
 627  000b7b  498d7d08          	leaq 8(%r13),%rdi
 628  000b7f  498d5508          	leaq 8(%r13),%rdx
 629  000b83  498d7c0508        	leaq 8(%r13,%rax),%rdi
 630  000b88  498d7e08          	leaq 8(%r14),%rdi
 631  000b8c  498d7608          	leaq 8(%r14),%rsi
 632  000b90  4b8d7c2e08        	leaq 8(%r14,%r13),%rdi
 633  000b95  498d5708          	leaq 8(%r15),%rdx
 634  000b99  498d7708          	leaq 8(%r15),%rsi
 635  000b9d  4b8d4c2f08        	leaq 8(%r15,%r13),%rcx
 636  000ba2  4b8d542f08        	leaq 8(%r15,%r13),%rdx
 637  000ba7  4b8d742f08        	leaq 8(%r15,%r13),%rsi
 638  000bac  498d741f08        	leaq 8(%r15,%rbx),%rsi
 639  000bb1  498d440808        	leaq 8(%r8,%rcx),%rax
 640  000bb6  498d743008        	leaq 8(%r8,%rsi),%rsi
 641  000bbb  488d5808          	leaq 8(%rax),%rbx
 642  000bbf  488d7808          	leaq 8(%rax),%rdi
 643  000bc3  488d5008          	leaq 8(%rax),%rdx
 644  000bc7  488d7008          	leaq 8(%rax),%rsi
 645  000bcb  4a8d742008        	leaq 8(%rax,%r12),%rsi
 646  000bd0  488d741808        	leaq 8(%rax,%rbx),%rsi
 647  000bd5  488d7b08          	leaq 8(%rbx),%rdi
 648  000bd9  488d5308          	leaq 8(%rbx),%rdx
 649  000bdd  488d7308          	leaq 8(%rbx),%rsi
 650  000be1  4a8d543308        	leaq 8(%rbx,%r14),%rdx
 651  000be6  4a8d743308        	leaq 8(%rbx,%r14),%rsi
 652  000beb  488d740308        	leaq 8(%rbx,%rax),%rsi
 653  000bf0  488d7c0108        	leaq 8(%rcx,%rax),%rdi
 654  000bf5  488d740108        	leaq 8(%rcx,%rax),%rsi
 655  000bfa  488d7c1708        	leaq 8(%rdi,%rdx),%rdi
 656  000bff  4a8d742208        	leaq 8(%rdx,%r12),%rsi
 657  000c04  488d7c0208        	leaq 8(%rdx,%rax),%rdi
 658  000c09  488d740208        	leaq 8(%rdx,%rax),%rsi
 659  000c0e  498d7c2450        	leaq 80(%r12),%rdi
 660  000c13  498d742450        	leaq 80(%r12),%rsi
 661  000c18  498d7f50          	leaq 80(%r15),%rdi
 662  000c1c  498d7750          	leaq 80(%r15),%rsi
 663  000c20  488d7850          	leaq 80(%rax),%rdi
 664  000c24  488d7b50          	leaq 80(%rbx),%rdi
 665  000c28  488d5350          	leaq 80(%rbx),%rdx
 666  000c2c  488d8338030000    	leaq 824(%rbx),%rax
 667  000c33  498d442409        	leaq 9(%r12),%rax
 668  000c38  498d5c2409        	leaq 9(%r12),%rbx
 669  000c3d  498d742409        	leaq 9(%r12),%rsi
 670  000c42  498d7d09          	leaq 9(%r13),%rdi
 671  000c46  488d4309          	leaq 9(%rbx),%rax
 672  000c4a  488d7b09          	leaq 9(%rbx),%rdi
 673  000c4e  668d4801          	leaw 1(%rax),%cx
 674  000c52                    
