

movsx.s

   1  000000  0fbec0            	movsbl %al,%eax
   2  000003  0fbef8            	movsbl %al,%edi
   3  000006  0fbef0            	movsbl %al,%esi
   4  000009  0fbec1            	movsbl %cl,%eax
   5  00000c  0fbec9            	movsbl %cl,%ecx
   6  00000f  0fbef1            	movsbl %cl,%esi
   7  000012  400fbeff          	movsbl %dil,%edi
   8  000016  0fbec2            	movsbl %dl,%eax
   9  000019  400fbed6          	movsbl %sil,%edx
  10  00001d  400fbef6          	movsbl %sil,%esi
  11  000021  410fbe0c24        	movsbl (%r12),%ecx
  12  000026  410fbe3c24        	movsbl (%r12),%edi
  13  00002b  410fbe7d00        	movsbl (%r13),%edi
  14  000030  450fbe6500        	movsbl (%r13),%r12d
  15  000035  410fbe0e          	movsbl (%r14),%ecx
  16  000039  410fbe3e          	movsbl (%r14),%edi
  17  00003d  410fbe16          	movsbl (%r14),%edx
  18  000041  410fbe07          	movsbl (%r15),%eax
  19  000045  410fbe37          	movsbl (%r15),%esi
  20  000049  450fbe37          	movsbl (%r15),%r14d
  21  00004d  0fbe00            	movsbl (%rax),%eax
  22  000050  0fbe08            	movsbl (%rax),%ecx
  23  000053  0fbe38            	movsbl (%rax),%edi
  24  000056  440fbe28          	movsbl (%rax),%r13d
  25  00005a  440fbe38          	movsbl (%rax),%r15d
  26  00005e  420fbe1c20        	movsbl (%rax,%r12),%ebx
  27  000063  0fbe03            	movsbl (%rbx),%eax
  28  000066  0fbe0b            	movsbl (%rbx),%ecx
  29  000069  0fbe3b            	movsbl (%rbx),%edi
  30  00006c  0fbe01            	movsbl (%rcx),%eax
  31  00006f  0fbe19            	movsbl (%rcx),%ebx
  32  000072  0fbe09            	movsbl (%rcx),%ecx
  33  000075  0fbe39            	movsbl (%rcx),%edi
  34  000078  440fbe21          	movsbl (%rcx),%r12d
  35  00007c  440fbe31          	movsbl (%rcx),%r14d
  36  000080  0fbe1c01          	movsbl (%rcx,%rax),%ebx
  37  000084  440fbe2c01        	movsbl (%rcx,%rax),%r13d
  38  000089  0fbe07            	movsbl (%rdi),%eax
  39  00008c  0fbe0f            	movsbl (%rdi),%ecx
  40  00008f  0fbe17            	movsbl (%rdi),%edx
  41  000092  440fbe27          	movsbl (%rdi),%r12d
  42  000096  440fbe07          	movsbl (%rdi),%r8d
  43  00009a  0fbe02            	movsbl (%rdx),%eax
  44  00009d  0fbe0a            	movsbl (%rdx),%ecx
  45  0000a0  0fbe06            	movsbl (%rsi),%eax
  46  0000a3  410fbe4c24ff      	movsbl -1(%r12),%ecx
  47  0000a9  410fbe7c2401      	movsbl 1(%r12),%edi
  48  0000af  450fbe6501        	movsbl 1(%r13),%r12d
  49  0000b4  410fbe4e01        	movsbl 1(%r14),%ecx
  50  0000b9  440fbe7801        	movsbl 1(%rax),%r15d
  51  0000be  0fbe4b01          	movsbl 1(%rbx),%ecx
  52  0000c2  0fbe7b01          	movsbl 1(%rbx),%edi
  53  0000c6  0fbe4101          	movsbl 1(%rcx),%eax
  54  0000ca  0fbe5901          	movsbl 1(%rcx),%ebx
  55  0000ce  0fbe7901          	movsbl 1(%rcx),%edi
  56  0000d2  0fbe5101          	movsbl 1(%rcx),%edx
  57  0000d6  440fbe6101        	movsbl 1(%rcx),%r12d
  58  0000db  440fbe6901        	movsbl 1(%rcx),%r13d
  59  0000e0  0fbe4701          	movsbl 1(%rdi),%eax
  60  0000e4  0fbe7f01          	movsbl 1(%rdi),%edi
  61  0000e8  0fbe4201          	movsbl 1(%rdx),%eax
  62  0000ec  0fbe4a01          	movsbl 1(%rdx),%ecx
  63  0000f0  410fbe7c2402      	movsbl 2(%r12),%edi
  64  0000f6  0fbe4702          	movsbl 2(%rdi),%eax
  65  0000fa  0fbe4202          	movsbl 2(%rdx),%eax
  66  0000fe  410fbe7c2403      	movsbl 3(%r12),%edi
  67  000104  0fbe4203          	movsbl 3(%rdx),%eax
  68  000108  440fbe4127        	movsbl 39(%rcx),%r8d
  69  00010d  0fbe4204          	movsbl 4(%rdx),%eax
  70  000111  410fbe742428      	movsbl 40(%r12),%esi
  71  000117  0fbe4205          	movsbl 5(%rdx),%eax
  72  00011b  480fbec0          	movsbq %al,%rax
  73  00011f  480fbedb          	movsbq %bl,%rbx
  74  000123  490fbe4500        	movsbq (%r13),%rax
  75  000128  480fbe03          	movsbq (%rbx),%rax
  76  00012c  480fbe4201        	movsbq 1(%rdx),%rax
  77  000131  490fbe442402      	movsbq 2(%r12),%rax
  78  000137  480fbe4302        	movsbq 2(%rbx),%rax
  79  00013c  4863c0            	movslq %eax,%rax
  80  00013f  4863d8            	movslq %eax,%rbx
  81  000142  4863c8            	movslq %eax,%rcx
  82  000145  4863d0            	movslq %eax,%rdx
  83  000148  4863f0            	movslq %eax,%rsi
  84  00014b  4c63eb            	movslq %ebx,%r13
  85  00014e  4c63f3            	movslq %ebx,%r14
  86  000151  4863c3            	movslq %ebx,%rax
  87  000154  4863db            	movslq %ebx,%rbx
  88  000157  4863cb            	movslq %ebx,%rcx
  89  00015a  4863fb            	movslq %ebx,%rdi
  90  00015d  4863d3            	movslq %ebx,%rdx
  91  000160  4c63c1            	movslq %ecx,%r8
  92  000163  4863c1            	movslq %ecx,%rax
  93  000166  4863c9            	movslq %ecx,%rcx
  94  000169  4863f9            	movslq %ecx,%rdi
  95  00016c  4863d1            	movslq %ecx,%rdx
  96  00016f  4863f1            	movslq %ecx,%rsi
  97  000172  4863c7            	movslq %edi,%rax
  98  000175  4863cf            	movslq %edi,%rcx
  99  000178  4863ff            	movslq %edi,%rdi
 100  00017b  4863d7            	movslq %edi,%rdx
 101  00017e  4863c2            	movslq %edx,%rax
 102  000181  4863da            	movslq %edx,%rbx
 103  000184  4863ca            	movslq %edx,%rcx
 104  000187  4863fa            	movslq %edx,%rdi
 105  00018a  4863d2            	movslq %edx,%rdx
 106  00018d  4863c6            	movslq %esi,%rax
 107  000190  4863ce            	movslq %esi,%rcx
 108  000193  4863d6            	movslq %esi,%rdx
 109  000196  4863f6            	movslq %esi,%rsi
 110  000199  4d63d2            	movslq %r10d,%r10
 111  00019c  4d63db            	movslq %r11d,%r11
 112  00019f  4963cb            	movslq %r11d,%rcx
 113  0001a2  4d63e4            	movslq %r12d,%r12
 114  0001a5  4d63ec            	movslq %r12d,%r13
 115  0001a8  4963c4            	movslq %r12d,%rax
 116  0001ab  4963dc            	movslq %r12d,%rbx
 117  0001ae  4963cc            	movslq %r12d,%rcx
 118  0001b1  4963fc            	movslq %r12d,%rdi
 119  0001b4  4963d4            	movslq %r12d,%rdx
 120  0001b7  4d63e5            	movslq %r13d,%r12
 121  0001ba  4d63ed            	movslq %r13d,%r13
 122  0001bd  4963c5            	movslq %r13d,%rax
 123  0001c0  4963dd            	movslq %r13d,%rbx
 124  0001c3  4963cd            	movslq %r13d,%rcx
 125  0001c6  4963d5            	movslq %r13d,%rdx
 126  0001c9  4d63e6            	movslq %r14d,%r12
 127  0001cc  4d63f6            	movslq %r14d,%r14
 128  0001cf  4963c6            	movslq %r14d,%rax
 129  0001d2  4963ce            	movslq %r14d,%rcx
 130  0001d5  4963d6            	movslq %r14d,%rdx
 131  0001d8  4963f6            	movslq %r14d,%rsi
 132  0001db  4d63ff            	movslq %r15d,%r15
 133  0001de  4963c7            	movslq %r15d,%rax
 134  0001e1  4d63c0            	movslq %r8d,%r8
 135  0001e4  4963c0            	movslq %r8d,%rax
 136  0001e7  4963c8            	movslq %r8d,%rcx
 137  0001ea  4963d0            	movslq %r8d,%rdx
 138  0001ed  4963f0            	movslq %r8d,%rsi
 139  0001f0  4d63c9            	movslq %r9d,%r9
 140  0001f3  49630424          	movslq (%r12),%rax
 141  0001f7  4b63442500        	movslq (%r13,%r12),%rax
 142  0001fc  4b634c2500        	movslq (%r13,%r12),%rcx
 143  000201  49631e            	movslq (%r14),%rbx
 144  000204  4d6327            	movslq (%r15),%r12
 145  000207  496308            	movslq (%r8),%rcx
 146  00020a  486330            	movslq (%rax),%rsi
 147  00020d  486303            	movslq (%rbx),%rax
 148  000210  48630401          	movslq (%rcx,%rax),%rax
 149  000214  486307            	movslq (%rdi),%rax
 150  000217  486306            	movslq (%rsi),%rax
 151  00021a  4863040e          	movslq (%rsi,%rcx),%rax
 152  00021e  4c6365f4          	movslq -12(%rbp),%r12
 153  000222  486345f4          	movslq -12(%rbp),%rax
 154  000226  48634df4          	movslq -12(%rbp),%rcx
 155  00022a  48639d20ffffff    	movslq -224(%rbp),%rbx
 156  000231  4c63ad1cffffff    	movslq -228(%rbp),%r13
 157  000238  4c6375e8          	movslq -24(%rbp),%r14
 158  00023c  486345e0          	movslq -32(%rbp),%rax
 159  000240  486345fc          	movslq -4(%rbp),%rax
 160  000244  486341fc          	movslq -4(%rcx),%rax
 161  000248  48634ffc          	movslq -4(%rdi),%rcx
 162  00024c  486385e0fdffff    	movslq -544(%rbp),%rax
 163  000253  496375f8          	movslq -8(%r13),%rsi
 164  000257  486345a0          	movslq -96(%rbp),%rax
 165  00025b  4863530c          	movslq 12(%rbx),%rdx
 166  00025f  49634710          	movslq 16(%r15),%rax
 167  000263  48637310          	movslq 16(%rbx),%rsi
 168  000267  49634718          	movslq 24(%r15),%rax
 169  00026b  48634118          	movslq 24(%rcx),%rax
 170  00026f  48634020          	movslq 32(%rax),%rax
 171  000273  4963442404        	movslq 4(%r12),%rax
 172  000278  49634604          	movslq 4(%r14),%rax
 173  00027c  48634304          	movslq 4(%rbx),%rax
 174  000280  48634b04          	movslq 4(%rbx),%rcx
 175  000284  48638bcc010000    	movslq 460(%rbx),%rcx
 176  00028b  4963442430        	movslq 48(%r12),%rax
 177  000290  48634030          	movslq 48(%rax),%rax
 178  000294  49638c24e4010000  	movslq 484(%r12),%rcx
 179  00029c  48638bfc010000    	movslq 508(%rbx),%rcx
 180  0002a3  48638b14020000    	movslq 532(%rbx),%rcx
 181  0002aa  49638fdc020000    	movslq 732(%r15),%rcx
 182  0002b1  48638b0c030000    	movslq 780(%rbx),%rcx
 183  0002b8  0fbfc0            	movswl %ax,%eax
 184  0002bb  0fbfdb            	movswl %bx,%ebx
 185  0002be  0fbfc9            	movswl %cx,%ecx
 186  0002c1  0fbfd1            	movswl %cx,%edx
 187  0002c4  0fbfff            	movswl %di,%edi
 188  0002c7  0fbfd2            	movswl %dx,%edx
 189  0002ca  450fbfc0          	movswl %r8w,%r8d
 190  0002ce  450fbf6500        	movswl (%r13),%r12d
 191  0002d3  410fbf36          	movswl (%r14),%esi
 192  0002d7  430fbf1c66        	movswl (%r14,%r12,2),%ebx
 193  0002dc  410fbf37          	movswl (%r15),%esi
 194  0002e0  410fbf38          	movswl (%r8),%edi
 195  0002e4  410fbf30          	movswl (%r8),%esi
 196  0002e8  410fbf0c48        	movswl (%r8,%rcx,2),%ecx
 197  0002ed  410fbf0441        	movswl (%r9,%rax,2),%eax
 198  0002f2  0fbf00            	movswl (%rax),%eax
 199  0002f5  0fbf08            	movswl (%rax),%ecx
 200  0002f8  420fbf0460        	movswl (%rax,%r12,2),%eax
 201  0002fd  420fbf1c60        	movswl (%rax,%r12,2),%ebx
 202  000302  420fbf3c60        	movswl (%rax,%r12,2),%edi
 203  000307  420fbf1c70        	movswl (%rax,%r14,2),%ebx
 204  00030c  460fbf2c70        	movswl (%rax,%r14,2),%r13d
 205  000311  0fbf0458          	movswl (%rax,%rbx,2),%eax
 206  000315  0fbf0c58          	movswl (%rax,%rbx,2),%ecx
 207  000319  0fbf3c58          	movswl (%rax,%rbx,2),%edi
 208  00031d  0fbf3458          	movswl (%rax,%rbx,2),%esi
 209  000321  0fbf0448          	movswl (%rax,%rcx,2),%eax
 210  000325  0fbf1c48          	movswl (%rax,%rcx,2),%ebx
 211  000329  0fbf0c48          	movswl (%rax,%rcx,2),%ecx
 212  00032d  0fbf1448          	movswl (%rax,%rcx,2),%edx
 213  000331  0fbf3448          	movswl (%rax,%rcx,2),%esi
 214  000335  440fbf1c48        	movswl (%rax,%rcx,2),%r11d
 215  00033a  440fbf3448        	movswl (%rax,%rcx,2),%r14d
 216  00033f  440fbf3c48        	movswl (%rax,%rcx,2),%r15d
 217  000344  0fbf1478          	movswl (%rax,%rdi,2),%edx
 218  000348  0fbf3478          	movswl (%rax,%rdi,2),%esi
 219  00034c  0fbf0450          	movswl (%rax,%rdx,2),%eax
 220  000350  0fbf0c50          	movswl (%rax,%rdx,2),%ecx
 221  000354  0fbf1470          	movswl (%rax,%rsi,2),%edx
 222  000358  0fbf044b          	movswl (%rbx,%rcx,2),%eax
 223  00035c  420fbf1c59        	movswl (%rcx,%r11,2),%ebx
 224  000361  420fbf0c61        	movswl (%rcx,%r12,2),%ecx
 225  000366  420fbf0c69        	movswl (%rcx,%r13,2),%ecx
 226  00036b  460fbf3441        	movswl (%rcx,%r8,2),%r14d
 227  000370  0fbf0441          	movswl (%rcx,%rax,2),%eax
 228  000374  0fbf1c41          	movswl (%rcx,%rax,2),%ebx
 229  000378  0fbf0c41          	movswl (%rcx,%rax,2),%ecx
 230  00037c  0fbf3c41          	movswl (%rcx,%rax,2),%edi
 231  000380  0fbf1441          	movswl (%rcx,%rax,2),%edx
 232  000384  0fbf3441          	movswl (%rcx,%rax,2),%esi
 233  000388  440fbf2441        	movswl (%rcx,%rax,2),%r12d
 234  00038d  440fbf3c41        	movswl (%rcx,%rax,2),%r15d
 235  000392  0fbf0459          	movswl (%rcx,%rbx,2),%eax
 236  000396  0fbf3459          	movswl (%rcx,%rbx,2),%esi
 237  00039a  0fbf1c51          	movswl (%rcx,%rdx,2),%ebx
 238  00039e  0fbf0c51          	movswl (%rcx,%rdx,2),%ecx
 239  0003a2  0fbf1451          	movswl (%rcx,%rdx,2),%edx
 240  0003a6  0fbf0c71          	movswl (%rcx,%rsi,2),%ecx
 241  0003aa  0fbf0f            	movswl (%rdi),%ecx
 242  0003ad  0fbf17            	movswl (%rdi),%edx
 243  0003b0  440fbf1f          	movswl (%rdi),%r11d
 244  0003b4  0fbf3447          	movswl (%rdi,%rax,2),%esi
 245  0003b8  0fbf1457          	movswl (%rdi,%rdx,2),%edx
 246  0003bc  0fbf0a            	movswl (%rdx),%ecx
 247  0003bf  420fbf1442        	movswl (%rdx,%r8,2),%edx
 248  0003c4  0fbf0c4a          	movswl (%rdx,%rcx,2),%ecx
 249  0003c8  0fbf1472          	movswl (%rdx,%rsi,2),%edx
 250  0003cc  440fbf2e          	movswl (%rsi),%r13d
 251  0003d0  410fbf44240a      	movswl 10(%r12),%eax
 252  0003d6  410fbf5c240a      	movswl 10(%r12),%ebx
 253  0003dc  410fbf450a        	movswl 10(%r13),%eax
 254  0003e1  450fbf650a        	movswl 10(%r13),%r12d
 255  0003e6  410fbf460a        	movswl 10(%r14),%eax
 256  0003eb  410fbf4e0a        	movswl 10(%r14),%ecx
 257  0003f0  450fbf6e0a        	movswl 10(%r14),%r13d
 258  0003f5  410fbf790a        	movswl 10(%r9),%edi
 259  0003fa  0fbf400a          	movswl 10(%rax),%eax
 260  0003fe  0fbf430a          	movswl 10(%rbx),%eax
 261  000402  0fbf530a          	movswl 10(%rbx),%edx
 262  000406  0fbf410a          	movswl 10(%rcx),%eax
 263  00040a  0fbf570a          	movswl 10(%rdi),%edx
 264  00040e  0fbf420a          	movswl 10(%rdx),%eax
 265  000412  0fbf4a0a          	movswl 10(%rdx),%ecx
 266  000416  0fbf4e0a          	movswl 10(%rsi),%ecx
 267  00041a  0fbf560a          	movswl 10(%rsi),%edx
 268  00041e  410fbf545c0c      	movswl 12(%r12,%rbx,2),%edx
 269  000424  410fbf445d0c      	movswl 12(%r13,%rbx,2),%eax
 270  00042a  470fbf646e0c      	movswl 12(%r14,%r13,2),%r12d
 271  000430  410fbf74790c      	movswl 12(%r9,%rdi,2),%esi
 272  000436  0fbf444e0c        	movswl 12(%rsi,%rcx,2),%eax
 273  00043b  410fbf442410      	movswl 16(%r12),%eax
 274  000441  410fbf5610        	movswl 16(%r14),%edx
 275  000446  0fbf4002          	movswl 2(%rax),%eax
 276  00044a  0fbf7002          	movswl 2(%rax),%esi
 277  00044e  0fbf5702          	movswl 2(%rdi),%edx
 278  000452  410fbf442414      	movswl 20(%r12),%eax
 279  000458  410fbf4614        	movswl 20(%r14),%eax
 280  00045d  450fbf7714        	movswl 20(%r15),%r14d
 281  000462  0fbf7714          	movswl 20(%rdi),%esi
 282  000466  470fbf646e16      	movswl 22(%r14,%r13,2),%r12d
 283  00046c  0fbf7120          	movswl 32(%rcx),%esi
 284  000470  0fbf4822          	movswl 34(%rax),%ecx
 285  000474  0fbf7924          	movswl 36(%rcx),%edi
 286  000478  410fbf442408      	movswl 8(%r12),%eax
 287  00047e  410fbf4d08        	movswl 8(%r13),%ecx
 288  000483  410fbf4608        	movswl 8(%r14),%eax
 289  000488  410fbf4908        	movswl 8(%r9),%ecx
 290  00048d  450fbf4108        	movswl 8(%r9),%r8d
 291  000492  0fbf4208          	movswl 8(%rdx),%eax
 292  000496  0fbf4e08          	movswl 8(%rsi),%ecx
 293  00049a  480fbfc0          	movswq %ax,%rax
 294  00049e  480fbfc9          	movswq %cx,%rcx
 295  0004a2  480fbfd2          	movswq %dx,%rdx
 296  0004a6  480fbff6          	movswq %si,%rsi
 297  0004aa  490fbf13          	movswq (%r11),%rdx
 298  0004ae  490fbf0e          	movswq (%r14),%rcx
 299  0004b2  490fbf0f          	movswq (%r15),%rcx
 300  0004b6  4a0fbf0460        	movswq (%rax,%r12,2),%rax
 301  0004bb  4a0fbf0470        	movswq (%rax,%r14,2),%rax
 302  0004c0  4a0fbf0c70        	movswq (%rax,%r14,2),%rcx
 303  0004c5  480fbf0458        	movswq (%rax,%rbx,2),%rax
 304  0004ca  480fbf0c58        	movswq (%rax,%rbx,2),%rcx
 305  0004cf  480fbf0448        	movswq (%rax,%rcx,2),%rax
 306  0004d4  480fbf0c48        	movswq (%rax,%rcx,2),%rcx
 307  0004d9  480fbf0450        	movswq (%rax,%rdx,2),%rax
 308  0004de  480fbf0c50        	movswq (%rax,%rdx,2),%rcx
 309  0004e3  480fbf0b          	movswq (%rbx),%rcx
 310  0004e7  4a0fbf1441        	movswq (%rcx,%r8,2),%rdx
 311  0004ec  480fbf0441        	movswq (%rcx,%rax,2),%rax
 312  0004f1  480fbf0c59        	movswq (%rcx,%rbx,2),%rcx
 313  0004f6  480fbf1451        	movswq (%rcx,%rdx,2),%rdx
 314  0004fb  480fbf1471        	movswq (%rcx,%rsi,2),%rdx
 315  000500  480fbf0c4a        	movswq (%rdx,%rcx,2),%rcx
 316  000505  480fbf0e          	movswq (%rsi),%rcx
 317  000509  480fbf410a        	movswq 10(%rcx),%rax
 318  00050e  490fbf4c5c0c      	movswq 12(%r12,%rbx,2),%rcx
 319  000514  4b0fbf4c6e0c      	movswq 12(%r14,%r13,2),%rcx
 320  00051a  490fbf44460c      	movswq 12(%r14,%rax,2),%rax
 321  000520  480fbf4c410c      	movswq 12(%rcx,%rax,2),%rcx
 322  000526  480fbf4110        	movswq 16(%rcx),%rax
 323  00052b  480fbf4210        	movswq 16(%rdx),%rax
 324  000530  490fbf4e12        	movswq 18(%r14),%rcx
 325  000535  4b0fbf4c6f16      	movswq 22(%r15,%r13,2),%rcx
 326  00053b  480fbf4b08        	movswq 8(%rbx),%rcx
 327  000540  480fbf5308        	movswq 8(%rbx),%rdx
 328  000545  480fbf4108        	movswq 8(%rcx),%rax
 329  00054a  480fbf4208        	movswq 8(%rdx),%rax
 330  00054f                    
