

movzx.s

   1  000000  0fb6c0            	movzbl %al,%eax
   2  000003  0fb6d8            	movzbl %al,%ebx
   3  000006  0fb6c8            	movzbl %al,%ecx
   4  000009  0fb6f8            	movzbl %al,%edi
   5  00000c  0fb6d0            	movzbl %al,%edx
   6  00000f  0fb6f0            	movzbl %al,%esi
   7  000012  440fb6e0          	movzbl %al,%r12d
   8  000016  440fb6e8          	movzbl %al,%r13d
   9  00001a  440fb6f0          	movzbl %al,%r14d
  10  00001e  440fb6c0          	movzbl %al,%r8d
  11  000022  0fb6c3            	movzbl %bl,%eax
  12  000025  0fb6c1            	movzbl %cl,%eax
  13  000028  0fb6d9            	movzbl %cl,%ebx
  14  00002b  0fb6c9            	movzbl %cl,%ecx
  15  00002e  0fb6d1            	movzbl %cl,%edx
  16  000031  0fb6f1            	movzbl %cl,%esi
  17  000034  400fb6c7          	movzbl %dil,%eax
  18  000038  410fb6c4          	movzbl %r12b,%eax
  19  00003c  450fb6f6          	movzbl %r14b,%r14d
  20  000040  400fb6c6          	movzbl %sil,%eax
  21  000044  400fb6ce          	movzbl %sil,%ecx
  22  000048  410fb63c24        	movzbl (%r12),%edi
  23  00004d  430fb61c2c        	movzbl (%r12,%r13),%ebx
  24  000052  410fb67d00        	movzbl (%r13),%edi
  25  000057  450fb66500        	movzbl (%r13),%r12d
  26  00005c  410fb63e          	movzbl (%r14),%edi
  27  000060  410fb6040e        	movzbl (%r14,%rcx),%eax
  28  000065  0fb60b            	movzbl (%rbx),%ecx
  29  000068  0fb601            	movzbl (%rcx),%eax
  30  00006b  0fb619            	movzbl (%rcx),%ebx
  31  00006e  0fb639            	movzbl (%rcx),%edi
  32  000071  440fb621          	movzbl (%rcx),%r12d
  33  000075  440fb629          	movzbl (%rcx),%r13d
  34  000079  440fb631          	movzbl (%rcx),%r14d
  35  00007d  0fb61c01          	movzbl (%rcx,%rax),%ebx
  36  000081  0fb607            	movzbl (%rdi),%eax
  37  000084  0fb602            	movzbl (%rdx),%eax
  38  000087  0fb61a            	movzbl (%rdx),%ebx
  39  00008a  410fb67d01        	movzbl 1(%r13),%edi
  40  00008f  410fb65501        	movzbl 1(%r13),%edx
  41  000094  0fb64801          	movzbl 1(%rax),%ecx
  42  000098  0fb64901          	movzbl 1(%rcx),%ecx
  43  00009c  0fb64e01          	movzbl 1(%rsi),%ecx
  44  0000a0  410fb67d02        	movzbl 2(%r13),%edi
  45  0000a5  410fb67d03        	movzbl 3(%r13),%edi
  46  0000aa  480fb6c0          	movzbq %al,%rax
  47  0000ae  480fb6c8          	movzbq %al,%rcx
  48  0000b2  480fb6c3          	movzbq %bl,%rax
  49  0000b6  480fb6c1          	movzbq %cl,%rax
  50  0000ba  480fb6c9          	movzbq %cl,%rcx
  51  0000be  480fb6d2          	movzbq %dl,%rdx
  52  0000c2  490fb600          	movzbq (%r8),%rax
  53  0000c6  480fb608          	movzbq (%rax),%rcx
  54  0000ca  480fb603          	movzbq (%rbx),%rax
  55  0000ce  480fb601          	movzbq (%rcx),%rax
  56  0000d2  480fb602          	movzbq (%rdx),%rax
  57  0000d6  480fb60a          	movzbq (%rdx),%rcx
  58  0000da  480fb606          	movzbq (%rsi),%rax
  59  0000de  480fb60e          	movzbq (%rsi),%rcx
  60  0000e2  480fb616          	movzbq (%rsi),%rdx
  61  0000e6  480fb643e8        	movzbq -24(%rbx),%rax
  62  0000eb  480fb64f01        	movzbq 1(%rdi),%rcx
  63  0000f0  480fb64e01        	movzbq 1(%rsi),%rcx
  64  0000f5  480fb64202        	movzbq 2(%rdx),%rax
  65  0000fa  480fb64203        	movzbq 3(%rdx),%rax
  66  0000ff  66410fb64500      	movzbw (%r13),%ax
  67  000105  0fb7ff            	movzwl %di,%edi
  68  000108  410fb77c2402      	movzwl 2(%r12),%edi
  69  00010e  0fb77802          	movzwl 2(%rax),%edi
  70  000112  480fb7c0          	movzwq %ax,%rax
  71  000116  480fb7f6          	movzwq %si,%rsi
  72  00011a                    
