

or.s

   1  000000  0c80              	orb $-128,%al
   2  000002  804b0101          	orb $1,1(%rbx)
   3  000006  80482901          	orb $1,41(%rax)
   4  00000a  804b2901          	orb $1,41(%rbx)
   5  00000e  814b0c000000c0    	orl $-1073741824,12(%rbx)
   6  000015  83c801            	orl $1,%eax
   7  000018  83c901            	orl $1,%ecx
   8  00001b  83ca01            	orl $1,%edx
   9  00001e  4183cc01          	orl $1,%r12d
  10  000022  41834d0001        	orl $1,(%r13)
  11  000027  41830e01          	orl $1,(%r14)
  12  00002b  830801            	orl $1,(%rax)
  13  00002e  830b01            	orl $1,(%rbx)
  14  000031  83480401          	orl $1,4(%rax)
  15  000035  0d0000e03f        	orl $1071644672,%eax
  16  00003a  41814c240c000000  	orl $1073741824,12(%r12)
              40            
  17  000043  41814d0c00000040  	orl $1073741824,12(%r13)
  18  00004b  41814e0c00000040  	orl $1073741824,12(%r14)
  19  000053  814b0c00000040    	orl $1073741824,12(%rbx)
  20  00005a  0d80000000        	orl $128,%eax
  21  00005f  0d02050000        	orl $1282,%eax
  22  000064  81ce00000008      	orl $134217728,%esi
  23  00006a  4181cd00000008    	orl $134217728,%r13d
  24  000071  81480c00001008    	orl $135266304,12(%rax)
  25  000078  0d01060000        	orl $1537,%eax
  26  00007d  83c810            	orl $16,%eax
  27  000080  83cb10            	orl $16,%ebx
  28  000083  83c910            	orl $16,%ecx
  29  000086  834df810          	orl $16,-8(%rbp)
  30  00008a  41834c240410      	orl $16,4(%r12)
  31  000090  0da2000000        	orl $162,%eax
  32  000095  0d00400000        	orl $16384,%eax
  33  00009a  4181cd00000001    	orl $16777216,%r13d
  34  0000a1  83c802            	orl $2,%eax
  35  0000a4  83cb02            	orl $2,%ebx
  36  0000a7  83c902            	orl $2,%ecx
  37  0000aa  4183cc02          	orl $2,%r12d
  38  0000ae  41830e02          	orl $2,(%r14)
  39  0000b2  0d00080000        	orl $2048,%eax
  40  0000b7  81c900080000      	orl $2048,%ecx
  41  0000bd  0d00002000        	orl $2097152,%eax
  42  0000c2  81ce00002000      	orl $2097152,%esi
  43  0000c8  0d00000080        	orl $2147483648,%eax
  44  0000cd  81ce00000080      	orl $2147483648,%esi
  45  0000d3  4181cc00000080    	orl $2147483648,%r12d
  46  0000da  0d00010000        	orl $256,%eax
  47  0000df  0d020a0000        	orl $2562,%eax
  48  0000e4  0d00000400        	orl $262144,%eax
  49  0000e9  41814c240c000000  	orl $268435456,12(%r12)
              10            
  50  0000f2  83c803            	orl $3,%eax
  51  0000f5  83cb03            	orl $3,%ebx
  52  0000f8  83c903            	orl $3,%ecx
  53  0000fb  4183cc03          	orl $3,%r12d
  54  0000ff  83c820            	orl $32,%eax
  55  000102  83cb20            	orl $32,%ebx
  56  000105  83c920            	orl $32,%ecx
  57  000108  834b0420          	orl $32,4(%rbx)
  58  00010c  834b0820          	orl $32,8(%rbx)
  59  000110  0d000000c0        	orl $3221225472,%eax
  60  000115  81ce000000c0      	orl $3221225472,%esi
  61  00011b  4181cc000000c0    	orl $3221225472,%r12d
  62  000122  83c804            	orl $4,%eax
  63  000125  83cb04            	orl $4,%ebx
  64  000128  83c904            	orl $4,%ecx
  65  00012b  83cf04            	orl $4,%edi
  66  00012e  83ca04            	orl $4,%edx
  67  000131  41834d0004        	orl $4,(%r13)
  68  000136  81ca00100000      	orl $4096,%edx
  69  00013c  81480c00004000    	orl $4194304,12(%rax)
  70  000143  4181cc02020000    	orl $514,%r12d
  71  00014a  41814c240c000000  	orl $536870912,12(%r12)
              20            
  72  000153  83c840            	orl $64,%eax
  73  000156  83c940            	orl $64,%ecx
  74  000159  830b40            	orl $64,(%rbx)
  75  00015c  83480c40          	orl $64,12(%rax)
  76  000160  81480c00000004    	orl $67108864,12(%rax)
  77  000167  83c948            	orl $72,%ecx
  78  00016a  83c808            	orl $8,%eax
  79  00016d  83cb08            	orl $8,%ebx
  80  000170  83c908            	orl $8,%ecx
  81  000173  41834c240408      	orl $8,4(%r12)
  82  000179  41834e0408        	orl $8,4(%r14)
  83  00017e  41834f0808        	orl $8,8(%r15)
  84  000183  0d00200000        	orl $8192,%eax
  85  000188  81c900200000      	orl $8192,%ecx
  86  00018e  83c852            	orl $82,%eax
  87  000191  814b0c00008000    	orl $8388608,12(%rbx)
  88  000198  41834d0009        	orl $9,(%r13)
  89  00019d  83c861            	orl $97,%eax
  90  0001a0  09c3              	orl %eax,%ebx
  91  0001a2  09c1              	orl %eax,%ecx
  92  0001a4  09c2              	orl %eax,%edx
  93  0001a6  0945f4            	orl %eax,-12(%rbp)
  94  0001a9  0945fc            	orl %eax,-4(%rbp)
  95  0001ac  09d9              	orl %ebx,%ecx
  96  0001ae  09c8              	orl %ecx,%eax
  97  0001b0  09cb              	orl %ecx,%ebx
  98  0001b2  09ca              	orl %ecx,%edx
  99  0001b4  093cb2            	orl %edi,(%rdx,%rsi,4)
 100  0001b7  09d0              	orl %edx,%eax
 101  0001b9  09d1              	orl %edx,%ecx
 102  0001bb  4109d4            	orl %edx,%r12d
 103  0001be  09f0              	orl %esi,%eax
 104  0001c0  09f1              	orl %esi,%ecx
 105  0001c2  093490            	orl %esi,(%rax,%rdx,4)
 106  0001c5  4409e1            	orl %r12d,%ecx
 107  0001c8  4409e2            	orl %r12d,%edx
 108  0001cb  4409e8            	orl %r13d,%eax
 109  0001ce  4409eb            	orl %r13d,%ebx
 110  0001d1  4409f0            	orl %r14d,%eax
 111  0001d4  0b13              	orl (%rbx),%edx
 112  0001d6  0b4df8            	orl -8(%rbp),%ecx
 113  0001d9  410b5f08          	orl 8(%r15),%ebx
 114  0001dd  49814d0000001000  	orq $1048576,(%r13)
 115  0001e5  49810c2400000200  	orq $131072,(%r12)
 116  0001ed  49810c2400000400  	orq $262144,(%r12)
 117  0001f5  4881cf00000100    	orq $65536,%rdi
 118  0001fc  48814de800000004  	orq $67108864,-24(%rbp)
 119  000204  4c09e0            	orq %r12,%rax
 120  000207  4c09e8            	orq %r13,%rax
 121  00020a  4c09eb            	orq %r13,%rbx
 122  00020d  4809c1            	orq %rax,%rcx
 123  000210  4809c7            	orq %rax,%rdi
 124  000213  4809c6            	orq %rax,%rsi
 125  000216  480901            	orq %rax,(%rcx)
 126  000219  48091cc1          	orq %rbx,(%rcx,%rax,8)
 127  00021d  4809c8            	orq %rcx,%rax
 128  000220  48090cd0          	orq %rcx,(%rax,%rdx,8)
 129  000224  4809d0            	orq %rdx,%rax
 130  000227  4809d1            	orq %rdx,%rcx
 131  00022a  4a0914e0          	orq %rdx,(%rax,%r12,8)
 132  00022e  480914c1          	orq %rdx,(%rcx,%rax,8)
 133  000232  4c0b23            	orq (%rbx),%r12
 134  000235                    
