

sbb.s

   1  000000  80d914            	sbbb $20,%cl
   2  000003  80da18            	sbbb $24,%dl
   3  000006  18c1              	sbbb %al,%cl
   4  000008  83d8e0            	sbbl $-32,%eax
   5  00000b  1dfe030000        	sbbl $1022,%eax
   6  000010  81d9ff030000      	sbbl $1023,%ecx
   7  000016  1d5e000200        	sbbl $131166,%eax
   8  00001b  1d00060000        	sbbl $1536,%eax
   9  000020  83da10            	sbbl $16,%edx
  10  000023  1d6c070000        	sbbl $1900,%eax
  11  000028  83d802            	sbbl $2,%eax
  12  00002b  83db02            	sbbl $2,%ebx
  13  00002e  83d902            	sbbl $2,%ecx
  14  000031  83da02            	sbbl $2,%edx
  15  000034  83de02            	sbbl $2,%esi
  16  000037  4183dc02          	sbbl $2,%r12d
  17  00003b  83d814            	sbbl $20,%eax
  18  00003e  1d18000098        	sbbl $2550136856,%eax
  19  000043  81db18000098      	sbbl $2550136856,%ebx
  20  000049  81d918000098      	sbbl $2550136856,%ecx
  21  00004f  81d9a7010098      	sbbl $2550137255,%ecx
  22  000055  4183dc03          	sbbl $3,%r12d
  23  000059  83d820            	sbbl $32,%eax
  24  00005c  83df20            	sbbl $32,%edi
  25  00005f  83d822            	sbbl $34,%eax
  26  000062  83da22            	sbbl $34,%edx
  27  000065  4183dc22          	sbbl $34,%r12d
  28  000069  83d830            	sbbl $48,%eax
  29  00006c  83d930            	sbbl $48,%ecx
  30  00006f  83df30            	sbbl $48,%edi
  31  000072  83da30            	sbbl $48,%edx
  32  000075  4183dc30          	sbbl $48,%r12d
  33  000079  4183de30          	sbbl $48,%r14d
  34  00007d  83d837            	sbbl $55,%eax
  35  000080  83d937            	sbbl $55,%ecx
  36  000083  83da37            	sbbl $55,%edx
  37  000086  83d941            	sbbl $65,%ecx
  38  000089  83df41            	sbbl $65,%edi
  39  00008c  83da41            	sbbl $65,%edx
  40  00008f  83d807            	sbbl $7,%eax
  41  000092  83d857            	sbbl $87,%eax
  42  000095  83d957            	sbbl $87,%ecx
  43  000098  83da57            	sbbl $87,%edx
  44  00009b  83d961            	sbbl $97,%ecx
  45  00009e  83df61            	sbbl $97,%edi
  46  0000a1  83da61            	sbbl $97,%edx
  47  0000a4  19c3              	sbbl %eax,%ebx
  48  0000a6  19c1              	sbbl %eax,%ecx
  49  0000a8  4119c4            	sbbl %eax,%r12d
  50  0000ab  4119c5            	sbbl %eax,%r13d
  51  0000ae  4119dc            	sbbl %ebx,%r12d
  52  0000b1  4119dd            	sbbl %ebx,%r13d
  53  0000b4  41195c2404        	sbbl %ebx,4(%r12)
  54  0000b9  19c8              	sbbl %ecx,%eax
  55  0000bb  19cb              	sbbl %ecx,%ebx
  56  0000bd  19cf              	sbbl %ecx,%edi
  57  0000bf  19ca              	sbbl %ecx,%edx
  58  0000c1  4119cc            	sbbl %ecx,%r12d
  59  0000c4  194de8            	sbbl %ecx,-24(%rbp)
  60  0000c7  19fa              	sbbl %edi,%edx
  61  0000c9  19d1              	sbbl %edx,%ecx
  62  0000cb  19f0              	sbbl %esi,%eax
  63  0000cd  19f3              	sbbl %esi,%ebx
  64  0000cf  19f2              	sbbl %esi,%edx
  65  0000d1  4119f4            	sbbl %esi,%r12d
  66  0000d4  4419e0            	sbbl %r12d,%eax
  67  0000d7  4419e7            	sbbl %r12d,%edi
  68  0000da  4519e5            	sbbl %r12d,%r13d
  69  0000dd  4519ec            	sbbl %r13d,%r12d
  70  0000e0  4419f3            	sbbl %r14d,%ebx
  71  0000e3  4519cb            	sbbl %r9d,%r11d
  72  0000e6  1b45e0            	sbbl -32(%rbp),%eax
  73  0000e9  1b5de0            	sbbl -32(%rbp),%ebx
  74  0000ec  441b65e0          	sbbl -32(%rbp),%r12d
  75  0000f0  1b55f8            	sbbl -8(%rbp),%edx
  76  0000f3  411b4718          	sbbl 24(%r15),%eax
  77  0000f7  4883dc68          	sbbq $104,%rsp
  78  0000fb  4881dc28040000    	sbbq $1064,%rsp
  79  000102  4881dc80000000    	sbbq $128,%rsp
  80  000109  4881dc90000000    	sbbq $144,%rsp
  81  000110  4883dc10          	sbbq $16,%rsp
  82  000114  4881dca0000000    	sbbq $160,%rsp
  83  00011b  4881dcb0000000    	sbbq $176,%rsp
  84  000122  4883d802          	sbbq $2,%rax
  85  000126  4883df02          	sbbq $2,%rdi
  86  00012a  48835b2002        	sbbq $2,32(%rbx)
  87  00012f  4881dcc8000000    	sbbq $200,%rsp
  88  000136  4881dce0000000    	sbbq $224,%rsp
  89  00013d  4881dce8000000    	sbbq $232,%rsp
  90  000144  4983dd18          	sbbq $24,%r13
  91  000148  4883d818          	sbbq $24,%rax
  92  00014c  4883dc18          	sbbq $24,%rsp
  93  000150  49831f18          	sbbq $24,(%r15)
  94  000154  49835f1018        	sbbq $24,16(%r15)
  95  000159  4881dc00010000    	sbbq $256,%rsp
  96  000160  4881dc18010000    	sbbq $280,%rsp
  97  000167  4881dc30010000    	sbbq $304,%rsp
  98  00016e  4883dc20          	sbbq $32,%rsp
  99  000172  4883dc28          	sbbq $40,%rsp
 100  000176  4881dc00100000    	sbbq $4096,%rsp
 101  00017d  4881dc08100000    	sbbq $4104,%rsp
 102  000184  4883d830          	sbbq $48,%rax
 103  000188  4883dc30          	sbbq $48,%rsp
 104  00018c  4881dc00020000    	sbbq $512,%rsp
 105  000193  4881dc08020000    	sbbq $520,%rsp
 106  00019a  4883dc38          	sbbq $56,%rsp
 107  00019e  4881dc50020000    	sbbq $592,%rsp
 108  0001a5  4883dc40          	sbbq $64,%rsp
 109  0001a9  4883dc48          	sbbq $72,%rsp
 110  0001ad  4883d808          	sbbq $8,%rax
 111  0001b1  4883da08          	sbbq $8,%rdx
 112  0001b5  4883dc08          	sbbq $8,%rsp
 113  0001b9  4883dc50          	sbbq $80,%rsp
 114  0001bd  4c19e0            	sbbq %r12,%rax
 115  0001c0  4d19ec            	sbbq %r13,%r12
 116  0001c3  4c19e8            	sbbq %r13,%rax
 117  0001c6  4c19eb            	sbbq %r13,%rbx
 118  0001c9  4c19ea            	sbbq %r13,%rdx
 119  0001cc  4d196f20          	sbbq %r13,32(%r15)
 120  0001d0  4d19fc            	sbbq %r15,%r12
 121  0001d3  4d19fd            	sbbq %r15,%r13
 122  0001d6  4c19fb            	sbbq %r15,%rbx
 123  0001d9  4c19fa            	sbbq %r15,%rdx
 124  0001dc  4c19fe            	sbbq %r15,%rsi
 125  0001df  4c19c0            	sbbq %r8,%rax
 126  0001e2  4c19c7            	sbbq %r8,%rdi
 127  0001e5  4919c4            	sbbq %rax,%r12
 128  0001e8  4819c3            	sbbq %rax,%rbx
 129  0001eb  49194500          	sbbq %rax,(%r13)
 130  0001ef  491907            	sbbq %rax,(%r15)
 131  0001f2  4819d8            	sbbq %rbx,%rax
 132  0001f5  49195d00          	sbbq %rbx,(%r13)
 133  0001f9  4919cc            	sbbq %rcx,%r12
 134  0001fc  4919cd            	sbbq %rcx,%r13
 135  0001ff  4819c8            	sbbq %rcx,%rax
 136  000202  4919fd            	sbbq %rdi,%r13
 137  000205  4819f8            	sbbq %rdi,%rax
 138  000208  4819fa            	sbbq %rdi,%rdx
 139  00020b  4819fe            	sbbq %rdi,%rsi
 140  00020e  4919d4            	sbbq %rdx,%r12
 141  000211  4819d0            	sbbq %rdx,%rax
 142  000214  4819d1            	sbbq %rdx,%rcx
 143  000217  4819f0            	sbbq %rsi,%rax
 144  00021a  4819f1            	sbbq %rsi,%rcx
 145  00021d  491b4500          	sbbq (%r13),%rax
 146  000221  481b45f0          	sbbq -16(%rbp),%rax
 147  000225  481b45e8          	sbbq -24(%rbp),%rax
 148  000229  481b5de0          	sbbq -32(%rbp),%rbx
 149  00022d  481b85b8fdffff    	sbbq -584(%rbp),%rax
 150  000234  481b9db0fdffff    	sbbq -592(%rbp),%rbx
 151  00023b  481b8db0fdffff    	sbbq -592(%rbp),%rcx
 152  000242  4d1b6e10          	sbbq 16(%r14),%r13
 153  000246  491b4610          	sbbq 16(%r14),%rax
 154  00024a  481b4f10          	sbbq 16(%rdi),%rcx
 155  00024e  491b442408        	sbbq 8(%r12),%rax
 156  000253  491b4508          	sbbq 8(%r13),%rax
 157  000257  491b4608          	sbbq 8(%r14),%rax
 158  00025b  491b4708          	sbbq 8(%r15),%rax
 159  00025f  481b5808          	sbbq 8(%rax),%rbx
 160  000263  481b4308          	sbbq 8(%rbx),%rax
 161  000267  481b4108          	sbbq 8(%rcx),%rax
 162  00026b  6683d902          	sbbw $2,%cx
 163  00026f  6619fe            	sbbw %di,%si
 164  000272  661b08            	sbbw (%rax),%cx
 165  000275                    
