

set.s

   1  000000                    
   2  000000  0f90c0            	seto %al
   3  000003                    
   4  000003  670f9100          	setno (%eax)
   5  000007                    
   6  000007  670f924500        	setb (%ebp)
   7  00000c  670f9285fa000000  	setc 250(%ebp)
   8  000014  0f924500          	setnae (%rbp)
   9  000018                    
  10  000018  0f9300            	setnb (%rax)
  11  00001b  0f9380fa000000    	setnc 250(%rax)
  12  000022  0f9300            	setae (%rax)
  13  000025                    
  14  000025  0f94c3            	setz %bl
  15  000028  410f94c0          	sete %r8b
  16  00002c                    
  17  00002c  400f95c7          	setnz %dil
  18  000030  410f95c1          	setne %r9b
  19  000034                    
  20  000034  67410f960424      	setbe (%r12d)
  21  00003a  410f960424        	setna (%r12)
  22  00003f                    
  23  00003f  410f97446f9c      	setnbe -100(%r15, %rbp, 2)
  24  000045  410f97c7          	seta %r15b
  25  000049                    
  26  000049  0f98c4            	sets %ah
  27  00004c  0f99c7            	setns %bh
  28  00004f                    
  29  00004f  0f9ac5            	setp %ch
  30  000052  0f9ac6            	setpe %dh
  31  000055                    
  32  000055  400f9bc5          	setnp %bpl
  33  000059  400f9bc7          	setpo %dil
  34  00005d                    
  35  00005d  400f9cc4          	setl %spl
  36  000061  400f9cc5          	setnge %bpl
  37  000065                    
  38  000065  410f9dc0          	setnl %r8b
  39  000069  410f9d00          	setge (%r8)
  40  00006d                    
  41  00006d  67410f9e85e0b1ff  	setle -20000(%r13d)
              ff            
  42  000076  410f9e85204e0000  	setng 20000(%r13)
  43  00007e                    
  44  00007e  410f9f044e        	setnle (%r14,%rcx,2)
  45  000083  67410f9f044f      	setg (%r15d,%ecx,2)
  46  000089                    
  47  000089                    
