

shift.s

   1  000000  d1e0              	shll $1,%eax
   2  000002  d1e1              	shll $1,%ecx
   3  000004  d1e7              	shll $1,%edi
   4  000006  d1e2              	shll $1,%edx
   5  000008  d1e6              	shll $1,%esi
   6  00000a  d0e4              	shlb $1,%ah
   7  00000c  d0e5              	shlb $1,%ch
   8  00000e  40d0e7            	shlb $1,%dil
   9  000011  d0e6              	shlb $1,%dh
  10  000013  40d0e6            	shlb $1,%sil
  11  000016  66d1e0            	shlw $1,%ax
  12  000019  66d1e1            	shlw $1,%cx
  13  00001c  66d1e7            	shlw $1,%di
  14  00001f  66d1e2            	shlw $1,%dx
  15  000022  66d1e6            	shlw $1,%si
  16  000025  41d1e4            	shll $1,%r12d
  17  000028  41d1e5            	shll $1,%r13d
  18  00002b  41d1e6            	shll $1,%r14d
  19  00002e  41d1e7            	shll $1,%r15d
  20  000031  c1e00a            	shll $10,%eax
  21  000034  c1e30a            	shll $10,%ebx
  22  000037  c1e10a            	shll $10,%ecx
  23  00003a  c1e70a            	shll $10,%edi
  24  00003d  c1e20a            	shll $10,%edx
  25  000040  c1e60a            	shll $10,%esi
  26  000043  41c1e40a          	shll $10,%r12d
  27  000047  41c1e50a          	shll $10,%r13d
  28  00004b  41c1e70a          	shll $10,%r15d
  29  00004f  c1e10c            	shll $12,%ecx
  30  000052  c1e20c            	shll $12,%edx
  31  000055  c1e00d            	shll $13,%eax
  32  000058  c1e10d            	shll $13,%ecx
  33  00005b  c1e20d            	shll $13,%edx
  34  00005e  c1e00e            	shll $14,%eax
  35  000061  c1e30e            	shll $14,%ebx
  36  000064  c1e60e            	shll $14,%esi
  37  000067  41c1e40e          	shll $14,%r12d
  38  00006b  c1e20f            	shll $15,%edx
  39  00006e  c1e011            	shll $17,%eax
  40  000071  c1e111            	shll $17,%ecx
  41  000074  c1e211            	shll $17,%edx
  42  000077  c1e002            	shll $2,%eax
  43  00007a  c1e702            	shll $2,%edi
  44  00007d  c1e015            	shll $21,%eax
  45  000080  c1e115            	shll $21,%ecx
  46  000083  c1e615            	shll $21,%esi
  47  000086  c1e018            	shll $24,%eax
  48  000089  c1e118            	shll $24,%ecx
  49  00008c  c1e718            	shll $24,%edi
  50  00008f  c1e218            	shll $24,%edx
  51  000092  41c1e418          	shll $24,%r12d
  52  000096  c1e01b            	shll $27,%eax
  53  000099  c1e11b            	shll $27,%ecx
  54  00009c  c1e01c            	shll $28,%eax
  55  00009f  c1e01d            	shll $29,%eax
  56  0000a2  c1e003            	shll $3,%eax
  57  0000a5  c1e303            	shll $3,%ebx
  58  0000a8  c1e103            	shll $3,%ecx
  59  0000ab  c1e703            	shll $3,%edi
  60  0000ae  c1e603            	shll $3,%esi
  61  0000b1  41c1e503          	shll $3,%r13d
  62  0000b5  c1e104            	shll $4,%ecx
  63  0000b8  41c1e404          	shll $4,%r12d
  64  0000bc  41c1e604          	shll $4,%r14d
  65  0000c0  c1e005            	shll $5,%eax
  66  0000c3  c1e105            	shll $5,%ecx
  67  0000c6  c1e205            	shll $5,%edx
  68  0000c9  c1e605            	shll $5,%esi
  69  0000cc  41c1e405          	shll $5,%r12d
  70  0000d0  41c1e505          	shll $5,%r13d
  71  0000d4  d3e0              	shll %cl,%eax
  72  0000d6  d3e3              	shll %cl,%ebx
  73  0000d8  d3e7              	shll %cl,%edi
  74  0000da  d3e2              	shll %cl,%edx
  75  0000dc  d3e6              	shll %cl,%esi
  76  0000de  41d3e3            	shll %cl,%r11d
  77  0000e1  48d1e3            	shlq $1,%rbx
  78  0000e4  48d1e1            	shlq $1,%rcx
  79  0000e7  49c1e602          	shlq $2,%r14
  80  0000eb  49c1e002          	shlq $2,%r8
  81  0000ef  49c1e102          	shlq $2,%r9
  82  0000f3  48c1e002          	shlq $2,%rax
  83  0000f7  48c1e102          	shlq $2,%rcx
  84  0000fb  48c1e702          	shlq $2,%rdi
  85  0000ff  48c1e202          	shlq $2,%rdx
  86  000103  48c1e602          	shlq $2,%rsi
  87  000107  49c1e203          	shlq $3,%r10
  88  00010b  49c1e403          	shlq $3,%r12
  89  00010f  49c1e503          	shlq $3,%r13
  90  000113  49c1e603          	shlq $3,%r14
  91  000117  49c1e003          	shlq $3,%r8
  92  00011b  48c1e003          	shlq $3,%rax
  93  00011f  48c1e303          	shlq $3,%rbx
  94  000123  48c1e103          	shlq $3,%rcx
  95  000127  48c1e703          	shlq $3,%rdi
  96  00012b  48c1e203          	shlq $3,%rdx
  97  00012f  48c1e603          	shlq $3,%rsi
  98  000133  48c1e020          	shlq $32,%rax
  99  000137  49c1e404          	shlq $4,%r12
 100  00013b  49c1e504          	shlq $4,%r13
 101  00013f  48c1e004          	shlq $4,%rax
 102  000143  48c1e304          	shlq $4,%rbx
 103  000147  48c1e104          	shlq $4,%rcx
 104  00014b  48c1e204          	shlq $4,%rdx
 105  00014f  48c1e604          	shlq $4,%rsi
 106  000153  48c1e728          	shlq $40,%rdi
 107  000157  49c1e405          	shlq $5,%r12
 108  00015b  49c1e505          	shlq $5,%r13
 109  00015f  49c1e605          	shlq $5,%r14
 110  000163  49c1e005          	shlq $5,%r8
 111  000167  48c1e005          	shlq $5,%rax
 112  00016b  48c1e305          	shlq $5,%rbx
 113  00016f  48c1e105          	shlq $5,%rcx
 114  000173  48c1e705          	shlq $5,%rdi
 115  000177  48c1e205          	shlq $5,%rdx
 116  00017b  48c1e605          	shlq $5,%rsi
 117  00017f  48c1e006          	shlq $6,%rax
 118  000183  48c1e106          	shlq $6,%rcx
 119  000187  48c1e206          	shlq $6,%rdx
 120  00018b  48c1e308          	shlq $8,%rbx
 121  00018f  49d3e4            	shlq %cl,%r12
 122  000192  49d3e0            	shlq %cl,%r8
 123  000195  48d3e0            	shlq %cl,%rax
 124  000198  48d3e3            	shlq %cl,%rbx
 125  00019b  48d3e7            	shlq %cl,%rdi
 126  00019e  48d3e2            	shlq %cl,%rdx
 127  0001a1  48d3e6            	shlq %cl,%rsi
 128  0001a4  c1e80b            	shrl $11,%eax
 129  0001a7  c1e80f            	shrl $15,%eax
 130  0001aa  c1eb0f            	shrl $15,%ebx
 131  0001ad  c1e90f            	shrl $15,%ecx
 132  0001b0  c1ef0f            	shrl $15,%edi
 133  0001b3  c1ea0f            	shrl $15,%edx
 134  0001b6  c1ee0f            	shrl $15,%esi
 135  0001b9  41c1ec0f          	shrl $15,%r12d
 136  0001bd  41c1ed0f          	shrl $15,%r13d
 137  0001c1  41c1ef0f          	shrl $15,%r15d
 138  0001c5  c1e815            	shrl $21,%eax
 139  0001c8  c1e81a            	shrl $26,%eax
 140  0001cb  c1e91a            	shrl $26,%ecx
 141  0001ce  c1ee1a            	shrl $26,%esi
 142  0001d1  c1e81c            	shrl $28,%eax
 143  0001d4  c1e91c            	shrl $28,%ecx
 144  0001d7  c1ea1c            	shrl $28,%edx
 145  0001da  c1e81d            	shrl $29,%eax
 146  0001dd  c1e91d            	shrl $29,%ecx
 147  0001e0  c1ea1d            	shrl $29,%edx
 148  0001e3  c1e81e            	shrl $30,%eax
 149  0001e6  c1e91e            	shrl $30,%ecx
 150  0001e9  c1e81f            	shrl $31,%eax
 151  0001ec  41c1ec08          	shrl $8,%r12d
 152  0001f0  41c1ef08          	shrl $8,%r15d
 153  0001f4  d3e8              	shrl %cl,%eax
 154  0001f6  49d1ed            	shrq $1,%r13
 155  0001f9  48d1eb            	shrq $1,%rbx
 156  0001fc  48c1e90c          	shrq $12,%rcx
 157  000200  48d3e8            	shrq %cl,%rax
 158  000203  48d3ea            	shrq %cl,%rdx
 159  000206  d0f8              	sarb $1,%al
 160  000208  d1f8              	sarl $1,%eax
 161  00020a  c1f80e            	sarl $14,%eax
 162  00020d  c1f90e            	sarl $14,%ecx
 163  000210  66c1fa0e          	sarw $14,%dx
 164  000214  66c1f80b          	sarw $11,%ax
 165  000218  c1fb14            	sarl $20,%ebx
 166  00021b  c1f914            	sarl $20,%ecx
 167  00021e  c1ff14            	sarl $20,%edi
 168  000221  41c1fc14          	sarl $20,%r12d
 169  000225  41c1fe14          	sarl $20,%r14d
 170  000229  41c1f814          	sarl $20,%r8d
 171  00022d  c1fb18            	sarl $24,%ebx
 172  000230  c1f819            	sarl $25,%eax
 173  000233  c1f919            	sarl $25,%ecx
 174  000236  c1ff19            	sarl $25,%edi
 175  000239  c1fa19            	sarl $25,%edx
 176  00023c  41c1fc19          	sarl $25,%r12d
 177  000240  c1f81c            	sarl $28,%eax
 178  000243  c1fb1c            	sarl $28,%ebx
 179  000246  c1f91c            	sarl $28,%ecx
 180  000249  c1fa1c            	sarl $28,%edx
 181  00024c  41c1fc1c          	sarl $28,%r12d
 182  000250  41c1fd1c          	sarl $28,%r13d
 183  000254  41c1f91c          	sarl $28,%r9d
 184  000258  c1ff03            	sarl $3,%edi
 185  00025b  c1ff04            	sarl $4,%edi
 186  00025e  c1f805            	sarl $5,%eax
 187  000261  c1fa05            	sarl $5,%edx
 188  000264  c1fe05            	sarl $5,%esi
 189  000267  c1f806            	sarl $6,%eax
 190  00026a  c1ff06            	sarl $6,%edi
 191  00026d  c1fa06            	sarl $6,%edx
 192  000270  c1fb07            	sarl $7,%ebx
 193  000273  d3f8              	sarl %cl,%eax
 194  000275  48d1fb            	sarq $1,%rbx
 195  000278  48c1f803          	sarq $3,%rax
 196  00027c  49c1fe20          	sarq $32,%r14
 197  000280  49c1f820          	sarq $32,%r8
 198  000284  48c1f820          	sarq $32,%rax
 199  000288  48c1fb20          	sarq $32,%rbx
 200  00028c  48c1fe20          	sarq $32,%rsi
 201  000290  49c1fd28          	sarq $40,%r13
 202  000294  49c1fe28          	sarq $40,%r14
 203  000298  48c1f828          	sarq $40,%rax
 204  00029c  48c1f928          	sarq $40,%rcx
 205  0002a0  48c1fa05          	sarq $5,%rdx
 206  0002a4  48c1fe05          	sarq $5,%rsi
 207  0002a8  48d3f8            	sarq %cl,%rax
 208  0002ab  48d3fa            	sarq %cl,%rdx
 209  0002ae  d0ec              	shrb $1,%ah
 210  0002b0  d0ed              	shrb $1,%ch
 211  0002b2  40d0ef            	shrb $1,%dil
 212  0002b5  d0ee              	shrb $1,%dh
 213  0002b7  40d0ee            	shrb $1,%sil
 214  0002ba                    
