

sub.s

   1  000000  80e914            	subb $20,%cl
   2  000003  80ea18            	subb $24,%dl
   3  000006  28c1              	subb %al,%cl
   4  000008  83e8e0            	subl $-32,%eax
   5  00000b  2dfe030000        	subl $1022,%eax
   6  000010  81e9ff030000      	subl $1023,%ecx
   7  000016  2d5e000200        	subl $131166,%eax
   8  00001b  2d00060000        	subl $1536,%eax
   9  000020  83ea10            	subl $16,%edx
  10  000023  2d6c070000        	subl $1900,%eax
  11  000028  83e802            	subl $2,%eax
  12  00002b  83eb02            	subl $2,%ebx
  13  00002e  83e902            	subl $2,%ecx
  14  000031  83ea02            	subl $2,%edx
  15  000034  83ee02            	subl $2,%esi
  16  000037  4183ec02          	subl $2,%r12d
  17  00003b  83e814            	subl $20,%eax
  18  00003e  2d18000098        	subl $2550136856,%eax
  19  000043  81eb18000098      	subl $2550136856,%ebx
  20  000049  81e918000098      	subl $2550136856,%ecx
  21  00004f  81e9a7010098      	subl $2550137255,%ecx
  22  000055  4183ec03          	subl $3,%r12d
  23  000059  83e820            	subl $32,%eax
  24  00005c  83ef20            	subl $32,%edi
  25  00005f  83e822            	subl $34,%eax
  26  000062  83ea22            	subl $34,%edx
  27  000065  4183ec22          	subl $34,%r12d
  28  000069  83e830            	subl $48,%eax
  29  00006c  83e930            	subl $48,%ecx
  30  00006f  83ef30            	subl $48,%edi
  31  000072  83ea30            	subl $48,%edx
  32  000075  4183ec30          	subl $48,%r12d
  33  000079  4183ee30          	subl $48,%r14d
  34  00007d  83e837            	subl $55,%eax
  35  000080  83e937            	subl $55,%ecx
  36  000083  83ea37            	subl $55,%edx
  37  000086  83e941            	subl $65,%ecx
  38  000089  83ef41            	subl $65,%edi
  39  00008c  83ea41            	subl $65,%edx
  40  00008f  83e807            	subl $7,%eax
  41  000092  83e857            	subl $87,%eax
  42  000095  83e957            	subl $87,%ecx
  43  000098  83ea57            	subl $87,%edx
  44  00009b  83e961            	subl $97,%ecx
  45  00009e  83ef61            	subl $97,%edi
  46  0000a1  83ea61            	subl $97,%edx
  47  0000a4  29c3              	subl %eax,%ebx
  48  0000a6  29c1              	subl %eax,%ecx
  49  0000a8  4129c4            	subl %eax,%r12d
  50  0000ab  4129c5            	subl %eax,%r13d
  51  0000ae  4129dc            	subl %ebx,%r12d
  52  0000b1  4129dd            	subl %ebx,%r13d
  53  0000b4  41295c2404        	subl %ebx,4(%r12)
  54  0000b9  29c8              	subl %ecx,%eax
  55  0000bb  29cb              	subl %ecx,%ebx
  56  0000bd  29cf              	subl %ecx,%edi
  57  0000bf  29ca              	subl %ecx,%edx
  58  0000c1  4129cc            	subl %ecx,%r12d
  59  0000c4  294de8            	subl %ecx,-24(%rbp)
  60  0000c7  29fa              	subl %edi,%edx
  61  0000c9  29d1              	subl %edx,%ecx
  62  0000cb  29f0              	subl %esi,%eax
  63  0000cd  29f3              	subl %esi,%ebx
  64  0000cf  29f2              	subl %esi,%edx
  65  0000d1  4129f4            	subl %esi,%r12d
  66  0000d4  4429e0            	subl %r12d,%eax
  67  0000d7  4429e7            	subl %r12d,%edi
  68  0000da  4529e5            	subl %r12d,%r13d
  69  0000dd  4529ec            	subl %r13d,%r12d
  70  0000e0  4429f3            	subl %r14d,%ebx
  71  0000e3  4529cb            	subl %r9d,%r11d
  72  0000e6  2b45e0            	subl -32(%rbp),%eax
  73  0000e9  2b5de0            	subl -32(%rbp),%ebx
  74  0000ec  442b65e0          	subl -32(%rbp),%r12d
  75  0000f0  2b55f8            	subl -8(%rbp),%edx
  76  0000f3  412b4718          	subl 24(%r15),%eax
  77  0000f7  4883ec68          	subq $104,%rsp
  78  0000fb  4881ec28040000    	subq $1064,%rsp
  79  000102  4881ec80000000    	subq $128,%rsp
  80  000109  4881ec90000000    	subq $144,%rsp
  81  000110  4883ec10          	subq $16,%rsp
  82  000114  4881eca0000000    	subq $160,%rsp
  83  00011b  4881ecb0000000    	subq $176,%rsp
  84  000122  4883e802          	subq $2,%rax
  85  000126  4883ef02          	subq $2,%rdi
  86  00012a  48836b2002        	subq $2,32(%rbx)
  87  00012f  4881ecc8000000    	subq $200,%rsp
  88  000136  4881ece0000000    	subq $224,%rsp
  89  00013d  4881ece8000000    	subq $232,%rsp
  90  000144  4983ed18          	subq $24,%r13
  91  000148  4883e818          	subq $24,%rax
  92  00014c  4883ec18          	subq $24,%rsp
  93  000150  49832f18          	subq $24,(%r15)
  94  000154  49836f1018        	subq $24,16(%r15)
  95  000159  4881ec00010000    	subq $256,%rsp
  96  000160  4881ec18010000    	subq $280,%rsp
  97  000167  4881ec30010000    	subq $304,%rsp
  98  00016e  4883ec20          	subq $32,%rsp
  99  000172  4883ec28          	subq $40,%rsp
 100  000176  4881ec00100000    	subq $4096,%rsp
 101  00017d  4881ec08100000    	subq $4104,%rsp
 102  000184  4883e830          	subq $48,%rax
 103  000188  4883ec30          	subq $48,%rsp
 104  00018c  4881ec00020000    	subq $512,%rsp
 105  000193  4881ec08020000    	subq $520,%rsp
 106  00019a  4883ec38          	subq $56,%rsp
 107  00019e  4881ec50020000    	subq $592,%rsp
 108  0001a5  4883ec40          	subq $64,%rsp
 109  0001a9  4883ec48          	subq $72,%rsp
 110  0001ad  4883e808          	subq $8,%rax
 111  0001b1  4883ea08          	subq $8,%rdx
 112  0001b5  4883ec08          	subq $8,%rsp
 113  0001b9  4883ec50          	subq $80,%rsp
 114  0001bd  4c29e0            	subq %r12,%rax
 115  0001c0  4d29ec            	subq %r13,%r12
 116  0001c3  4c29e8            	subq %r13,%rax
 117  0001c6  4c29eb            	subq %r13,%rbx
 118  0001c9  4c29ea            	subq %r13,%rdx
 119  0001cc  4d296f20          	subq %r13,32(%r15)
 120  0001d0  4d29fc            	subq %r15,%r12
 121  0001d3  4d29fd            	subq %r15,%r13
 122  0001d6  4c29fb            	subq %r15,%rbx
 123  0001d9  4c29fa            	subq %r15,%rdx
 124  0001dc  4c29fe            	subq %r15,%rsi
 125  0001df  4c29c0            	subq %r8,%rax
 126  0001e2  4c29c7            	subq %r8,%rdi
 127  0001e5  4929c4            	subq %rax,%r12
 128  0001e8  4829c3            	subq %rax,%rbx
 129  0001eb  49294500          	subq %rax,(%r13)
 130  0001ef  492907            	subq %rax,(%r15)
 131  0001f2  4829d8            	subq %rbx,%rax
 132  0001f5  49295d00          	subq %rbx,(%r13)
 133  0001f9  4929cc            	subq %rcx,%r12
 134  0001fc  4929cd            	subq %rcx,%r13
 135  0001ff  4829c8            	subq %rcx,%rax
 136  000202  4929fd            	subq %rdi,%r13
 137  000205  4829f8            	subq %rdi,%rax
 138  000208  4829fa            	subq %rdi,%rdx
 139  00020b  4829fe            	subq %rdi,%rsi
 140  00020e  4929d4            	subq %rdx,%r12
 141  000211  4829d0            	subq %rdx,%rax
 142  000214  4829d1            	subq %rdx,%rcx
 143  000217  4829f0            	subq %rsi,%rax
 144  00021a  4829f1            	subq %rsi,%rcx
 145  00021d  492b4500          	subq (%r13),%rax
 146  000221  482b45f0          	subq -16(%rbp),%rax
 147  000225  482b45e8          	subq -24(%rbp),%rax
 148  000229  482b5de0          	subq -32(%rbp),%rbx
 149  00022d  482b85b8fdffff    	subq -584(%rbp),%rax
 150  000234  482b9db0fdffff    	subq -592(%rbp),%rbx
 151  00023b  482b8db0fdffff    	subq -592(%rbp),%rcx
 152  000242  4d2b6e10          	subq 16(%r14),%r13
 153  000246  492b4610          	subq 16(%r14),%rax
 154  00024a  482b4f10          	subq 16(%rdi),%rcx
 155  00024e  492b442408        	subq 8(%r12),%rax
 156  000253  492b4508          	subq 8(%r13),%rax
 157  000257  492b4608          	subq 8(%r14),%rax
 158  00025b  492b4708          	subq 8(%r15),%rax
 159  00025f  482b5808          	subq 8(%rax),%rbx
 160  000263  482b4308          	subq 8(%rbx),%rax
 161  000267  482b4108          	subq 8(%rcx),%rax
 162  00026b  6683e902          	subw $2,%cx
 163  00026f  6629fe            	subw %di,%si
 164  000272  662b08            	subw (%rax),%cx
 165  000275                    
 166  000275  f3440f5cc1                subss %xmm1, %xmm8
 167  00027a  f30f5ce8                  subss %xmm0, %xmm5
 168  00027e  f2440f5cf9                subsd %xmm1, %xmm15
 169  000283  f20f5c540d10              subsd 16(%rbp, %rcx), %xmm2
 170  000289                    
 171  000289                    
